TN:
SF:src\index.js
FNF:0
FNH:0
DA:8,0
DA:9,0
LF:2
LH:0
BRF:0
BRH:0
end_of_record
TN:
SF:src\components\Auth\LoginForm.jsx
FN:6,(anonymous_0)
FN:20,(anonymous_1)
FN:39,(anonymous_2)
FN:41,(anonymous_3)
FN:48,(anonymous_4)
FN:55,(anonymous_5)
FN:80,(anonymous_6)
FN:102,(anonymous_7)
FN:105,(anonymous_8)
FNF:9
FNH:8
FNDA:30,(anonymous_0)
FNDA:5,(anonymous_1)
FNDA:12,(anonymous_2)
FNDA:12,(anonymous_3)
FNDA:0,(anonymous_4)
FNDA:5,(anonymous_5)
FNDA:2,(anonymous_6)
FNDA:9,(anonymous_7)
FNDA:1,(anonymous_8)
DA:6,1
DA:7,30
DA:8,30
DA:10,30
DA:16,30
DA:17,30
DA:18,30
DA:20,30
DA:21,5
DA:23,5
DA:24,2
DA:25,3
DA:26,0
DA:29,5
DA:30,1
DA:31,4
DA:32,1
DA:35,5
DA:36,5
DA:39,30
DA:40,12
DA:41,12
DA:47,12
DA:48,0
DA:55,30
DA:56,5
DA:58,5
DA:59,2
DA:62,3
DA:63,3
DA:65,3
DA:66,3
DA:68,3
DA:69,2
DA:72,2
DA:73,0
DA:75,2
DA:79,2
DA:80,2
DA:81,2
DA:82,1
DA:83,1
DA:84,1
DA:87,2
DA:88,1
DA:92,1
DA:95,0
DA:97,3
DA:102,30
DA:103,9
DA:104,9
DA:105,1
DA:113,30
LF:53
LH:49
BRDA:23,0,0,2
BRDA:23,0,1,3
BRDA:25,1,0,0
BRDA:25,1,1,3
BRDA:29,2,0,1
BRDA:29,2,1,4
BRDA:31,3,0,1
BRDA:31,3,1,3
BRDA:43,4,0,1
BRDA:43,4,1,11
BRDA:47,5,0,0
BRDA:47,5,1,12
BRDA:58,6,0,2
BRDA:58,6,1,3
BRDA:68,7,0,2
BRDA:68,7,1,1
BRDA:72,8,0,0
BRDA:72,8,1,2
BRDA:81,9,0,1
BRDA:81,9,1,1
BRDA:83,10,0,1
BRDA:83,10,1,0
BRDA:87,11,0,1
BRDA:87,11,1,1
BRDA:92,12,0,1
BRDA:92,12,1,0
BRDA:104,13,0,1
BRDA:104,13,1,8
BRDA:123,14,0,30
BRDA:123,14,1,3
BRDA:140,15,0,2
BRDA:140,15,1,28
BRDA:147,16,0,30
BRDA:147,16,1,2
BRDA:162,17,0,2
BRDA:162,17,1,28
BRDA:169,18,0,30
BRDA:169,18,1,2
BRDA:195,19,0,3
BRDA:195,19,1,27
BRDA:198,20,0,3
BRDA:198,20,1,27
BRF:42
BRH:37
end_of_record
TN:
SF:src\components\Auth\LogoutButton.jsx
FN:6,(anonymous_0)
FN:12,(anonymous_1)
FN:20,(anonymous_2)
FN:24,(anonymous_3)
FN:30,(anonymous_4)
FN:35,(anonymous_5)
FN:63,(anonymous_6)
FNF:7
FNH:7
FNDA:14,(anonymous_0)
FNDA:5,(anonymous_1)
FNDA:2,(anonymous_2)
FNDA:2,(anonymous_3)
FNDA:1,(anonymous_4)
FNDA:2,(anonymous_5)
FNDA:2,(anonymous_6)
DA:6,1
DA:7,14
DA:8,14
DA:9,14
DA:10,14
DA:12,14
DA:13,5
DA:14,4
DA:16,1
DA:20,14
DA:21,2
DA:24,2
DA:25,2
DA:26,2
DA:30,14
DA:31,1
DA:32,1
DA:35,14
DA:36,2
DA:39,14
DA:63,2
LF:21
LH:21
BRDA:6,0,0,1
BRDA:13,1,0,4
BRDA:13,1,1,1
BRDA:43,2,0,2
BRDA:43,2,1,12
BRDA:47,3,0,2
BRDA:47,3,1,12
BRDA:61,4,0,14
BRDA:61,4,1,4
BRF:9
BRH:9
end_of_record
TN:
SF:src\components\Auth\ProtectedRoute.jsx
FN:6,(anonymous_0)
FNF:1
FNH:1
FNDA:6,(anonymous_0)
DA:6,1
DA:7,6
DA:9,6
DA:10,1
DA:13,5
DA:14,1
DA:17,4
DA:19,2
DA:20,1
DA:21,1
DA:22,1
DA:24,0
DA:27,2
LF:13
LH:12
BRDA:6,0,0,3
BRDA:9,1,0,1
BRDA:9,1,1,5
BRDA:13,2,0,1
BRDA:13,2,1,4
BRDA:17,3,0,2
BRDA:17,3,1,2
BRDA:17,4,0,4
BRDA:17,4,1,3
BRDA:19,5,0,1
BRDA:19,5,1,1
BRDA:21,6,0,1
BRDA:21,6,1,0
BRF:13
BRH:12
end_of_record
TN:
SF:src\components\Common\Button.jsx
FN:4,(anonymous_0)
FNF:1
FNH:1
FNDA:28,(anonymous_0)
DA:4,7
DA:14,28
LF:2
LH:2
BRDA:7,0,0,26
BRDA:8,1,0,11
BRDA:9,2,0,27
BRDA:10,3,0,26
BRDA:11,4,0,27
BRDA:16,5,0,2
BRDA:16,5,1,26
BRDA:18,6,0,28
BRDA:18,6,1,27
BRDA:21,7,0,28
BRDA:21,7,1,2
BRF:11
BRH:11
end_of_record
TN:
SF:src\components\Common\Input.jsx
FN:4,(anonymous_0)
FNF:1
FNH:1
FNDA:83,(anonymous_0)
DA:4,4
DA:17,83
DA:19,83
LF:3
LH:3
BRDA:5,0,0,77
BRDA:11,1,0,40
BRDA:12,2,0,82
BRDA:13,3,0,82
BRDA:21,4,0,83
BRDA:21,4,1,4
BRDA:23,5,0,4
BRDA:23,5,1,1
BRDA:26,6,0,2
BRDA:26,6,1,81
BRDA:33,7,0,0
BRDA:33,7,1,2
BRDA:36,8,0,1
BRDA:36,8,1,80
BRDA:42,9,0,0
BRDA:42,9,1,1
BRDA:55,10,0,1
BRDA:55,10,1,79
BRDA:59,11,0,83
BRDA:59,11,1,1
BRF:20
BRH:18
end_of_record
TN:
SF:src\components\Common\LoadingSpinner.jsx
FN:4,(anonymous_0)
FNF:1
FNH:1
FNDA:45,(anonymous_0)
DA:4,3
DA:5,45
LF:2
LH:2
BRDA:4,0,0,43
BRF:1
BRH:1
end_of_record
TN:
SF:src\components\Common\Modal.jsx
FN:5,(anonymous_0)
FN:20,(anonymous_1)
FN:37,(anonymous_2)
FN:54,(anonymous_3)
FN:65,(anonymous_4)
FN:82,(anonymous_5)
FN:98,(anonymous_6)
FNF:7
FNH:7
FNDA:64,(anonymous_0)
FNDA:19,(anonymous_1)
FNDA:19,(anonymous_2)
FNDA:3,(anonymous_3)
FNDA:19,(anonymous_4)
FNDA:19,(anonymous_5)
FNDA:5,(anonymous_6)
DA:5,3
DA:17,64
DA:20,19
DA:21,19
DA:23,16
DA:25,2
DA:27,2
DA:29,3
DA:32,9
DA:37,19
DA:38,19
DA:40,16
DA:42,2
DA:44,2
DA:46,3
DA:49,9
DA:54,19
DA:55,3
DA:56,1
DA:57,1
DA:65,19
DA:66,19
DA:68,16
DA:70,2
DA:72,2
DA:74,3
DA:77,9
DA:82,19
DA:83,19
DA:85,2
DA:87,2
DA:89,3
DA:92,12
DA:96,19
DA:98,5
LF:35
LH:35
BRDA:11,0,0,18
BRDA:13,1,0,63
BRDA:14,2,0,53
BRDA:17,3,0,45
BRDA:17,3,1,19
BRDA:21,4,0,3
BRDA:21,4,1,16
BRDA:23,5,0,2
BRDA:23,5,1,2
BRDA:23,5,2,3
BRDA:23,5,3,9
BRDA:23,5,4,9
BRDA:38,6,0,3
BRDA:38,6,1,16
BRDA:40,7,0,2
BRDA:40,7,1,2
BRDA:40,7,2,3
BRDA:40,7,3,9
BRDA:40,7,4,9
BRDA:55,8,0,2
BRDA:55,8,1,1
BRDA:66,9,0,3
BRDA:66,9,1,16
BRDA:68,10,0,2
BRDA:68,10,1,2
BRDA:68,10,2,3
BRDA:68,10,3,9
BRDA:68,10,4,9
BRDA:83,11,0,2
BRDA:83,11,1,2
BRDA:83,11,2,3
BRDA:83,11,3,12
BRDA:83,11,4,12
BRF:33
BRH:33
end_of_record
TN:
SF:src\components\Common\NavigationBar.jsx
FN:8,NavigationBar
FN:18,(anonymous_1)
FN:46,(anonymous_2)
FN:56,(anonymous_3)
FNF:4
FNH:4
FNDA:18,NavigationBar
FNDA:18,(anonymous_1)
FNDA:3,(anonymous_2)
FNDA:1,(anonymous_3)
DA:9,18
DA:10,18
DA:11,18
DA:14,18
DA:15,18
DA:18,18
DA:19,18
DA:22,18
DA:23,1
DA:24,17
DA:25,2
DA:26,15
DA:27,1
DA:28,14
DA:29,1
DA:30,13
DA:31,6
DA:35,7
DA:36,1
DA:37,6
DA:38,2
DA:39,4
DA:40,1
DA:43,3
DA:46,18
DA:47,3
DA:48,1
DA:49,2
DA:50,1
DA:52,1
DA:56,18
DA:57,1
DA:58,1
DA:59,1
DA:62,18
LF:35
LH:35
BRDA:22,0,0,1
BRDA:22,0,1,17
BRDA:22,1,0,18
BRDA:22,1,1,7
BRDA:24,2,0,2
BRDA:24,2,1,15
BRDA:24,3,0,17
BRDA:24,3,1,6
BRDA:26,4,0,1
BRDA:26,4,1,14
BRDA:26,5,0,15
BRDA:26,5,1,4
BRDA:28,6,0,1
BRDA:28,6,1,13
BRDA:30,7,0,6
BRDA:30,7,1,7
BRDA:35,8,0,1
BRDA:35,8,1,6
BRDA:37,9,0,2
BRDA:37,9,1,4
BRDA:37,10,0,6
BRDA:37,10,1,2
BRDA:39,11,0,1
BRDA:39,11,1,3
BRDA:43,12,0,1
BRDA:43,12,1,2
BRDA:47,13,0,1
BRDA:47,13,1,2
BRDA:49,14,0,1
BRDA:49,14,1,1
BRDA:78,15,0,18
BRDA:78,15,1,18
BRF:32
BRH:32
end_of_record
TN:
SF:src\components\Common\ProtectedRoute.jsx
FN:5,(anonymous_0)
FNF:1
FNH:0
FNDA:0,(anonymous_0)
DA:5,0
DA:6,0
DA:7,0
DA:10,0
DA:11,0
DA:24,0
DA:25,0
DA:29,0
DA:31,0
DA:35,0
LF:10
LH:0
BRDA:5,0,0,0
BRDA:10,1,0,0
BRDA:10,1,1,0
BRDA:24,2,0,0
BRDA:24,2,1,0
BRDA:29,3,0,0
BRDA:29,3,1,0
BRDA:29,4,0,0
BRDA:29,4,1,0
BRF:9
BRH:0
end_of_record
TN:
SF:src\components\FormBuilder\FieldsSidebar.jsx
FN:10,(anonymous_0)
FN:34,(anonymous_1)
FN:48,(anonymous_2)
FN:54,(anonymous_3)
FN:62,(anonymous_4)
FN:67,(anonymous_5)
FN:67,(anonymous_6)
FNF:7
FNH:7
FNDA:18,(anonymous_0)
FNDA:7,(anonymous_1)
FNDA:1,(anonymous_2)
FNDA:3,(anonymous_3)
FNDA:102,(anonymous_4)
FNDA:1,(anonymous_5)
FNDA:7,(anonymous_6)
DA:10,2
DA:11,18
DA:14,18
DA:24,18
DA:32,18
DA:34,18
DA:35,7
DA:36,7
DA:37,7
DA:38,6
DA:42,18
DA:48,1
DA:54,3
DA:63,102
DA:67,7
LF:15
LH:15
BRDA:10,0,0,13
BRDA:32,1,0,15
BRDA:32,1,1,3
BRDA:37,2,0,6
BRDA:37,2,1,1
BRDA:43,3,0,2
BRDA:43,3,1,16
BRDA:47,4,0,15
BRDA:47,4,1,3
BRDA:53,5,0,3
BRDA:53,5,1,15
BRDA:67,6,0,12
BRDA:67,6,1,90
BRF:13
BRH:13
end_of_record
TN:
SF:src\components\FormBuilder\FormBuilderCanvas.jsx
FN:8,(anonymous_0)
FN:19,(anonymous_1)
FN:25,(anonymous_2)
FN:29,(anonymous_3)
FN:68,(anonymous_4)
FN:74,(anonymous_5)
FN:76,(anonymous_6)
FN:77,(anonymous_7)
FN:87,(anonymous_8)
FN:95,(anonymous_9)
FN:112,(anonymous_10)
FN:128,(anonymous_11)
FN:132,(anonymous_12)
FN:145,(anonymous_13)
FN:171,(anonymous_14)
FN:188,(anonymous_15)
FN:194,(anonymous_16)
FN:230,(anonymous_17)
FN:236,(anonymous_18)
FN:237,(anonymous_19)
FN:238,(anonymous_20)
FNF:21
FNH:11
FNDA:32,(anonymous_0)
FNDA:2,(anonymous_1)
FNDA:0,(anonymous_2)
FNDA:8,(anonymous_3)
FNDA:4,(anonymous_4)
FNDA:1,(anonymous_5)
FNDA:2,(anonymous_6)
FNDA:1,(anonymous_7)
FNDA:0,(anonymous_8)
FNDA:0,(anonymous_9)
FNDA:3,(anonymous_10)
FNDA:0,(anonymous_11)
FNDA:0,(anonymous_12)
FNDA:0,(anonymous_13)
FNDA:0,(anonymous_14)
FNDA:0,(anonymous_15)
FNDA:0,(anonymous_16)
FNDA:15,(anonymous_17)
FNDA:4,(anonymous_18)
FNDA:1,(anonymous_19)
FNDA:0,(anonymous_20)
DA:8,2
DA:15,32
DA:16,32
DA:17,32
DA:19,32
DA:20,2
DA:21,2
DA:22,1
DA:25,32
DA:26,0
DA:29,32
DA:30,8
DA:31,8
DA:33,8
DA:34,8
DA:36,6
DA:57,6
DA:58,6
DA:63,2
DA:64,2
DA:68,32
DA:69,4
DA:70,4
DA:71,4
DA:74,32
DA:75,1
DA:76,2
DA:77,1
DA:78,1
DA:80,1
DA:82,1
DA:87,32
DA:88,0
DA:89,0
DA:91,0
DA:92,0
DA:95,0
DA:96,0
DA:98,0
DA:100,0
DA:106,0
DA:112,32
DA:113,3
DA:119,3
DA:120,3
DA:122,3
DA:128,32
DA:129,0
DA:132,32
DA:133,0
DA:134,0
DA:136,0
DA:139,0
DA:140,0
DA:141,0
DA:145,32
DA:146,0
DA:147,0
DA:150,0
DA:151,0
DA:152,0
DA:155,0
DA:156,0
DA:157,0
DA:158,0
DA:161,0
DA:162,0
DA:165,0
DA:168,0
DA:171,0
DA:172,0
DA:176,0
DA:179,0
DA:180,0
DA:182,0
DA:188,32
DA:190,0
DA:191,0
DA:194,0
DA:195,0
DA:199,32
DA:231,15
DA:236,4
DA:237,1
DA:238,0
LF:85
LH:44
BRDA:13,0,0,28
BRDA:42,1,0,1
BRDA:42,1,1,5
BRDA:44,2,0,1
BRDA:44,2,1,5
BRDA:50,3,0,1
BRDA:50,3,1,5
BRDA:89,4,0,0
BRDA:89,4,1,0
BRDA:91,5,0,0
BRDA:91,5,1,0
BRDA:91,6,0,0
BRDA:91,6,1,0
BRDA:101,7,0,0
BRDA:101,7,1,0
BRDA:134,8,0,0
BRDA:134,8,1,0
BRDA:140,9,0,0
BRDA:140,9,1,0
BRDA:151,10,0,0
BRDA:151,10,1,0
BRDA:155,11,0,0
BRDA:155,11,1,0
BRDA:155,12,0,0
BRDA:155,12,1,0
BRDA:200,13,0,1
BRDA:200,13,1,31
BRDA:206,14,0,32
BRDA:206,14,1,1
BRDA:207,15,0,32
BRDA:207,15,1,1
BRDA:216,16,0,1
BRDA:216,16,1,31
BRDA:216,17,0,19
BRDA:216,17,1,13
BRDA:221,18,0,19
BRDA:221,18,1,13
BRF:37
BRH:19
end_of_record
TN:
SF:src\components\FormBuilder\FormConfig.jsx
FN:4,(anonymous_0)
FN:17,(anonymous_1)
FN:26,(anonymous_2)
FN:35,(anonymous_3)
FN:46,(anonymous_4)
FN:69,(anonymous_5)
FN:85,(anonymous_6)
FN:104,(anonymous_7)
FNF:8
FNH:8
FNDA:68,(anonymous_0)
FNDA:6,(anonymous_1)
FNDA:3,(anonymous_2)
FNDA:24,(anonymous_3)
FNDA:2,(anonymous_4)
FNDA:14,(anonymous_5)
FNDA:10,(anonymous_6)
FNDA:2,(anonymous_7)
DA:4,2
DA:15,68
DA:17,68
DA:18,6
DA:19,6
DA:20,5
DA:22,1
DA:26,68
DA:27,3
DA:28,0
DA:29,0
DA:31,3
DA:32,3
DA:35,68
DA:36,24
DA:39,24
DA:40,0
DA:41,24
DA:42,14
DA:46,68
DA:47,2
DA:48,2
DA:53,68
DA:69,14
DA:85,10
DA:104,2
LF:26
LH:23
BRDA:13,0,0,67
BRDA:15,1,0,68
BRDA:15,1,1,33
BRDA:27,2,0,0
BRDA:27,2,1,3
BRDA:39,3,0,0
BRDA:39,3,1,24
BRDA:39,4,0,24
BRDA:39,4,1,14
BRDA:41,5,0,14
BRDA:41,5,1,10
BRDA:41,6,0,24
BRDA:41,6,1,14
BRDA:48,7,0,1
BRDA:48,7,1,1
BRDA:49,8,0,1
BRDA:49,8,1,1
BRDA:67,9,0,1
BRDA:67,9,1,67
BRDA:74,10,0,68
BRDA:74,10,1,1
BRDA:83,11,0,2
BRDA:83,11,1,66
BRDA:91,12,0,68
BRDA:91,12,1,2
BRDA:103,13,0,68
BRDA:103,13,1,67
BRDA:123,14,0,68
BRDA:123,14,1,62
BRDA:125,15,0,6
BRDA:125,15,1,62
BRDA:130,16,0,68
BRDA:130,16,1,62
BRF:33
BRH:31
end_of_record
TN:
SF:src\components\FormBuilder\FormConfigActions.jsx
FN:5,(anonymous_0)
FNF:1
FNH:1
FNDA:7,(anonymous_0)
DA:5,1
DA:11,7
LF:2
LH:2
BRDA:16,0,0,7
BRDA:16,0,1,6
BRDA:23,1,0,7
BRDA:23,1,1,6
BRF:4
BRH:4
end_of_record
TN:
SF:src\components\FormBuilder\FormEditor.jsx
FN:11,(anonymous_0)
FN:16,(anonymous_1)
FN:41,(anonymous_2)
FN:47,(anonymous_3)
FN:67,(anonymous_4)
FN:92,(anonymous_5)
FN:101,(anonymous_6)
FN:108,(anonymous_7)
FN:115,(anonymous_8)
FN:144,(anonymous_9)
FN:166,(anonymous_10)
FN:189,(anonymous_11)
FN:215,(anonymous_12)
FN:225,(anonymous_13)
FN:229,(anonymous_14)
FN:251,(anonymous_15)
FN:266,(anonymous_16)
FN:270,(anonymous_17)
FN:299,(anonymous_18)
FN:301,(anonymous_19)
FN:321,(anonymous_20)
FN:327,(anonymous_21)
FNF:22
FNH:9
FNDA:53,(anonymous_0)
FNDA:22,(anonymous_1)
FNDA:22,(anonymous_2)
FNDA:0,(anonymous_3)
FNDA:6,(anonymous_4)
FNDA:21,(anonymous_5)
FNDA:19,(anonymous_6)
FNDA:0,(anonymous_7)
FNDA:4,(anonymous_8)
FNDA:0,(anonymous_9)
FNDA:2,(anonymous_10)
FNDA:0,(anonymous_11)
FNDA:0,(anonymous_12)
FNDA:0,(anonymous_13)
FNDA:0,(anonymous_14)
FNDA:0,(anonymous_15)
FNDA:0,(anonymous_16)
FNDA:0,(anonymous_17)
FNDA:0,(anonymous_18)
FNDA:0,(anonymous_19)
FNDA:0,(anonymous_20)
FNDA:1,(anonymous_21)
DA:11,1
DA:12,53
DA:13,53
DA:16,53
DA:17,22
DA:18,2
DA:22,53
DA:24,53
DA:25,53
DA:26,53
DA:27,53
DA:29,53
DA:34,53
DA:35,53
DA:38,53
DA:39,53
DA:41,53
DA:42,22
DA:43,0
DA:47,53
DA:48,0
DA:49,0
DA:50,0
DA:51,0
DA:52,0
DA:56,0
DA:57,0
DA:60,0
DA:61,0
DA:63,0
DA:67,53
DA:68,6
DA:71,6
DA:72,0
DA:73,6
DA:74,0
DA:75,6
DA:76,0
DA:80,6
DA:81,0
DA:82,6
DA:83,1
DA:84,5
DA:85,0
DA:88,6
DA:89,6
DA:92,53
DA:94,21
DA:95,1
DA:97,20
DA:98,1
DA:101,19
DA:107,19
DA:108,0
DA:115,53
DA:116,4
DA:118,4
DA:119,4
DA:120,4
DA:122,4
DA:124,4
DA:125,3
DA:126,3
DA:129,0
DA:133,3
DA:134,3
DA:144,3
DA:145,3
DA:146,0
DA:148,3
DA:151,3
DA:154,3
DA:155,0
DA:158,3
DA:160,1
DA:162,4
DA:166,53
DA:167,2
DA:169,1
DA:170,1
DA:172,1
DA:174,1
DA:175,1
DA:178,0
DA:181,1
DA:183,0
DA:185,1
DA:189,53
DA:190,0
DA:191,0
DA:192,0
DA:195,0
DA:196,0
DA:197,0
DA:200,0
DA:201,0
DA:204,0
DA:205,0
DA:215,0
DA:216,0
DA:217,0
DA:219,0
DA:222,0
DA:225,0
DA:229,0
DA:241,0
DA:242,0
DA:243,0
DA:245,0
DA:247,0
DA:251,53
DA:252,0
DA:253,0
DA:254,0
DA:257,0
DA:258,0
DA:259,0
DA:262,0
DA:263,0
DA:266,0
DA:270,0
DA:282,0
DA:285,0
DA:288,0
DA:290,0
DA:292,0
DA:294,0
DA:299,53
DA:300,0
DA:301,0
DA:302,0
DA:303,0
DA:306,0
DA:309,53
DA:310,0
DA:313,53
DA:321,0
DA:327,1
LF:138
LH:71
BRDA:17,0,0,2
BRDA:17,0,1,20
BRDA:17,1,0,22
BRDA:17,1,1,21
BRDA:22,2,0,53
BRDA:22,2,1,0
BRDA:42,3,0,0
BRDA:42,3,1,22
BRDA:51,4,0,0
BRDA:51,4,1,0
BRDA:53,5,0,0
BRDA:53,5,1,0
BRDA:54,6,0,0
BRDA:54,6,1,0
BRDA:56,7,0,0
BRDA:56,7,1,0
BRDA:71,8,0,0
BRDA:71,8,1,6
BRDA:73,9,0,0
BRDA:73,9,1,6
BRDA:75,10,0,0
BRDA:75,10,1,6
BRDA:80,11,0,0
BRDA:80,11,1,6
BRDA:82,12,0,1
BRDA:82,12,1,5
BRDA:84,13,0,0
BRDA:84,13,1,5
BRDA:94,14,0,1
BRDA:94,14,1,20
BRDA:94,15,0,21
BRDA:94,15,1,12
BRDA:97,16,0,1
BRDA:97,16,1,19
BRDA:97,17,0,20
BRDA:97,17,1,9
BRDA:107,18,0,0
BRDA:107,18,1,19
BRDA:116,19,0,0
BRDA:116,19,1,4
BRDA:122,20,0,4
BRDA:122,20,1,0
BRDA:133,21,0,3
BRDA:133,21,1,3
BRDA:145,22,0,0
BRDA:145,22,1,3
BRDA:154,23,0,0
BRDA:154,23,1,3
BRDA:154,24,0,3
BRDA:154,24,1,0
BRDA:167,25,0,1
BRDA:167,25,1,1
BRDA:172,26,0,1
BRDA:172,26,1,0
BRDA:190,27,0,0
BRDA:190,27,1,0
BRDA:195,28,0,0
BRDA:195,28,1,0
BRDA:204,29,0,0
BRDA:204,29,1,0
BRDA:216,30,0,0
BRDA:216,30,1,0
BRDA:226,31,0,0
BRDA:226,31,1,0
BRDA:226,31,2,0
BRDA:227,32,0,0
BRDA:227,32,1,0
BRDA:227,32,2,0
BRDA:229,33,0,0
BRDA:229,33,1,0
BRDA:229,34,0,0
BRDA:229,34,1,0
BRDA:230,35,0,0
BRDA:230,35,1,0
BRDA:231,36,0,0
BRDA:231,36,1,0
BRDA:232,37,0,0
BRDA:232,37,1,0
BRDA:234,38,0,0
BRDA:234,38,1,0
BRDA:234,38,2,0
BRDA:235,39,0,0
BRDA:235,39,1,0
BRDA:236,40,0,0
BRDA:236,40,1,0
BRDA:237,41,0,0
BRDA:237,41,1,0
BRDA:238,42,0,0
BRDA:238,42,1,0
BRDA:252,43,0,0
BRDA:252,43,1,0
BRDA:257,44,0,0
BRDA:257,44,1,0
BRDA:257,45,0,0
BRDA:257,45,1,0
BRDA:267,46,0,0
BRDA:267,46,1,0
BRDA:267,46,2,0
BRDA:268,47,0,0
BRDA:268,47,1,0
BRDA:268,47,2,0
BRDA:270,48,0,0
BRDA:270,48,1,0
BRDA:270,49,0,0
BRDA:270,49,1,0
BRDA:271,50,0,0
BRDA:271,50,1,0
BRDA:272,51,0,0
BRDA:272,51,1,0
BRDA:273,52,0,0
BRDA:273,52,1,0
BRDA:275,53,0,0
BRDA:275,53,1,0
BRDA:275,53,2,0
BRDA:276,54,0,0
BRDA:276,54,1,0
BRDA:277,55,0,0
BRDA:277,55,1,0
BRDA:278,56,0,0
BRDA:278,56,1,0
BRDA:279,57,0,0
BRDA:279,57,1,0
BRDA:292,58,0,0
BRDA:292,58,1,0
BRDA:302,59,0,0
BRDA:302,59,1,0
BRDA:309,60,0,0
BRDA:309,60,1,53
BRDA:320,61,0,50
BRDA:320,61,1,3
BRDA:326,62,0,3
BRDA:326,62,1,50
BRDA:326,63,0,23
BRDA:326,63,1,30
BRDA:326,64,0,53
BRDA:326,64,1,49
BRDA:327,65,0,1
BRDA:327,65,1,0
BRDA:327,66,0,1
BRDA:327,66,1,1
BRDA:328,67,0,53
BRDA:328,67,1,49
BRDA:337,68,0,50
BRDA:337,68,1,3
BRF:144
BRH:48
end_of_record
TN:
SF:src\components\FormBuilder\FormLayout.jsx
FN:7,(anonymous_0)
FN:18,(anonymous_1)
FN:22,(anonymous_2)
FN:26,(anonymous_3)
FN:89,(anonymous_4)
FNF:5
FNH:1
FNDA:3,(anonymous_0)
FNDA:0,(anonymous_1)
FNDA:0,(anonymous_2)
FNDA:0,(anonymous_3)
FNDA:0,(anonymous_4)
DA:7,1
DA:15,3
DA:16,3
DA:18,3
DA:19,0
DA:22,3
DA:23,0
DA:26,3
DA:27,0
DA:28,0
DA:31,3
DA:89,0
LF:12
LH:7
BRDA:34,0,0,0
BRDA:34,0,1,3
BRDA:58,1,0,3
BRDA:58,1,1,3
BRDA:71,2,0,3
BRDA:71,2,1,2
BRDA:73,3,0,1
BRDA:73,3,1,2
BRDA:78,4,0,3
BRDA:78,4,1,2
BRDA:80,5,0,1
BRDA:80,5,1,2
BRF:12
BRH:11
end_of_record
TN:
SF:src\components\FormBuilder\FormList.jsx
FN:13,(anonymous_0)
FN:35,(anonymous_1)
FN:41,(anonymous_2)
FN:45,(anonymous_3)
FN:52,(anonymous_4)
FN:53,(anonymous_5)
FN:59,(anonymous_6)
FN:60,(anonymous_7)
FN:66,(anonymous_8)
FN:69,(anonymous_9)
FN:89,(anonymous_10)
FN:101,(anonymous_11)
FN:117,(anonymous_12)
FN:136,(anonymous_13)
FN:143,(anonymous_14)
FN:149,(anonymous_15)
FN:184,(anonymous_16)
FN:185,(anonymous_17)
FN:211,(anonymous_18)
FN:236,(anonymous_19)
FN:251,(anonymous_20)
FN:256,(anonymous_21)
FN:261,(anonymous_22)
FN:266,(anonymous_23)
FN:271,(anonymous_24)
FN:277,(anonymous_25)
FN:279,(anonymous_26)
FN:280,(anonymous_27)
FN:290,(anonymous_28)
FN:328,(anonymous_29)
FN:335,(anonymous_30)
FN:351,(anonymous_31)
FN:360,(anonymous_32)
FN:365,(anonymous_33)
FN:377,(anonymous_34)
FN:383,(anonymous_35)
FN:389,(anonymous_36)
FN:398,(anonymous_37)
FN:404,(anonymous_38)
FN:465,(anonymous_39)
FN:474,(anonymous_40)
FN:517,(anonymous_41)
FN:524,(anonymous_42)
FN:531,(anonymous_43)
FN:540,(anonymous_44)
FN:554,(anonymous_45)
FNF:46
FNH:31
FNDA:87,(anonymous_0)
FNDA:19,(anonymous_1)
FNDA:20,(anonymous_2)
FNDA:20,(anonymous_3)
FNDA:35,(anonymous_4)
FNDA:24,(anonymous_5)
FNDA:19,(anonymous_6)
FNDA:9,(anonymous_7)
FNDA:19,(anonymous_8)
FNDA:21,(anonymous_9)
FNDA:32,(anonymous_10)
FNDA:0,(anonymous_11)
FNDA:0,(anonymous_12)
FNDA:1,(anonymous_13)
FNDA:0,(anonymous_14)
FNDA:2,(anonymous_15)
FNDA:2,(anonymous_16)
FNDA:2,(anonymous_17)
FNDA:1,(anonymous_18)
FNDA:0,(anonymous_19)
FNDA:0,(anonymous_20)
FNDA:6,(anonymous_21)
FNDA:1,(anonymous_22)
FNDA:1,(anonymous_23)
FNDA:1,(anonymous_24)
FNDA:0,(anonymous_25)
FNDA:0,(anonymous_26)
FNDA:0,(anonymous_27)
FNDA:0,(anonymous_28)
FNDA:1,(anonymous_29)
FNDA:1,(anonymous_30)
FNDA:0,(anonymous_31)
FNDA:58,(anonymous_32)
FNDA:6,(anonymous_33)
FNDA:1,(anonymous_34)
FNDA:0,(anonymous_35)
FNDA:1,(anonymous_36)
FNDA:1,(anonymous_37)
FNDA:1,(anonymous_38)
FNDA:0,(anonymous_39)
FNDA:1,(anonymous_40)
FNDA:0,(anonymous_41)
FNDA:6,(anonymous_42)
FNDA:0,(anonymous_43)
FNDA:1,(anonymous_44)
FNDA:0,(anonymous_45)
DA:13,1
DA:14,87
DA:15,86
DA:16,86
DA:17,86
DA:18,86
DA:19,86
DA:20,86
DA:21,86
DA:24,86
DA:27,86
DA:28,86
DA:29,86
DA:30,86
DA:32,86
DA:33,86
DA:35,86
DA:36,19
DA:37,2
DA:41,86
DA:42,20
DA:45,86
DA:47,20
DA:48,1
DA:52,86
DA:53,35
DA:54,24
DA:56,35
DA:59,86
DA:60,19
DA:61,9
DA:62,5
DA:65,19
DA:66,19
DA:69,86
DA:70,21
DA:71,21
DA:72,21
DA:75,21
DA:77,21
DA:79,18
DA:81,16
DA:82,13
DA:83,13
DA:84,13
DA:85,13
DA:88,13
DA:89,13
DA:90,32
DA:92,13
DA:93,3
DA:94,3
DA:95,3
DA:96,3
DA:97,3
DA:100,3
DA:101,3
DA:102,0
DA:104,3
DA:106,0
DA:107,0
DA:109,2
DA:110,0
DA:111,0
DA:112,0
DA:113,0
DA:116,0
DA:117,0
DA:118,0
DA:120,0
DA:122,2
DA:123,2
DA:124,2
DA:125,2
DA:126,2
DA:129,2
DA:130,2
DA:132,20
DA:136,86
DA:137,1
DA:138,1
DA:139,1
DA:143,86
DA:144,0
DA:145,0
DA:146,0
DA:149,86
DA:150,2
DA:151,2
DA:153,2
DA:154,2
DA:155,6
DA:158,0
DA:159,0
DA:160,0
DA:162,0
DA:163,0
DA:164,0
DA:165,0
DA:166,0
DA:167,0
DA:168,0
DA:171,0
DA:172,0
DA:173,0
DA:174,0
DA:176,0
DA:177,0
DA:181,2
DA:184,86
DA:185,2
DA:187,2
DA:188,2
DA:190,2
DA:191,1
DA:192,1
DA:193,1
DA:194,1
DA:196,0
DA:200,2
DA:208,2
DA:211,86
DA:212,1
DA:214,1
DA:216,1
DA:217,1
DA:218,1
DA:220,1
DA:222,0
DA:223,0
DA:225,0
DA:227,0
DA:228,0
DA:230,0
DA:231,0
DA:233,0
DA:234,0
DA:236,0
DA:237,0
DA:243,1
DA:244,1
DA:245,1
DA:247,1
DA:251,86
DA:252,0
DA:253,0
DA:256,86
DA:257,6
DA:258,6
DA:261,86
DA:262,1
DA:263,1
DA:266,86
DA:267,1
DA:268,1
DA:271,86
DA:272,1
DA:273,1
DA:277,86
DA:279,0
DA:280,0
DA:281,0
DA:286,0
DA:287,0
DA:290,0
DA:291,0
DA:294,0
DA:300,86
DA:302,46
DA:303,1
DA:316,45
DA:328,1
DA:335,1
DA:351,0
DA:361,58
DA:365,6
DA:377,1
DA:383,0
DA:389,1
DA:398,1
DA:404,1
DA:465,0
DA:475,1
DA:476,1
DA:517,0
DA:525,6
DA:531,0
DA:540,1
DA:554,0
LF:189
LH:131
BRDA:36,0,0,2
BRDA:36,0,1,17
BRDA:36,1,0,19
BRDA:36,1,1,18
BRDA:47,2,0,1
BRDA:47,2,1,19
BRDA:61,3,0,5
BRDA:61,3,1,4
BRDA:79,4,0,16
BRDA:79,4,1,2
BRDA:81,5,0,13
BRDA:81,5,1,3
BRDA:81,6,0,16
BRDA:81,6,1,13
BRDA:84,7,0,13
BRDA:84,7,1,9
BRDA:85,8,0,13
BRDA:85,8,1,9
BRDA:90,9,0,32
BRDA:90,9,1,0
BRDA:90,10,0,32
BRDA:90,10,1,31
BRDA:93,11,0,3
BRDA:93,11,1,0
BRDA:96,12,0,3
BRDA:96,12,1,3
BRDA:97,13,0,3
BRDA:97,13,1,3
BRDA:102,14,0,0
BRDA:102,14,1,0
BRDA:102,15,0,0
BRDA:102,15,1,0
BRDA:109,16,0,0
BRDA:109,16,1,2
BRDA:118,17,0,0
BRDA:118,17,1,0
BRDA:118,18,0,0
BRDA:118,18,1,0
BRDA:129,19,0,2
BRDA:129,19,1,2
BRDA:137,20,0,1
BRDA:137,20,1,0
BRDA:137,21,0,1
BRDA:137,21,1,1
BRDA:153,22,0,2
BRDA:153,22,1,0
BRDA:158,23,0,0
BRDA:158,23,1,0
BRDA:164,24,0,0
BRDA:164,24,1,0
BRDA:185,25,0,2
BRDA:185,25,1,0
BRDA:190,26,0,1
BRDA:190,26,1,1
BRDA:193,27,0,1
BRDA:193,27,1,1
BRDA:194,28,0,1
BRDA:194,28,1,0
BRDA:203,29,0,2
BRDA:203,29,1,0
BRDA:212,30,0,0
BRDA:212,30,1,1
BRDA:227,31,0,0
BRDA:227,31,1,0
BRDA:228,32,0,0
BRDA:228,32,1,0
BRDA:233,33,0,0
BRDA:233,33,1,0
BRDA:233,34,0,0
BRDA:233,34,1,0
BRDA:244,35,0,1
BRDA:244,35,1,0
BRDA:258,36,0,0
BRDA:258,36,1,6
BRDA:281,37,0,0
BRDA:281,37,1,0
BRDA:281,38,0,0
BRDA:281,38,1,0
BRDA:290,39,0,0
BRDA:290,39,1,0
BRDA:294,40,0,0
BRDA:294,40,1,0
BRDA:296,41,0,0
BRDA:296,41,1,0
BRDA:300,42,0,40
BRDA:300,42,1,46
BRDA:302,43,0,1
BRDA:302,43,1,45
BRDA:343,44,0,9
BRDA:343,44,1,36
BRDA:347,45,0,0
BRDA:347,45,1,9
BRDA:348,46,0,9
BRDA:348,46,1,9
BRDA:361,47,0,58
BRDA:361,47,1,0
BRDA:365,48,0,6
BRDA:365,48,1,0
BRDA:372,49,0,58
BRDA:372,49,1,9
BRDA:372,50,0,58
BRDA:372,50,1,0
BRDA:374,51,0,5
BRDA:374,51,1,4
BRDA:377,52,0,1
BRDA:377,52,1,0
BRDA:383,53,0,0
BRDA:383,53,1,0
BRDA:389,54,0,1
BRDA:389,54,1,0
BRDA:398,55,0,1
BRDA:398,55,1,0
BRDA:404,56,0,1
BRDA:404,56,1,0
BRDA:417,57,0,58
BRDA:417,57,1,0
BRDA:420,58,0,46
BRDA:420,58,1,12
BRDA:424,59,0,46
BRDA:424,59,1,45
BRDA:429,60,0,1
BRDA:429,60,1,45
BRDA:439,61,0,12
BRDA:439,61,1,11
BRDA:444,62,0,1
BRDA:444,62,1,11
BRDA:454,63,0,46
BRDA:454,63,1,12
BRDA:455,64,0,46
BRDA:455,64,1,12
BRDA:458,65,0,58
BRDA:458,65,1,12
BRDA:464,66,0,12
BRDA:464,66,1,11
BRDA:465,67,0,0
BRDA:465,67,1,0
BRDA:473,68,0,46
BRDA:473,68,1,12
BRDA:475,69,0,1
BRDA:475,69,1,0
BRDA:476,70,0,1
BRDA:476,70,1,0
BRDA:480,71,0,46
BRDA:480,71,1,12
BRDA:492,72,0,36
BRDA:492,72,1,2
BRDA:525,73,0,0
BRDA:525,73,1,6
BRDA:530,74,0,2
BRDA:530,74,1,4
BRDA:556,75,0,45
BRDA:556,75,1,43
BRDA:558,76,0,1
BRDA:558,76,1,44
BRDA:560,77,0,0
BRDA:560,77,1,44
BRF:156
BRH:98
end_of_record
TN:
SF:src\components\FormBuilder\QuestionEditor.jsx
FN:9,(anonymous_0)
FN:28,(anonymous_1)
FN:34,(anonymous_2)
FN:40,(anonymous_3)
FN:48,(anonymous_4)
FN:50,(anonymous_5)
FN:55,(anonymous_6)
FN:61,(anonymous_7)
FN:69,(anonymous_8)
FN:81,(anonymous_9)
FN:93,(anonymous_10)
FN:105,(anonymous_11)
FN:113,(anonymous_12)
FN:121,(anonymous_13)
FN:160,(anonymous_14)
FN:172,(anonymous_15)
FN:215,(anonymous_16)
FN:225,(anonymous_17)
FN:242,(anonymous_18)
FN:247,(anonymous_19)
FN:252,(anonymous_20)
FN:275,(anonymous_21)
FN:294,(anonymous_22)
FN:338,(anonymous_23)
FN:349,(anonymous_24)
FNF:25
FNH:16
FNDA:42,(anonymous_0)
FNDA:8,(anonymous_1)
FNDA:2,(anonymous_2)
FNDA:1,(anonymous_3)
FNDA:1,(anonymous_4)
FNDA:3,(anonymous_5)
FNDA:4,(anonymous_6)
FNDA:0,(anonymous_7)
FNDA:0,(anonymous_8)
FNDA:40,(anonymous_9)
FNDA:1,(anonymous_10)
FNDA:0,(anonymous_11)
FNDA:0,(anonymous_12)
FNDA:1,(anonymous_13)
FNDA:3,(anonymous_14)
FNDA:0,(anonymous_15)
FNDA:0,(anonymous_16)
FNDA:0,(anonymous_17)
FNDA:25,(anonymous_18)
FNDA:2,(anonymous_19)
FNDA:1,(anonymous_20)
FNDA:0,(anonymous_21)
FNDA:1,(anonymous_22)
FNDA:0,(anonymous_23)
FNDA:1,(anonymous_24)
DA:9,3
DA:23,42
DA:24,42
DA:26,42
DA:28,42
DA:29,8
DA:30,8
DA:31,8
DA:34,42
DA:35,2
DA:36,2
DA:37,2
DA:40,42
DA:41,1
DA:45,1
DA:48,42
DA:49,1
DA:50,3
DA:51,1
DA:55,42
DA:57,4
DA:61,0
DA:66,4
DA:69,42
DA:70,0
DA:78,0
DA:81,42
DA:82,40
DA:90,40
DA:93,42
DA:94,1
DA:95,1
DA:96,1
DA:98,1
DA:99,1
DA:102,1
DA:105,42
DA:106,0
DA:107,0
DA:108,0
DA:109,0
DA:113,42
DA:114,0
DA:115,0
DA:116,0
DA:117,0
DA:121,42
DA:122,1
DA:125,1
DA:127,1
DA:128,1
DA:132,42
DA:133,42
DA:134,42
DA:135,42
DA:137,42
DA:160,3
DA:172,0
DA:215,0
DA:225,0
DA:243,25
DA:247,2
DA:252,1
DA:276,0
DA:281,0
DA:282,0
DA:295,1
DA:300,1
DA:301,1
DA:338,0
DA:349,1
LF:71
LH:53
BRDA:41,0,0,1
BRDA:41,0,1,0
BRDA:43,1,0,1
BRDA:43,1,1,0
BRDA:49,2,0,1
BRDA:49,2,1,0
BRDA:78,3,0,0
BRDA:78,3,1,0
BRDA:90,4,0,40
BRDA:90,4,1,0
BRDA:95,5,0,1
BRDA:95,5,1,0
BRDA:108,6,0,0
BRDA:108,6,1,0
BRDA:116,7,0,0
BRDA:116,7,1,0
BRDA:127,8,0,1
BRDA:127,8,1,0
BRDA:139,9,0,42
BRDA:139,9,1,0
BRDA:139,10,0,1
BRDA:139,10,1,41
BRDA:143,11,0,42
BRDA:143,11,1,42
BRDA:159,12,0,42
BRDA:159,12,1,0
BRDA:166,13,0,42
BRDA:166,13,1,1
BRDA:171,14,0,1
BRDA:171,14,1,0
BRDA:184,15,0,2
BRDA:184,15,1,40
BRDA:190,16,0,42
BRDA:190,16,1,1
BRDA:204,17,0,42
BRDA:204,17,1,2
BRDA:214,18,0,2
BRDA:214,18,1,0
BRDA:232,19,0,42
BRDA:232,19,1,15
BRDA:242,20,0,15
BRDA:242,20,1,0
BRDA:243,21,0,25
BRDA:243,21,1,5
BRDA:264,22,0,42
BRDA:264,22,1,15
BRDA:337,23,0,42
BRDA:337,23,1,41
BRDA:348,24,0,42
BRDA:348,24,1,41
BRF:50
BRH:33
end_of_record
TN:
SF:src\components\FormBuilder\QuestionPreview.jsx
FN:4,(anonymous_0)
FN:9,(anonymous_1)
FN:14,(anonymous_2)
FN:20,(anonymous_3)
FN:21,(anonymous_4)
FN:28,(anonymous_5)
FN:33,(anonymous_6)
FN:37,(anonymous_7)
FN:49,(anonymous_8)
FN:59,(anonymous_9)
FN:70,(anonymous_10)
FN:80,(anonymous_11)
FN:89,(anonymous_12)
FN:92,(anonymous_13)
FN:107,(anonymous_14)
FN:114,(anonymous_15)
FN:121,(anonymous_16)
FN:165,(anonymous_17)
FNF:18
FNH:16
FNDA:34,(anonymous_0)
FNDA:23,(anonymous_1)
FNDA:23,(anonymous_2)
FNDA:9,(anonymous_3)
FNDA:9,(anonymous_4)
FNDA:3,(anonymous_5)
FNDA:1,(anonymous_6)
FNDA:34,(anonymous_7)
FNDA:4,(anonymous_8)
FNDA:0,(anonymous_9)
FNDA:1,(anonymous_10)
FNDA:0,(anonymous_11)
FNDA:1,(anonymous_12)
FNDA:9,(anonymous_13)
FNDA:2,(anonymous_14)
FNDA:1,(anonymous_15)
FNDA:1,(anonymous_16)
FNDA:34,(anonymous_17)
DA:4,2
DA:6,34
DA:9,34
DA:11,23
DA:14,23
DA:15,23
DA:20,34
DA:21,9
DA:28,34
DA:29,3
DA:30,2
DA:32,2
DA:33,2
DA:37,34
DA:38,34
DA:39,34
DA:41,34
DA:43,15
DA:49,4
DA:54,1
DA:59,0
DA:64,5
DA:70,1
DA:75,0
DA:80,0
DA:85,4
DA:89,1
DA:93,9
DA:101,9
DA:108,2
DA:109,2
DA:114,1
DA:122,1
DA:123,1
DA:124,1
DA:141,0
DA:145,34
DA:166,34
LF:38
LH:34
BRDA:29,0,0,2
BRDA:29,0,1,1
BRDA:38,1,0,34
BRDA:38,1,1,2
BRDA:39,2,0,34
BRDA:39,2,1,25
BRDA:41,3,0,15
BRDA:41,3,1,1
BRDA:41,3,2,5
BRDA:41,3,3,0
BRDA:41,3,4,4
BRDA:41,3,5,9
BRDA:41,3,6,0
BRDA:92,4,0,4
BRDA:92,4,1,0
BRDA:93,5,0,9
BRDA:93,5,1,2
BRDA:93,6,0,2
BRDA:93,6,1,7
BRDA:94,7,0,2
BRDA:94,7,1,7
BRDA:108,8,0,2
BRDA:108,8,1,0
BRDA:116,9,0,2
BRDA:116,9,1,7
BRDA:151,10,0,34
BRDA:151,10,1,1
BRDA:152,11,0,34
BRDA:152,11,1,34
BRDA:159,12,0,6
BRDA:159,12,1,28
BRDA:166,13,0,34
BRDA:166,13,1,2
BRDA:168,14,0,34
BRDA:168,14,1,1
BRDA:169,15,0,34
BRDA:169,15,1,1
BRDA:171,16,0,34
BRDA:171,16,1,1
BRDA:171,16,2,1
BRF:40
BRH:36
end_of_record
TN:
SF:src\components\FormBuilder\SectionEditor.jsx
FN:6,(anonymous_0)
FN:8,(anonymous_1)
FN:14,(anonymous_2)
FNF:3
FNH:1
FNDA:3,(anonymous_0)
FNDA:0,(anonymous_1)
FNDA:0,(anonymous_2)
DA:6,1
DA:8,3
DA:9,0
DA:14,0
DA:15,0
DA:17,0
DA:23,0
DA:26,0
DA:27,0
DA:30,3
LF:10
LH:3
BRDA:6,0,0,3
BRDA:15,1,0,0
BRDA:15,1,1,0
BRDA:15,2,0,0
BRDA:15,2,1,0
BRF:5
BRH:1
end_of_record
TN:
SF:src\components\Learner\FormSubmission.jsx
FN:12,(anonymous_0)
FN:25,(anonymous_1)
FN:33,(anonymous_2)
FN:43,(anonymous_3)
FN:66,(anonymous_4)
FN:67,(anonymous_5)
FN:70,(anonymous_6)
FN:75,(anonymous_7)
FN:79,(anonymous_8)
FN:81,(anonymous_9)
FN:86,(anonymous_10)
FN:92,(anonymous_11)
FN:115,(anonymous_12)
FN:123,(anonymous_13)
FN:127,(anonymous_14)
FN:129,(anonymous_15)
FN:144,(anonymous_16)
FN:156,(anonymous_17)
FN:204,(anonymous_18)
FN:253,(anonymous_19)
FN:257,(anonymous_20)
FN:271,(anonymous_21)
FN:285,(anonymous_22)
FN:299,(anonymous_23)
FN:310,(anonymous_24)
FN:317,(anonymous_25)
FN:332,(anonymous_26)
FN:337,(anonymous_27)
FN:353,(anonymous_28)
FN:369,(anonymous_29)
FN:383,(anonymous_30)
FN:392,(anonymous_31)
FN:394,(anonymous_32)
FN:422,(anonymous_33)
FN:428,(anonymous_34)
FN:434,(anonymous_35)
FN:447,(anonymous_36)
FN:454,(anonymous_37)
FN:468,(anonymous_38)
FN:531,(anonymous_39)
FN:554,(anonymous_40)
FN:607,(anonymous_41)
FNF:42
FNH:26
FNDA:128,(anonymous_0)
FNDA:27,(anonymous_1)
FNDA:25,(anonymous_2)
FNDA:230,(anonymous_3)
FNDA:0,(anonymous_4)
FNDA:0,(anonymous_5)
FNDA:0,(anonymous_6)
FNDA:0,(anonymous_7)
FNDA:71,(anonymous_8)
FNDA:213,(anonymous_9)
FNDA:71,(anonymous_10)
FNDA:0,(anonymous_11)
FNDA:0,(anonymous_12)
FNDA:3,(anonymous_13)
FNDA:1,(anonymous_14)
FNDA:10,(anonymous_15)
FNDA:17,(anonymous_16)
FNDA:170,(anonymous_17)
FNDA:0,(anonymous_18)
FNDA:0,(anonymous_19)
FNDA:990,(anonymous_20)
FNDA:7,(anonymous_21)
FNDA:1,(anonymous_22)
FNDA:297,(anonymous_23)
FNDA:1,(anonymous_24)
FNDA:0,(anonymous_25)
FNDA:59,(anonymous_26)
FNDA:297,(anonymous_27)
FNDA:0,(anonymous_28)
FNDA:1,(anonymous_29)
FNDA:0,(anonymous_30)
FNDA:0,(anonymous_31)
FNDA:0,(anonymous_32)
FNDA:198,(anonymous_33)
FNDA:1,(anonymous_34)
FNDA:0,(anonymous_35)
FNDA:198,(anonymous_36)
FNDA:1,(anonymous_37)
FNDA:0,(anonymous_38)
FNDA:0,(anonymous_39)
FNDA:990,(anonymous_40)
FNDA:1,(anonymous_41)
DA:12,1
DA:13,128
DA:14,128
DA:15,128
DA:16,128
DA:17,128
DA:18,128
DA:19,128
DA:20,128
DA:21,128
DA:22,128
DA:23,128
DA:25,128
DA:26,27
DA:27,2
DA:29,25
DA:33,128
DA:34,25
DA:35,25
DA:36,25
DA:37,24
DA:38,24
DA:41,24
DA:42,24
DA:43,23
DA:45,230
DA:46,23
DA:47,207
DA:51,184
DA:55,23
DA:57,2
DA:58,2
DA:59,2
DA:61,25
DA:66,128
DA:67,0
DA:68,0
DA:69,0
DA:70,0
DA:72,0
DA:73,0
DA:75,0
DA:79,128
DA:81,213
DA:82,71
DA:83,0
DA:86,71
DA:92,128
DA:93,0
DA:94,0
DA:95,0
DA:105,0
DA:106,0
DA:107,0
DA:110,0
DA:111,0
DA:112,0
DA:115,0
DA:123,128
DA:124,3
DA:127,128
DA:128,1
DA:129,1
DA:130,10
DA:132,9
DA:133,1
DA:135,8
DA:138,1
DA:139,1
DA:140,1
DA:141,1
DA:144,128
DA:145,17
DA:148,17
DA:149,0
DA:152,17
DA:153,17
DA:156,170
DA:157,17
DA:159,19
DA:160,1
DA:161,1
DA:162,1
DA:164,18
DA:165,0
DA:166,0
DA:167,0
DA:170,18
DA:171,16
DA:172,16
DA:177,0
DA:178,0
DA:181,0
DA:182,0
DA:183,0
DA:184,0
DA:185,0
DA:186,0
DA:194,0
DA:195,0
DA:196,0
DA:197,0
DA:203,0
DA:204,0
DA:206,0
DA:207,0
DA:211,0
DA:212,0
DA:213,0
DA:221,0
DA:227,0
DA:228,0
DA:229,0
DA:231,0
DA:233,0
DA:235,0
DA:236,0
DA:241,0
DA:243,0
DA:246,0
DA:247,0
DA:249,0
DA:253,128
DA:254,0
DA:257,128
DA:258,990
DA:259,990
DA:261,990
DA:265,99
DA:271,7
DA:280,99
DA:285,1
DA:295,198
DA:297,99
DA:301,297
DA:311,1
DA:312,1
DA:315,1
DA:317,0
DA:318,1
DA:328,99
DA:332,59
DA:338,297
DA:348,99
DA:353,0
DA:361,99
DA:369,1
DA:377,99
DA:383,0
DA:393,0
DA:394,0
DA:395,0
DA:396,0
DA:397,0
DA:420,99
DA:423,198
DA:429,1
DA:432,1
DA:434,0
DA:435,1
DA:445,99
DA:448,198
DA:454,1
DA:463,99
DA:468,0
DA:477,128
DA:479,101
DA:480,0
DA:521,101
DA:522,2
DA:531,0
DA:541,99
DA:555,990
DA:607,1
LF:174
LH:107
BRDA:26,0,0,2
BRDA:26,0,1,25
BRDA:26,1,0,27
BRDA:26,1,1,26
BRDA:42,2,0,23
BRDA:42,2,1,0
BRDA:42,3,0,24
BRDA:42,3,1,23
BRDA:45,4,0,23
BRDA:45,4,1,207
BRDA:45,5,0,230
BRDA:45,5,1,230
BRDA:47,6,0,23
BRDA:47,6,1,184
BRDA:47,7,0,207
BRDA:47,7,1,184
BRDA:82,8,0,0
BRDA:82,8,1,71
BRDA:82,9,0,71
BRDA:82,9,1,71
BRDA:93,10,0,0
BRDA:93,10,1,0
BRDA:105,11,0,0
BRDA:105,11,1,0
BRDA:110,12,0,0
BRDA:110,12,1,0
BRDA:130,13,0,1
BRDA:130,13,1,9
BRDA:130,14,0,10
BRDA:130,14,1,9
BRDA:132,15,0,1
BRDA:132,15,1,8
BRDA:132,16,0,9
BRDA:132,16,1,9
BRDA:148,17,0,0
BRDA:148,17,1,17
BRDA:156,18,0,17
BRDA:156,18,1,0
BRDA:159,19,0,1
BRDA:159,19,1,18
BRDA:159,20,0,19
BRDA:159,20,1,18
BRDA:160,21,0,1
BRDA:160,21,1,0
BRDA:164,22,0,0
BRDA:164,22,1,18
BRDA:164,23,0,18
BRDA:164,23,1,18
BRDA:165,24,0,0
BRDA:165,24,1,0
BRDA:165,25,0,0
BRDA:165,25,1,0
BRDA:170,26,0,16
BRDA:170,26,1,2
BRDA:170,27,0,18
BRDA:170,27,1,2
BRDA:183,28,0,0
BRDA:183,28,1,0
BRDA:206,29,0,0
BRDA:206,29,1,0
BRDA:206,30,0,0
BRDA:206,30,1,0
BRDA:212,31,0,0
BRDA:212,31,1,0
BRDA:215,32,0,0
BRDA:215,32,1,0
BRDA:215,33,0,0
BRDA:215,33,1,0
BRDA:233,34,0,0
BRDA:233,34,1,0
BRDA:243,35,0,0
BRDA:243,35,1,0
BRDA:247,36,0,0
BRDA:247,36,1,0
BRDA:259,37,0,990
BRDA:259,37,1,0
BRDA:261,38,0,99
BRDA:261,38,1,99
BRDA:261,38,2,99
BRDA:261,38,3,99
BRDA:261,38,4,99
BRDA:261,38,5,99
BRDA:261,38,6,198
BRDA:261,38,7,198
BRDA:261,38,8,99
BRDA:261,38,9,99
BRDA:261,38,10,99
BRDA:261,38,11,99
BRDA:261,38,12,0
BRDA:261,38,13,99
BRDA:261,38,14,99
BRDA:261,38,15,99
BRDA:261,38,16,99
BRDA:269,39,0,99
BRDA:269,39,1,0
BRDA:270,40,0,99
BRDA:270,40,1,33
BRDA:283,41,0,99
BRDA:283,41,1,99
BRDA:284,42,0,99
BRDA:284,42,1,98
BRDA:295,43,0,99
BRDA:295,43,1,99
BRDA:307,44,0,0
BRDA:307,44,1,297
BRDA:308,45,0,3
BRDA:308,45,1,294
BRDA:309,46,0,0
BRDA:309,46,1,3
BRDA:311,47,0,0
BRDA:311,47,1,1
BRDA:312,48,0,0
BRDA:312,48,1,1
BRDA:315,49,0,1
BRDA:315,49,1,0
BRDA:321,50,0,0
BRDA:321,50,1,297
BRDA:331,51,0,99
BRDA:331,51,1,40
BRDA:338,52,0,0
BRDA:338,52,1,297
BRDA:339,53,0,0
BRDA:339,53,1,297
BRDA:352,54,0,99
BRDA:352,54,1,99
BRDA:365,55,0,99
BRDA:365,55,1,0
BRDA:366,56,0,99
BRDA:366,56,1,0
BRDA:367,57,0,99
BRDA:367,57,1,99
BRDA:368,58,0,99
BRDA:368,58,1,98
BRDA:387,59,0,0
BRDA:387,59,1,99
BRDA:427,60,0,198
BRDA:427,60,1,197
BRDA:429,61,0,1
BRDA:429,61,1,0
BRDA:432,62,0,1
BRDA:432,62,1,0
BRDA:467,63,0,99
BRDA:467,63,1,99
BRDA:477,64,0,27
BRDA:477,64,1,101
BRDA:479,65,0,0
BRDA:479,65,1,101
BRDA:498,66,0,0
BRDA:498,66,1,0
BRDA:521,67,0,2
BRDA:521,67,1,99
BRDA:546,68,0,99
BRDA:546,68,1,0
BRDA:548,69,0,99
BRDA:548,69,1,0
BRDA:557,70,0,990
BRDA:557,70,1,0
BRDA:558,71,0,990
BRDA:558,71,1,297
BRDA:560,72,0,990
BRDA:560,72,1,0
BRDA:560,72,2,0
BRDA:598,73,0,0
BRDA:598,73,1,99
BRF:164
BRH:105
end_of_record
TN:
SF:src\components\Learner\PublishedFormList.jsx
FN:13,(anonymous_0)
FN:31,(anonymous_1)
FN:37,(anonymous_2)
FN:45,(anonymous_3)
FN:46,(anonymous_4)
FN:53,(anonymous_5)
FN:74,(anonymous_6)
FN:93,(anonymous_7)
FN:100,(anonymous_8)
FN:123,(anonymous_9)
FN:130,(anonymous_10)
FN:136,(anonymous_11)
FN:154,(anonymous_12)
FN:168,(anonymous_13)
FN:174,(anonymous_14)
FN:181,(anonymous_15)
FN:202,(anonymous_16)
FN:209,(anonymous_17)
FN:239,(anonymous_18)
FN:253,(anonymous_19)
FN:278,(anonymous_20)
FN:297,(anonymous_21)
FN:309,(anonymous_22)
FN:325,(anonymous_23)
FN:345,(anonymous_24)
FN:360,(anonymous_25)
FN:378,(anonymous_26)
FN:393,(anonymous_27)
FN:393,(anonymous_28)
FN:400,(anonymous_29)
FN:400,(anonymous_30)
FN:416,(anonymous_31)
FNF:32
FNH:16
FNDA:95,(anonymous_0)
FNDA:27,(anonymous_1)
FNDA:28,(anonymous_2)
FNDA:47,(anonymous_3)
FNDA:54,(anonymous_4)
FNDA:28,(anonymous_5)
FNDA:1,(anonymous_6)
FNDA:4,(anonymous_7)
FNDA:3,(anonymous_8)
FNDA:1,(anonymous_9)
FNDA:0,(anonymous_10)
FNDA:88,(anonymous_11)
FNDA:0,(anonymous_12)
FNDA:0,(anonymous_13)
FNDA:0,(anonymous_14)
FNDA:0,(anonymous_15)
FNDA:0,(anonymous_16)
FNDA:1,(anonymous_17)
FNDA:2,(anonymous_18)
FNDA:88,(anonymous_19)
FNDA:4,(anonymous_20)
FNDA:0,(anonymous_21)
FNDA:0,(anonymous_22)
FNDA:0,(anonymous_23)
FNDA:0,(anonymous_24)
FNDA:0,(anonymous_25)
FNDA:0,(anonymous_26)
FNDA:0,(anonymous_27)
FNDA:0,(anonymous_28)
FNDA:0,(anonymous_29)
FNDA:0,(anonymous_30)
FNDA:1,(anonymous_31)
DA:13,1
DA:14,95
DA:15,94
DA:16,94
DA:17,94
DA:18,94
DA:19,94
DA:20,94
DA:21,94
DA:22,94
DA:23,94
DA:24,94
DA:25,94
DA:26,94
DA:27,94
DA:28,94
DA:29,94
DA:31,94
DA:32,27
DA:33,2
DA:37,94
DA:38,28
DA:39,27
DA:41,1
DA:45,94
DA:46,47
DA:47,54
DA:50,47
DA:53,94
DA:54,28
DA:55,28
DA:56,28
DA:57,28
DA:59,26
DA:60,25
DA:61,25
DA:63,1
DA:64,1
DA:67,2
DA:68,2
DA:70,28
DA:74,94
DA:75,1
DA:76,1
DA:77,1
DA:78,1
DA:80,0
DA:81,0
DA:83,0
DA:86,1
DA:87,1
DA:89,1
DA:93,94
DA:94,4
DA:96,4
DA:99,4
DA:100,3
DA:106,4
DA:108,3
DA:109,3
DA:110,3
DA:112,1
DA:113,1
DA:116,0
DA:118,0
DA:123,94
DA:124,1
DA:125,1
DA:126,1
DA:130,94
DA:131,0
DA:136,94
DA:137,88
DA:139,0
DA:140,0
DA:141,0
DA:143,0
DA:144,0
DA:145,0
DA:146,0
DA:147,0
DA:148,0
DA:150,0
DA:154,94
DA:155,0
DA:156,0
DA:157,0
DA:168,94
DA:169,0
DA:170,0
DA:171,0
DA:174,94
DA:175,0
DA:176,0
DA:177,0
DA:181,94
DA:182,0
DA:186,94
DA:187,94
DA:188,94
DA:189,94
DA:191,94
DA:193,38
DA:202,0
DA:209,1
DA:239,2
DA:254,88
DA:278,4
DA:297,0
DA:309,0
DA:325,0
DA:346,0
DA:360,0
DA:379,0
DA:380,0
DA:393,0
DA:400,0
DA:417,1
DA:418,1
DA:419,1
LF:120
LH:84
BRDA:32,0,0,2
BRDA:32,0,1,25
BRDA:32,1,0,27
BRDA:32,1,1,26
BRDA:38,2,0,27
BRDA:38,2,1,1
BRDA:47,3,0,54
BRDA:47,3,1,5
BRDA:59,4,0,25
BRDA:59,4,1,1
BRDA:67,5,0,2
BRDA:67,5,1,0
BRDA:80,6,0,0
BRDA:80,6,1,0
BRDA:99,7,0,4
BRDA:99,7,1,4
BRDA:100,8,0,3
BRDA:100,8,1,0
BRDA:100,8,2,0
BRDA:100,8,3,0
BRDA:106,9,0,3
BRDA:106,9,1,1
BRDA:109,10,0,3
BRDA:109,10,1,0
BRDA:125,11,0,1
BRDA:125,11,1,0
BRDA:137,12,0,88
BRDA:137,12,1,0
BRDA:143,13,0,0
BRDA:143,13,1,0
BRDA:145,14,0,0
BRDA:145,14,1,0
BRDA:147,15,0,0
BRDA:147,15,1,0
BRDA:155,16,0,0
BRDA:155,16,1,0
BRDA:169,17,0,0
BRDA:169,17,1,0
BRDA:170,18,0,0
BRDA:170,18,1,0
BRDA:175,19,0,0
BRDA:175,19,1,0
BRDA:176,20,0,0
BRDA:176,20,1,0
BRDA:191,21,0,56
BRDA:191,21,1,38
BRDA:201,22,0,36
BRDA:201,22,1,2
BRDA:205,23,0,38
BRDA:205,23,1,36
BRDA:208,24,0,2
BRDA:208,24,1,36
BRDA:212,25,0,38
BRDA:212,25,1,2
BRDA:219,26,0,36
BRDA:219,26,1,2
BRDA:221,27,0,2
BRDA:221,27,1,34
BRDA:245,28,0,4
BRDA:245,28,1,30
BRDA:249,29,0,1
BRDA:249,29,1,3
BRDA:254,30,0,88
BRDA:254,30,1,29
BRDA:257,31,0,88
BRDA:257,31,1,0
BRDA:259,32,0,88
BRDA:259,32,1,29
BRDA:263,33,0,88
BRDA:263,33,1,59
BRDA:263,33,2,29
BRDA:263,33,3,88
BRDA:265,34,0,88
BRDA:265,34,1,59
BRDA:265,34,2,29
BRDA:278,35,0,4
BRDA:278,35,1,0
BRDA:318,36,0,2
BRDA:318,36,1,0
BRDA:347,37,0,0
BRDA:347,37,1,0
BRDA:399,38,0,0
BRDA:399,38,1,0
BRF:83
BRH:51
end_of_record
TN:
SF:src\components\Learner\SubmissionView.jsx
FN:10,(anonymous_0)
FN:21,(anonymous_1)
FN:46,(anonymous_2)
FN:54,(anonymous_3)
FN:83,(anonymous_4)
FN:102,(anonymous_5)
FN:115,(anonymous_6)
FN:125,(anonymous_7)
FN:163,(anonymous_8)
FN:173,(anonymous_9)
FN:204,(anonymous_10)
FN:223,(anonymous_11)
FN:237,(anonymous_12)
FN:283,(anonymous_13)
FN:299,(anonymous_14)
FN:304,(anonymous_15)
FN:347,(anonymous_16)
FN:350,(anonymous_17)
FN:398,(anonymous_18)
FNF:19
FNH:13
FNDA:37,(anonymous_0)
FNDA:22,(anonymous_1)
FNDA:7,(anonymous_2)
FNDA:5,(anonymous_3)
FNDA:5,(anonymous_4)
FNDA:18,(anonymous_5)
FNDA:14,(anonymous_6)
FNDA:0,(anonymous_7)
FNDA:72,(anonymous_8)
FNDA:144,(anonymous_9)
FNDA:0,(anonymous_10)
FNDA:0,(anonymous_11)
FNDA:32,(anonymous_12)
FNDA:0,(anonymous_13)
FNDA:0,(anonymous_14)
FNDA:0,(anonymous_15)
FNDA:12,(anonymous_16)
FNDA:12,(anonymous_17)
FNDA:40,(anonymous_18)
DA:10,1
DA:11,37
DA:12,37
DA:13,37
DA:14,37
DA:15,37
DA:16,36
DA:17,36
DA:18,36
DA:19,36
DA:21,36
DA:22,22
DA:23,2
DA:26,20
DA:27,13
DA:28,13
DA:30,13
DA:31,13
DA:34,13
DA:35,3
DA:36,3
DA:41,7
DA:46,36
DA:47,7
DA:48,7
DA:50,7
DA:51,6
DA:54,6
DA:55,5
DA:59,6
DA:61,6
DA:62,5
DA:65,5
DA:66,5
DA:70,5
DA:71,2
DA:74,1
DA:77,2
DA:78,2
DA:79,2
DA:83,36
DA:84,5
DA:85,5
DA:86,5
DA:87,3
DA:88,3
DA:91,2
DA:92,1
DA:94,1
DA:102,36
DA:103,18
DA:104,18
DA:105,18
DA:106,18
DA:107,17
DA:109,1
DA:111,18
DA:115,36
DA:116,14
DA:117,14
DA:118,14
DA:125,36
DA:126,0
DA:127,0
DA:130,0
DA:133,0
DA:136,0
DA:141,0
DA:144,0
DA:145,0
DA:146,0
DA:147,0
DA:148,0
DA:151,0
DA:152,0
DA:154,0
DA:156,0
DA:157,0
DA:159,0
DA:163,36
DA:164,72
DA:165,72
DA:166,72
DA:169,72
DA:170,72
DA:173,72
DA:174,144
DA:177,72
DA:178,48
DA:181,48
DA:183,48
DA:184,48
DA:185,12
DA:186,12
DA:195,36
DA:200,24
DA:202,0
DA:203,0
DA:204,0
DA:205,0
DA:208,0
DA:209,0
DA:210,0
DA:222,0
DA:223,0
DA:224,0
DA:227,0
DA:228,0
DA:233,24
DA:234,24
DA:237,36
DA:238,32
DA:241,32
DA:242,6
DA:243,6
DA:245,6
DA:283,0
DA:300,0
DA:301,0
DA:305,0
DA:306,0
DA:333,0
DA:338,26
DA:339,8
DA:340,6
DA:345,20
DA:346,8
DA:347,12
DA:348,6
DA:351,12
DA:366,14
DA:369,36
DA:371,8
DA:372,0
DA:385,8
DA:399,40
DA:400,40
DA:402,40
LF:138
LH:102
BRDA:22,0,0,2
BRDA:22,0,1,20
BRDA:22,1,0,22
BRDA:22,1,1,21
BRDA:26,2,0,13
BRDA:26,2,1,7
BRDA:34,3,0,3
BRDA:34,3,1,10
BRDA:34,4,0,13
BRDA:34,4,1,13
BRDA:35,5,0,3
BRDA:35,5,1,0
BRDA:35,6,0,3
BRDA:35,6,1,0
BRDA:36,7,0,3
BRDA:36,7,1,0
BRDA:55,8,0,5
BRDA:55,8,1,1
BRDA:61,9,0,5
BRDA:61,9,1,1
BRDA:65,10,0,5
BRDA:65,10,1,0
BRDA:70,11,0,2
BRDA:70,11,1,3
BRDA:70,12,0,5
BRDA:70,12,1,5
BRDA:71,13,0,2
BRDA:71,13,1,0
BRDA:91,14,0,1
BRDA:91,14,1,1
BRDA:116,15,0,0
BRDA:116,15,1,14
BRDA:130,16,0,0
BRDA:130,16,1,0
BRDA:130,16,2,0
BRDA:137,17,0,0
BRDA:137,17,1,0
BRDA:146,18,0,0
BRDA:146,18,1,0
BRDA:169,19,0,72
BRDA:169,19,1,0
BRDA:169,20,0,72
BRDA:169,20,1,72
BRDA:177,21,0,48
BRDA:177,21,1,24
BRDA:181,22,0,48
BRDA:181,22,1,0
BRDA:181,23,0,48
BRDA:181,23,1,48
BRDA:184,24,0,12
BRDA:184,24,1,36
BRDA:195,25,0,36
BRDA:195,25,1,0
BRDA:200,26,0,0
BRDA:200,26,1,24
BRDA:202,27,0,0
BRDA:202,27,1,0
BRDA:202,28,0,0
BRDA:202,28,1,0
BRDA:203,29,0,0
BRDA:203,29,1,0
BRDA:203,30,0,0
BRDA:203,30,1,0
BRDA:208,31,0,0
BRDA:208,31,1,0
BRDA:222,32,0,0
BRDA:222,32,1,0
BRDA:222,33,0,0
BRDA:222,33,1,0
BRDA:227,34,0,0
BRDA:227,34,1,0
BRDA:228,35,0,0
BRDA:228,35,1,0
BRDA:228,35,2,0
BRDA:241,36,0,6
BRDA:241,36,1,26
BRDA:241,37,0,32
BRDA:241,37,1,24
BRDA:241,37,2,6
BRDA:242,38,0,6
BRDA:242,38,1,0
BRDA:271,39,0,6
BRDA:271,39,1,0
BRDA:286,40,0,0
BRDA:286,40,1,6
BRDA:287,41,0,0
BRDA:287,41,1,6
BRDA:293,42,0,0
BRDA:293,42,1,6
BRDA:300,43,0,0
BRDA:300,43,1,0
BRDA:305,44,0,0
BRDA:305,44,1,0
BRDA:310,45,0,0
BRDA:310,45,1,6
BRDA:338,46,0,8
BRDA:338,46,1,18
BRDA:338,47,0,26
BRDA:338,47,1,18
BRDA:339,48,0,6
BRDA:339,48,1,2
BRDA:339,49,0,8
BRDA:339,49,1,6
BRDA:339,49,2,6
BRDA:345,50,0,8
BRDA:345,50,1,12
BRDA:345,51,0,20
BRDA:345,51,1,12
BRDA:346,52,0,6
BRDA:346,52,1,2
BRDA:346,53,0,8
BRDA:346,53,1,6
BRDA:346,53,2,6
BRDA:366,54,0,14
BRDA:366,54,1,8
BRDA:369,55,0,28
BRDA:369,55,1,8
BRDA:371,56,0,0
BRDA:371,56,1,8
BRDA:391,57,0,8
BRDA:391,57,1,0
BRDA:391,57,2,0
BRDA:397,58,0,8
BRDA:397,58,1,0
BRDA:400,59,0,40
BRDA:400,59,1,24
BRDA:400,59,2,6
BRDA:403,60,0,40
BRDA:403,60,1,0
BRDA:403,60,2,0
BRDA:406,61,0,40
BRDA:406,61,1,0
BRDA:407,62,0,40
BRDA:407,62,1,8
BRDA:410,63,0,40
BRDA:410,63,1,8
BRDA:415,64,0,8
BRDA:415,64,1,32
BRDA:415,65,0,40
BRDA:415,65,1,32
BRDA:415,65,2,32
BRDA:418,66,0,8
BRDA:418,66,1,0
BRDA:422,67,0,6
BRDA:422,67,1,26
BRDA:430,68,0,26
BRDA:430,68,1,0
BRF:147
BRH:92
end_of_record
TN:
SF:src\contexts\AuthContext.jsx
FN:5,(anonymous_0)
FN:13,(anonymous_1)
FN:18,(anonymous_2)
FN:20,(anonymous_3)
FN:50,(anonymous_4)
FN:57,(anonymous_5)
FNF:6
FNH:5
FNDA:32,(anonymous_0)
FNDA:22,(anonymous_1)
FNDA:10,(anonymous_2)
FNDA:10,(anonymous_3)
FNDA:2,(anonymous_4)
FNDA:0,(anonymous_5)
DA:3,5
DA:5,5
DA:6,32
DA:7,32
DA:8,0
DA:10,32
DA:13,5
DA:14,22
DA:15,22
DA:16,22
DA:18,22
DA:20,10
DA:21,10
DA:22,10
DA:25,10
DA:26,3
DA:27,3
DA:29,3
DA:30,3
DA:32,0
DA:34,0
DA:35,0
DA:36,0
DA:37,0
DA:41,7
DA:42,7
DA:44,10
DA:47,10
DA:50,22
DA:51,2
DA:52,2
DA:53,2
DA:54,2
DA:57,22
DA:58,0
DA:59,0
DA:60,0
DA:61,0
DA:64,22
DA:73,22
DA:74,10
DA:87,12
LF:42
LH:32
BRDA:7,0,0,0
BRDA:7,0,1,32
BRDA:25,1,0,3
BRDA:25,1,1,7
BRDA:25,2,0,10
BRDA:25,2,1,3
BRDA:73,3,0,10
BRDA:73,3,1,12
BRF:8
BRH:7
end_of_record
TN:
SF:src\pages\AdminDashboard.jsx
FN:7,(anonymous_0)
FNF:1
FNH:1
FNDA:3,(anonymous_0)
DA:7,1
DA:8,3
LF:2
LH:2
BRF:0
BRH:0
end_of_record
TN:
SF:src\pages\FormEditorPage.jsx
FN:7,(anonymous_0)
FNF:1
FNH:1
FNDA:3,(anonymous_0)
DA:7,1
DA:8,3
DA:10,3
LF:3
LH:3
BRF:0
BRH:0
end_of_record
TN:
SF:src\pages\FormFillPage.jsx
FN:6,(anonymous_0)
FNF:1
FNH:0
FNDA:0,(anonymous_0)
DA:6,1
DA:7,0
DA:9,0
LF:3
LH:1
BRF:0
BRH:0
end_of_record
TN:
SF:src\pages\FormPreviewPage.jsx
FN:4,(anonymous_0)
FNF:1
FNH:0
FNDA:0,(anonymous_0)
DA:4,1
DA:5,0
LF:2
LH:1
BRF:0
BRH:0
end_of_record
TN:
SF:src\pages\FormResponsesPage.jsx
FN:4,(anonymous_0)
FNF:1
FNH:0
FNDA:0,(anonymous_0)
DA:4,1
DA:5,0
LF:2
LH:1
BRF:0
BRH:0
end_of_record
TN:
SF:src\pages\FormSubmissionPage.jsx
FN:8,(anonymous_0)
FN:19,(anonymous_1)
FN:27,(anonymous_2)
FN:31,(anonymous_3)
FN:37,(anonymous_4)
FN:53,(anonymous_5)
FN:68,(anonymous_6)
FN:69,(anonymous_7)
FN:75,(anonymous_8)
FN:78,(anonymous_9)
FN:79,(anonymous_10)
FN:95,(anonymous_11)
FN:99,(anonymous_12)
FN:113,(anonymous_13)
FN:114,(anonymous_14)
FN:135,(anonymous_15)
FN:143,(anonymous_16)
FN:153,(anonymous_17)
FN:162,(anonymous_18)
FN:169,(anonymous_19)
FN:181,(anonymous_20)
FN:187,(anonymous_21)
FN:209,(anonymous_22)
FN:233,(anonymous_23)
FN:239,(anonymous_24)
FN:258,(anonymous_25)
FN:276,(anonymous_26)
FN:301,(anonymous_27)
FN:314,(anonymous_28)
FN:326,(anonymous_29)
FNF:30
FNH:9
FNDA:10,(anonymous_0)
FNDA:6,(anonymous_1)
FNDA:5,(anonymous_2)
FNDA:5,(anonymous_3)
FNDA:10,(anonymous_4)
FNDA:1,(anonymous_5)
FNDA:0,(anonymous_6)
FNDA:0,(anonymous_7)
FNDA:0,(anonymous_8)
FNDA:0,(anonymous_9)
FNDA:0,(anonymous_10)
FNDA:0,(anonymous_11)
FNDA:0,(anonymous_12)
FNDA:0,(anonymous_13)
FNDA:0,(anonymous_14)
FNDA:6,(anonymous_15)
FNDA:0,(anonymous_16)
FNDA:0,(anonymous_17)
FNDA:0,(anonymous_18)
FNDA:0,(anonymous_19)
FNDA:0,(anonymous_20)
FNDA:0,(anonymous_21)
FNDA:0,(anonymous_22)
FNDA:0,(anonymous_23)
FNDA:1,(anonymous_24)
FNDA:6,(anonymous_25)
FNDA:0,(anonymous_26)
FNDA:0,(anonymous_27)
FNDA:0,(anonymous_28)
FNDA:0,(anonymous_29)
DA:8,1
DA:9,10
DA:10,10
DA:11,10
DA:12,10
DA:13,10
DA:14,10
DA:15,10
DA:16,10
DA:17,10
DA:19,10
DA:20,6
DA:21,5
DA:23,1
DA:27,10
DA:28,5
DA:29,5
DA:30,5
DA:31,5
DA:33,5
DA:34,5
DA:36,5
DA:37,5
DA:38,10
DA:40,5
DA:42,0
DA:43,0
DA:46,0
DA:47,0
DA:49,5
DA:53,10
DA:54,1
DA:55,1
DA:58,1
DA:59,1
DA:61,0
DA:62,0
DA:64,1
DA:68,10
DA:69,0
DA:75,10
DA:76,0
DA:77,0
DA:78,0
DA:79,0
DA:89,0
DA:91,0
DA:95,10
DA:96,0
DA:99,0
DA:100,0
DA:101,0
DA:102,0
DA:103,0
DA:107,0
DA:108,0
DA:110,0
DA:113,0
DA:114,0
DA:121,0
DA:122,0
DA:125,0
DA:126,0
DA:128,0
DA:129,0
DA:131,0
DA:135,10
DA:136,6
DA:138,3
DA:143,0
DA:149,3
DA:153,0
DA:160,0
DA:163,0
DA:169,0
DA:179,0
DA:182,0
DA:188,0
DA:189,0
DA:190,0
DA:192,0
DA:193,0
DA:195,0
DA:205,0
DA:209,0
DA:221,0
DA:225,10
DA:233,0
DA:239,1
DA:259,6
DA:276,0
DA:302,0
DA:314,0
DA:326,0
LF:94
LH:42
BRDA:20,0,0,5
BRDA:20,0,1,1
BRDA:33,1,0,5
BRDA:33,1,1,0
BRDA:76,2,0,0
BRDA:76,2,1,0
BRDA:101,3,0,0
BRDA:101,3,1,0
BRDA:101,4,0,0
BRDA:101,4,1,0
BRDA:136,5,0,3
BRDA:136,5,1,3
BRDA:136,5,2,0
BRDA:136,5,3,0
BRDA:136,5,4,0
BRDA:136,5,5,0
BRDA:142,6,0,3
BRDA:142,6,1,3
BRDA:152,7,0,3
BRDA:152,7,1,3
BRDA:188,8,0,0
BRDA:188,8,1,0
BRDA:189,9,0,0
BRDA:189,9,1,0
BRDA:193,10,0,0
BRDA:193,10,1,0
BRDA:212,11,0,0
BRDA:212,11,1,0
BRDA:232,12,0,8
BRDA:232,12,1,2
BRDA:238,13,0,2
BRDA:238,13,1,8
BRDA:246,14,0,8
BRDA:246,14,1,2
BRDA:248,15,0,5
BRDA:248,15,1,3
BRDA:250,16,0,3
BRDA:250,16,1,0
BRDA:262,17,0,6
BRDA:262,17,1,3
BRDA:265,18,0,6
BRDA:265,18,1,0
BRDA:265,18,2,0
BRDA:286,19,0,0
BRDA:286,19,1,3
BRDA:297,20,0,1
BRDA:297,20,1,1
BRDA:299,21,0,0
BRDA:299,21,1,1
BRF:49
BRH:25
end_of_record
TN:
SF:src\pages\LearnerDashboard.jsx
FN:4,(anonymous_0)
FNF:1
FNH:1
FNDA:1,(anonymous_0)
DA:4,1
DA:5,1
LF:2
LH:2
BRF:0
BRH:0
end_of_record
TN:
SF:src\pages\LoginPage.jsx
FN:8,(anonymous_0)
FN:21,(anonymous_1)
FN:31,(anonymous_2)
FN:33,(anonymous_3)
FN:43,(anonymous_4)
FNF:5
FNH:5
FNDA:18,(anonymous_0)
FNDA:8,(anonymous_1)
FNDA:6,(anonymous_2)
FNDA:6,(anonymous_3)
FNDA:3,(anonymous_4)
DA:8,1
DA:9,18
DA:10,18
DA:13,18
DA:17,18
DA:18,18
DA:21,18
DA:22,8
DA:23,5
DA:24,2
DA:25,3
DA:26,3
DA:31,18
DA:32,6
DA:33,6
DA:38,6
DA:39,0
DA:43,18
DA:44,3
DA:47,3
DA:48,0
DA:49,0
DA:50,0
DA:53,3
DA:54,3
DA:56,3
DA:57,3
DA:59,2
DA:61,2
DA:69,2
DA:72,2
DA:73,1
DA:74,1
DA:75,1
DA:78,0
DA:82,1
DA:84,1
DA:85,1
DA:86,1
DA:87,1
DA:88,0
DA:89,0
DA:90,0
DA:91,0
DA:92,0
DA:93,0
DA:94,0
DA:96,0
DA:97,0
DA:98,0
DA:101,3
DA:105,18
LF:52
LH:37
BRDA:22,0,0,5
BRDA:22,0,1,3
BRDA:22,1,0,8
BRDA:22,1,1,5
BRDA:23,2,0,2
BRDA:23,2,1,3
BRDA:25,3,0,3
BRDA:25,3,1,0
BRDA:38,4,0,0
BRDA:38,4,1,6
BRDA:47,5,0,0
BRDA:47,5,1,3
BRDA:47,6,0,3
BRDA:47,6,1,3
BRDA:59,7,0,2
BRDA:59,7,1,0
BRDA:59,8,0,2
BRDA:59,8,1,2
BRDA:69,9,0,2
BRDA:69,9,1,0
BRDA:72,10,0,1
BRDA:72,10,1,1
BRDA:74,11,0,1
BRDA:74,11,1,0
BRDA:84,12,0,1
BRDA:84,12,1,0
BRDA:88,13,0,0
BRDA:88,13,1,0
BRDA:91,14,0,0
BRDA:91,14,1,0
BRDA:131,15,0,18
BRDA:131,15,1,1
BRDA:170,16,0,3
BRDA:170,16,1,15
BRF:34
BRH:23
end_of_record
TN:
SF:src\pages\PublicFormPage.jsx
FN:8,(anonymous_0)
FN:20,(anonymous_1)
FN:35,(anonymous_2)
FN:40,(anonymous_3)
FN:55,(anonymous_4)
FN:60,(anonymous_5)
FN:77,(anonymous_6)
FN:93,(anonymous_7)
FN:94,(anonymous_8)
FN:101,(anonymous_9)
FN:108,(anonymous_10)
FN:119,(anonymous_11)
FN:132,(anonymous_12)
FN:147,(anonymous_13)
FN:161,(anonymous_14)
FN:173,(anonymous_15)
FN:177,(anonymous_16)
FN:201,(anonymous_17)
FN:211,(anonymous_18)
FN:223,(anonymous_19)
FN:239,(anonymous_20)
FNF:21
FNH:12
FNDA:13,(anonymous_0)
FNDA:6,(anonymous_1)
FNDA:4,(anonymous_2)
FNDA:4,(anonymous_3)
FNDA:2,(anonymous_4)
FNDA:4,(anonymous_5)
FNDA:1,(anonymous_6)
FNDA:1,(anonymous_7)
FNDA:1,(anonymous_8)
FNDA:0,(anonymous_9)
FNDA:12,(anonymous_10)
FNDA:1,(anonymous_11)
FNDA:0,(anonymous_12)
FNDA:0,(anonymous_13)
FNDA:0,(anonymous_14)
FNDA:0,(anonymous_15)
FNDA:0,(anonymous_16)
FNDA:0,(anonymous_17)
FNDA:0,(anonymous_18)
FNDA:12,(anonymous_19)
FNDA:0,(anonymous_20)
DA:8,1
DA:9,13
DA:10,13
DA:11,13
DA:13,13
DA:14,12
DA:15,12
DA:16,12
DA:17,12
DA:18,12
DA:20,12
DA:21,6
DA:22,1
DA:23,1
DA:26,5
DA:27,1
DA:28,1
DA:29,1
DA:32,4
DA:35,12
DA:36,4
DA:37,4
DA:38,4
DA:39,4
DA:40,4
DA:42,4
DA:43,4
DA:45,0
DA:48,0
DA:49,0
DA:51,4
DA:55,12
DA:56,2
DA:59,2
DA:60,2
DA:61,4
DA:62,1
DA:66,2
DA:67,1
DA:68,1
DA:71,1
DA:72,1
DA:75,1
DA:77,1
DA:83,1
DA:84,1
DA:86,0
DA:87,0
DA:89,1
DA:93,12
DA:94,1
DA:100,1
DA:101,0
DA:108,12
DA:109,12
DA:110,12
DA:112,12
DA:114,6
DA:119,1
DA:128,0
DA:132,0
DA:142,6
DA:147,0
DA:156,0
DA:161,0
DA:169,0
DA:173,0
DA:178,0
DA:188,0
DA:192,12
DA:193,6
DA:196,6
DA:197,0
DA:201,0
DA:206,6
DA:207,0
DA:211,0
DA:216,6
DA:224,12
DA:239,0
LF:80
LH:60
BRDA:21,0,0,1
BRDA:21,0,1,5
BRDA:26,1,0,1
BRDA:26,1,1,4
BRDA:42,2,0,4
BRDA:42,2,1,0
BRDA:61,3,0,1
BRDA:61,3,1,3
BRDA:61,4,0,4
BRDA:61,4,1,2
BRDA:66,5,0,1
BRDA:66,5,1,1
BRDA:79,6,0,0
BRDA:79,6,1,1
BRDA:100,7,0,0
BRDA:100,7,1,1
BRDA:109,8,0,12
BRDA:109,8,1,10
BRDA:112,9,0,6
BRDA:112,9,1,0
BRDA:112,9,2,6
BRDA:112,9,3,0
BRDA:112,9,4,0
BRDA:112,9,5,0
BRDA:120,10,0,1
BRDA:120,10,1,5
BRDA:123,11,0,6
BRDA:123,11,1,1
BRDA:133,12,0,0
BRDA:133,12,1,0
BRDA:137,13,0,0
BRDA:137,13,1,0
BRDA:148,14,0,0
BRDA:148,14,1,6
BRDA:151,15,0,6
BRDA:151,15,1,0
BRDA:162,16,0,0
BRDA:162,16,1,0
BRDA:164,17,0,0
BRDA:164,17,1,0
BRDA:174,18,0,0
BRDA:174,18,1,0
BRDA:183,19,0,0
BRDA:183,19,1,0
BRDA:192,20,0,6
BRDA:192,20,1,6
BRDA:196,21,0,0
BRDA:196,21,1,6
BRDA:206,22,0,0
BRDA:206,22,1,6
BRDA:227,23,0,12
BRDA:227,23,1,6
BRDA:229,24,0,12
BRDA:229,24,1,0
BRDA:249,25,0,1
BRDA:249,25,1,5
BRF:56
BRH:32
end_of_record
TN:
SF:src\pages\RegisterPage.jsx
FN:7,(anonymous_0)
FN:23,(anonymous_1)
FN:29,(anonymous_2)
FN:67,(anonymous_3)
FN:69,(anonymous_4)
FN:76,(anonymous_5)
FN:83,(anonymous_6)
FN:106,(anonymous_7)
FNF:8
FNH:6
FNDA:14,(anonymous_0)
FNDA:4,(anonymous_1)
FNDA:3,(anonymous_2)
FNDA:6,(anonymous_3)
FNDA:6,(anonymous_4)
FNDA:0,(anonymous_5)
FNDA:3,(anonymous_6)
FNDA:0,(anonymous_7)
DA:7,1
DA:8,14
DA:9,14
DA:11,14
DA:18,14
DA:19,14
DA:20,14
DA:23,14
DA:24,4
DA:25,0
DA:29,14
DA:30,3
DA:33,3
DA:34,2
DA:35,1
DA:36,0
DA:40,3
DA:41,3
DA:42,2
DA:43,1
DA:44,0
DA:48,3
DA:49,1
DA:50,2
DA:51,0
DA:52,2
DA:53,0
DA:57,3
DA:58,1
DA:59,2
DA:60,1
DA:63,3
DA:64,3
DA:67,14
DA:68,6
DA:69,6
DA:75,6
DA:76,0
DA:83,14
DA:84,3
DA:86,3
DA:87,2
DA:90,1
DA:91,1
DA:93,1
DA:95,1
DA:102,1
DA:103,1
DA:106,1
DA:107,0
DA:115,0
DA:119,0
DA:122,0
DA:123,0
DA:124,0
DA:126,0
DA:129,0
DA:132,1
DA:136,14
LF:59
LH:45
BRDA:24,0,0,0
BRDA:24,0,1,4
BRDA:33,1,0,2
BRDA:33,1,1,1
BRDA:35,2,0,0
BRDA:35,2,1,1
BRDA:41,3,0,2
BRDA:41,3,1,1
BRDA:43,4,0,0
BRDA:43,4,1,1
BRDA:48,5,0,1
BRDA:48,5,1,2
BRDA:50,6,0,0
BRDA:50,6,1,2
BRDA:52,7,0,0
BRDA:52,7,1,2
BRDA:57,8,0,1
BRDA:57,8,1,2
BRDA:59,9,0,1
BRDA:59,9,1,1
BRDA:75,10,0,0
BRDA:75,10,1,6
BRDA:86,11,0,2
BRDA:86,11,1,1
BRDA:102,12,0,1
BRDA:102,12,1,0
BRDA:102,13,0,1
BRDA:102,13,1,1
BRDA:122,14,0,0
BRDA:122,14,1,0
BRDA:123,15,0,0
BRDA:123,15,1,0
BRDA:142,16,0,14
BRDA:142,16,1,0
BRDA:146,17,0,14
BRDA:146,17,1,1
BRDA:162,18,0,2
BRDA:162,18,1,12
BRDA:165,19,0,14
BRDA:165,19,1,2
BRDA:177,20,0,2
BRDA:177,20,1,12
BRDA:180,21,0,14
BRDA:180,21,1,2
BRDA:192,22,0,1
BRDA:192,22,1,13
BRDA:195,23,0,14
BRDA:195,23,1,1
BRDA:210,24,0,2
BRDA:210,24,1,12
BRDA:213,25,0,14
BRDA:213,25,1,2
BRDA:219,26,0,14
BRDA:219,26,1,13
BRDA:221,27,0,1
BRDA:221,27,1,13
BRF:56
BRH:44
end_of_record
TN:
SF:src\pages\ResponsesPage.jsx
FN:6,(anonymous_0)
FNF:1
FNH:0
FNDA:0,(anonymous_0)
DA:6,0
DA:7,0
DA:9,0
LF:3
LH:0
BRF:0
BRH:0
end_of_record
TN:
SF:src\pages\ViewFormPage.jsx
FN:19,(anonymous_0)
FN:54,(anonymous_1)
FN:61,(anonymous_2)
FN:67,(anonymous_3)
FN:88,(anonymous_4)
FN:120,(anonymous_5)
FN:125,(anonymous_6)
FN:149,(anonymous_7)
FN:153,(anonymous_8)
FN:165,(anonymous_9)
FN:171,(anonymous_10)
FN:201,(anonymous_11)
FN:202,(anonymous_12)
FN:218,(anonymous_13)
FN:229,(anonymous_14)
FN:268,(anonymous_15)
FN:280,(anonymous_16)
FN:309,(anonymous_17)
FN:314,(anonymous_18)
FN:322,(anonymous_19)
FN:342,(anonymous_20)
FN:351,(anonymous_21)
FN:358,(anonymous_22)
FN:359,(anonymous_23)
FN:360,(anonymous_24)
FN:363,(anonymous_25)
FN:364,(anonymous_26)
FN:377,(anonymous_27)
FN:387,(anonymous_28)
FN:432,(anonymous_29)
FN:436,(anonymous_30)
FN:437,(anonymous_31)
FN:442,(anonymous_32)
FN:451,(anonymous_33)
FN:460,(anonymous_34)
FN:486,(anonymous_35)
FN:492,(anonymous_36)
FN:498,(anonymous_37)
FN:511,(anonymous_38)
FN:557,(anonymous_39)
FN:563,(anonymous_40)
FN:594,(anonymous_41)
FN:605,(anonymous_42)
FN:608,(anonymous_43)
FN:612,(anonymous_44)
FN:620,(anonymous_45)
FN:630,(anonymous_46)
FN:646,(anonymous_47)
FN:664,(anonymous_48)
FN:666,(anonymous_49)
FN:673,(anonymous_50)
FN:673,(anonymous_51)
FN:680,(anonymous_52)
FN:680,(anonymous_53)
FN:696,(anonymous_54)
FN:713,(anonymous_55)
FN:762,(anonymous_56)
FN:766,(anonymous_57)
FN:820,(anonymous_58)
FNF:59
FNH:0
FNDA:0,(anonymous_0)
FNDA:0,(anonymous_1)
FNDA:0,(anonymous_2)
FNDA:0,(anonymous_3)
FNDA:0,(anonymous_4)
FNDA:0,(anonymous_5)
FNDA:0,(anonymous_6)
FNDA:0,(anonymous_7)
FNDA:0,(anonymous_8)
FNDA:0,(anonymous_9)
FNDA:0,(anonymous_10)
FNDA:0,(anonymous_11)
FNDA:0,(anonymous_12)
FNDA:0,(anonymous_13)
FNDA:0,(anonymous_14)
FNDA:0,(anonymous_15)
FNDA:0,(anonymous_16)
FNDA:0,(anonymous_17)
FNDA:0,(anonymous_18)
FNDA:0,(anonymous_19)
FNDA:0,(anonymous_20)
FNDA:0,(anonymous_21)
FNDA:0,(anonymous_22)
FNDA:0,(anonymous_23)
FNDA:0,(anonymous_24)
FNDA:0,(anonymous_25)
FNDA:0,(anonymous_26)
FNDA:0,(anonymous_27)
FNDA:0,(anonymous_28)
FNDA:0,(anonymous_29)
FNDA:0,(anonymous_30)
FNDA:0,(anonymous_31)
FNDA:0,(anonymous_32)
FNDA:0,(anonymous_33)
FNDA:0,(anonymous_34)
FNDA:0,(anonymous_35)
FNDA:0,(anonymous_36)
FNDA:0,(anonymous_37)
FNDA:0,(anonymous_38)
FNDA:0,(anonymous_39)
FNDA:0,(anonymous_40)
FNDA:0,(anonymous_41)
FNDA:0,(anonymous_42)
FNDA:0,(anonymous_43)
FNDA:0,(anonymous_44)
FNDA:0,(anonymous_45)
FNDA:0,(anonymous_46)
FNDA:0,(anonymous_47)
FNDA:0,(anonymous_48)
FNDA:0,(anonymous_49)
FNDA:0,(anonymous_50)
FNDA:0,(anonymous_51)
FNDA:0,(anonymous_52)
FNDA:0,(anonymous_53)
FNDA:0,(anonymous_54)
FNDA:0,(anonymous_55)
FNDA:0,(anonymous_56)
FNDA:0,(anonymous_57)
FNDA:0,(anonymous_58)
DA:19,0
DA:20,0
DA:21,0
DA:23,0
DA:27,0
DA:29,0
DA:34,0
DA:35,0
DA:36,0
DA:37,0
DA:38,0
DA:39,0
DA:40,0
DA:41,0
DA:42,0
DA:45,0
DA:46,0
DA:47,0
DA:48,0
DA:49,0
DA:51,0
DA:52,0
DA:54,0
DA:55,0
DA:56,0
DA:61,0
DA:62,0
DA:63,0
DA:67,0
DA:68,0
DA:69,0
DA:70,0
DA:72,0
DA:73,0
DA:75,0
DA:82,0
DA:83,0
DA:85,0
DA:87,0
DA:88,0
DA:102,0
DA:104,0
DA:108,0
DA:109,0
DA:113,0
DA:114,0
DA:116,0
DA:120,0
DA:121,0
DA:122,0
DA:125,0
DA:136,0
DA:138,0
DA:139,0
DA:149,0
DA:150,0
DA:151,0
DA:153,0
DA:154,0
DA:165,0
DA:166,0
DA:168,0
DA:171,0
DA:172,0
DA:176,0
DA:177,0
DA:178,0
DA:180,0
DA:181,0
DA:185,0
DA:186,0
DA:188,0
DA:190,0
DA:193,0
DA:196,0
DA:200,0
DA:201,0
DA:202,0
DA:204,0
DA:208,0
DA:209,0
DA:214,0
DA:218,0
DA:219,0
DA:220,0
DA:221,0
DA:229,0
DA:230,0
DA:234,0
DA:235,0
DA:238,0
DA:242,0
DA:243,0
DA:245,0
DA:248,0
DA:249,0
DA:250,0
DA:251,0
DA:252,0
DA:253,0
DA:254,0
DA:257,0
DA:258,0
DA:260,0
DA:262,0
DA:263,0
DA:268,0
DA:269,0
DA:272,0
DA:273,0
DA:275,0
DA:277,0
DA:280,0
DA:295,0
DA:299,0
DA:300,0
DA:301,0
DA:305,0
DA:309,0
DA:310,0
DA:313,0
DA:314,0
DA:315,0
DA:322,0
DA:323,0
DA:324,0
DA:326,0
DA:327,0
DA:328,0
DA:331,0
DA:332,0
DA:334,0
DA:338,0
DA:342,0
DA:343,0
DA:344,0
DA:345,0
DA:346,0
DA:349,0
DA:351,0
DA:352,0
DA:353,0
DA:354,0
DA:358,0
DA:359,0
DA:360,0
DA:363,0
DA:364,0
DA:365,0
DA:366,0
DA:371,0
DA:374,0
DA:377,0
DA:378,0
DA:379,0
DA:381,0
DA:382,0
DA:383,0
DA:384,0
DA:387,0
DA:388,0
DA:390,0
DA:410,0
DA:418,0
DA:420,0
DA:421,0
DA:422,0
DA:425,0
DA:426,0
DA:428,0
DA:432,0
DA:433,0
DA:436,0
DA:437,0
DA:438,0
DA:439,0
DA:442,0
DA:443,0
DA:444,0
DA:445,0
DA:447,0
DA:451,0
DA:452,0
DA:453,0
DA:455,0
DA:456,0
DA:460,0
DA:461,0
DA:462,0
DA:465,0
DA:466,0
DA:477,0
DA:486,0
DA:492,0
DA:498,0
DA:511,0
DA:557,0
DA:563,0
DA:594,0
DA:605,0
DA:608,0
DA:612,0
DA:621,0
DA:630,0
DA:647,0
DA:648,0
DA:664,0
DA:667,0
DA:673,0
DA:680,0
DA:697,0
DA:698,0
DA:714,0
DA:716,0
DA:763,0
DA:766,0
DA:820,0
LF:217
LH:0
BRDA:27,0,0,0
BRDA:27,0,1,0
BRDA:55,1,0,0
BRDA:55,1,1,0
BRDA:62,2,0,0
BRDA:62,2,1,0
BRDA:62,3,0,0
BRDA:62,3,1,0
BRDA:72,4,0,0
BRDA:72,4,1,0
BRDA:73,5,0,0
BRDA:73,5,1,0
BRDA:76,6,0,0
BRDA:76,6,1,0
BRDA:77,7,0,0
BRDA:77,7,1,0
BRDA:78,8,0,0
BRDA:78,8,1,0
BRDA:79,9,0,0
BRDA:79,9,1,0
BRDA:85,10,0,0
BRDA:85,10,1,0
BRDA:87,11,0,0
BRDA:87,11,1,0
BRDA:87,12,0,0
BRDA:87,12,1,0
BRDA:89,13,0,0
BRDA:89,13,1,0
BRDA:89,13,2,0
BRDA:89,13,3,0
BRDA:90,14,0,0
BRDA:90,14,1,0
BRDA:91,15,0,0
BRDA:91,15,1,0
BRDA:91,15,2,0
BRDA:91,15,3,0
BRDA:92,16,0,0
BRDA:92,16,1,0
BRDA:93,17,0,0
BRDA:93,17,1,0
BRDA:94,18,0,0
BRDA:94,18,1,0
BRDA:95,19,0,0
BRDA:95,19,1,0
BRDA:96,20,0,0
BRDA:96,20,1,0
BRDA:97,21,0,0
BRDA:97,21,1,0
BRDA:98,22,0,0
BRDA:98,22,1,0
BRDA:99,23,0,0
BRDA:99,23,1,0
BRDA:108,24,0,0
BRDA:108,24,1,0
BRDA:125,25,0,0
BRDA:125,25,1,0
BRDA:127,26,0,0
BRDA:127,26,1,0
BRDA:128,27,0,0
BRDA:128,27,1,0
BRDA:131,28,0,0
BRDA:131,28,1,0
BRDA:132,29,0,0
BRDA:132,29,1,0
BRDA:133,30,0,0
BRDA:133,30,1,0
BRDA:133,30,2,0
BRDA:150,31,0,0
BRDA:150,31,1,0
BRDA:150,32,0,0
BRDA:150,32,1,0
BRDA:154,33,0,0
BRDA:154,33,1,0
BRDA:166,34,0,0
BRDA:166,34,1,0
BRDA:171,35,0,0
BRDA:171,35,1,0
BRDA:171,35,2,0
BRDA:172,36,0,0
BRDA:172,36,1,0
BRDA:176,37,0,0
BRDA:176,37,1,0
BRDA:177,38,0,0
BRDA:177,38,1,0
BRDA:177,38,2,0
BRDA:177,38,3,0
BRDA:177,38,4,0
BRDA:178,39,0,0
BRDA:178,39,1,0
BRDA:178,40,0,0
BRDA:178,40,1,0
BRDA:181,41,0,0
BRDA:181,41,1,0
BRDA:181,41,2,0
BRDA:181,41,3,0
BRDA:185,42,0,0
BRDA:185,42,1,0
BRDA:185,43,0,0
BRDA:185,43,1,0
BRDA:185,43,2,0
BRDA:186,44,0,0
BRDA:186,44,1,0
BRDA:193,45,0,0
BRDA:193,45,1,0
BRDA:204,46,0,0
BRDA:204,46,1,0
BRDA:214,47,0,0
BRDA:214,47,1,0
BRDA:219,48,0,0
BRDA:219,48,1,0
BRDA:234,49,0,0
BRDA:234,49,1,0
BRDA:243,50,0,0
BRDA:243,50,1,0
BRDA:251,51,0,0
BRDA:251,51,1,0
BRDA:272,52,0,0
BRDA:272,52,1,0
BRDA:272,53,0,0
BRDA:272,53,1,0
BRDA:273,54,0,0
BRDA:273,54,1,0
BRDA:273,55,0,0
BRDA:273,55,1,0
BRDA:273,55,2,0
BRDA:275,56,0,0
BRDA:275,56,1,0
BRDA:275,56,2,0
BRDA:299,57,0,0
BRDA:299,57,1,0
BRDA:299,58,0,0
BRDA:299,58,1,0
BRDA:300,59,0,0
BRDA:300,59,1,0
BRDA:300,60,0,0
BRDA:300,60,1,0
BRDA:305,61,0,0
BRDA:305,61,1,0
BRDA:313,62,0,0
BRDA:313,62,1,0
BRDA:315,63,0,0
BRDA:315,63,1,0
BRDA:315,63,2,0
BRDA:326,64,0,0
BRDA:326,64,1,0
BRDA:331,65,0,0
BRDA:331,65,1,0
BRDA:332,66,0,0
BRDA:332,66,1,0
BRDA:334,67,0,0
BRDA:334,67,1,0
BRDA:353,68,0,0
BRDA:353,68,1,0
BRDA:353,69,0,0
BRDA:353,69,1,0
BRDA:365,70,0,0
BRDA:365,70,1,0
BRDA:365,71,0,0
BRDA:365,71,1,0
BRDA:365,71,2,0
BRDA:365,71,3,0
BRDA:368,72,0,0
BRDA:368,72,1,0
BRDA:368,72,2,0
BRDA:381,73,0,0
BRDA:381,73,1,0
BRDA:388,74,0,0
BRDA:388,74,1,0
BRDA:388,74,2,0
BRDA:388,74,3,0
BRDA:391,75,0,0
BRDA:391,75,1,0
BRDA:392,76,0,0
BRDA:392,76,1,0
BRDA:393,77,0,0
BRDA:393,77,1,0
BRDA:397,78,0,0
BRDA:397,78,1,0
BRDA:398,79,0,0
BRDA:398,79,1,0
BRDA:401,80,0,0
BRDA:401,80,1,0
BRDA:404,81,0,0
BRDA:404,81,1,0
BRDA:405,82,0,0
BRDA:405,82,1,0
BRDA:406,83,0,0
BRDA:406,83,1,0
BRDA:414,84,0,0
BRDA:414,84,1,0
BRDA:420,85,0,0
BRDA:420,85,1,0
BRDA:426,86,0,0
BRDA:426,86,1,0
BRDA:452,87,0,0
BRDA:452,87,1,0
BRDA:453,88,0,0
BRDA:453,88,1,0
BRDA:461,89,0,0
BRDA:461,89,1,0
BRDA:465,90,0,0
BRDA:465,90,1,0
BRDA:485,91,0,0
BRDA:485,91,1,0
BRDA:491,92,0,0
BRDA:491,92,1,0
BRDA:497,93,0,0
BRDA:497,93,1,0
BRDA:506,94,0,0
BRDA:506,94,1,0
BRDA:520,95,0,0
BRDA:520,95,1,0
BRDA:544,96,0,0
BRDA:544,96,1,0
BRDA:551,97,0,0
BRDA:551,97,1,0
BRDA:556,98,0,0
BRDA:556,98,1,0
BRDA:562,99,0,0
BRDA:562,99,1,0
BRDA:569,100,0,0
BRDA:569,100,1,0
BRDA:570,101,0,0
BRDA:570,101,1,0
BRDA:606,102,0,0
BRDA:606,102,1,0
BRDA:606,103,0,0
BRDA:606,103,1,0
BRDA:609,104,0,0
BRDA:609,104,1,0
BRDA:609,105,0,0
BRDA:609,105,1,0
BRDA:613,106,0,0
BRDA:613,106,1,0
BRDA:613,107,0,0
BRDA:613,107,1,0
BRDA:691,108,0,0
BRDA:691,108,1,0
BRDA:706,109,0,0
BRDA:706,109,1,0
BRDA:712,110,0,0
BRDA:712,110,1,0
BRDA:712,111,0,0
BRDA:712,111,1,0
BRDA:717,112,0,0
BRDA:717,112,1,0
BRDA:720,113,0,0
BRDA:720,113,1,0
BRDA:721,114,0,0
BRDA:721,114,1,0
BRDA:724,115,0,0
BRDA:724,115,1,0
BRDA:728,116,0,0
BRDA:728,116,1,0
BRDA:728,117,0,0
BRDA:728,117,1,0
BRDA:728,117,2,0
BRDA:735,118,0,0
BRDA:735,118,1,0
BRDA:735,119,0,0
BRDA:735,119,1,0
BRDA:765,120,0,0
BRDA:765,120,1,0
BRDA:782,121,0,0
BRDA:782,121,1,0
BRDA:808,122,0,0
BRDA:808,122,1,0
BRDA:815,123,0,0
BRDA:815,123,1,0
BRF:269
BRH:0
end_of_record
TN:
SF:src\services\api.js
FN:14,(anonymous_0)
FN:21,(anonymous_1)
FN:28,(anonymous_2)
FN:29,(anonymous_3)
FNF:4
FNH:0
FNDA:0,(anonymous_0)
FNDA:0,(anonymous_1)
FNDA:0,(anonymous_2)
FNDA:0,(anonymous_3)
DA:3,10
DA:5,10
DA:13,10
DA:15,0
DA:16,0
DA:17,0
DA:19,0
DA:22,0
DA:27,9
DA:28,0
DA:31,0
DA:32,0
DA:33,0
DA:34,0
DA:36,0
LF:15
LH:4
BRDA:16,0,0,0
BRDA:16,0,1,0
BRDA:31,1,0,0
BRDA:31,1,1,0
BRDA:31,2,0,0
BRDA:31,2,1,0
BRF:6
BRH:0
end_of_record
TN:
SF:src\services\authService.js
FN:4,(anonymous_0)
FN:14,(anonymous_1)
FN:24,(anonymous_2)
FNF:3
FNH:3
FNDA:2,(anonymous_0)
FNDA:2,(anonymous_1)
FNDA:1,(anonymous_2)
DA:3,3
DA:5,2
DA:6,2
DA:7,1
DA:9,1
DA:10,1
DA:15,2
DA:16,2
DA:17,1
DA:19,1
DA:20,1
DA:25,1
DA:26,1
LF:13
LH:13
BRF:0
BRH:0
end_of_record
TN:
SF:src\services\formService.js
FN:6,(anonymous_0)
FN:17,(anonymous_1)
FN:28,(anonymous_2)
FN:39,(anonymous_3)
FN:50,(anonymous_4)
FN:61,(anonymous_5)
FN:90,(anonymous_6)
FN:101,(anonymous_7)
FN:112,(anonymous_8)
FNF:9
FNH:9
FNDA:2,(anonymous_0)
FNDA:2,(anonymous_1)
FNDA:2,(anonymous_2)
FNDA:2,(anonymous_3)
FNDA:1,(anonymous_4)
FNDA:6,(anonymous_5)
FNDA:2,(anonymous_6)
FNDA:2,(anonymous_7)
FNDA:2,(anonymous_8)
DA:4,1
DA:7,2
DA:8,2
DA:9,1
DA:11,1
DA:12,1
DA:18,2
DA:19,2
DA:20,1
DA:22,1
DA:23,1
DA:29,2
DA:30,2
DA:31,1
DA:33,1
DA:34,1
DA:40,2
DA:41,2
DA:42,1
DA:44,1
DA:45,1
DA:51,1
DA:52,1
DA:54,1
DA:56,1
DA:57,1
DA:62,6
DA:63,6
DA:66,6
DA:68,3
DA:70,3
DA:71,2
DA:77,1
DA:79,4
DA:81,4
DA:82,2
DA:85,2
DA:91,2
DA:92,2
DA:93,1
DA:95,1
DA:96,1
DA:102,2
DA:103,2
DA:104,1
DA:106,1
DA:107,1
DA:113,2
DA:114,2
DA:116,1
DA:117,1
LF:51
LH:51
BRDA:6,0,0,1
BRDA:6,1,0,1
BRDA:70,2,0,2
BRDA:70,2,1,1
BRDA:70,3,0,3
BRDA:70,3,1,2
BRDA:73,4,0,2
BRDA:73,4,1,1
BRDA:81,5,0,2
BRDA:81,5,1,2
BRDA:82,6,0,2
BRDA:82,6,1,1
BRDA:82,6,2,0
BRF:13
BRH:12
end_of_record
TN:
SF:src\services\responseService.js
FN:5,(anonymous_0)
FN:16,(anonymous_1)
FN:27,(anonymous_2)
FN:38,(anonymous_3)
FN:49,(anonymous_4)
FN:61,(anonymous_5)
FN:72,(anonymous_6)
FN:83,(anonymous_7)
FN:92,(anonymous_8)
FN:92,(anonymous_9)
FN:112,(anonymous_10)
FNF:11
FNH:0
FNDA:0,(anonymous_0)
FNDA:0,(anonymous_1)
FNDA:0,(anonymous_2)
FNDA:0,(anonymous_3)
FNDA:0,(anonymous_4)
FNDA:0,(anonymous_5)
FNDA:0,(anonymous_6)
FNDA:0,(anonymous_7)
FNDA:0,(anonymous_8)
FNDA:0,(anonymous_9)
FNDA:0,(anonymous_10)
DA:3,5
DA:6,0
DA:7,0
DA:8,0
DA:10,0
DA:11,0
DA:17,0
DA:18,0
DA:19,0
DA:21,0
DA:22,0
DA:28,0
DA:29,0
DA:30,0
DA:32,0
DA:33,0
DA:39,0
DA:40,0
DA:41,0
DA:43,0
DA:44,0
DA:50,0
DA:51,0
DA:52,0
DA:53,0
DA:55,0
DA:56,0
DA:62,0
DA:63,0
DA:64,0
DA:66,0
DA:67,0
DA:73,0
DA:74,0
DA:76,0
DA:77,0
DA:78,0
DA:82,0
DA:83,0
DA:90,0
DA:92,0
DA:96,0
DA:97,0
DA:98,0
DA:99,0
DA:100,0
DA:101,0
DA:102,0
DA:103,0
DA:104,0
DA:106,0
DA:107,0
DA:113,0
DA:114,0
DA:123,0
DA:125,0
DA:126,0
LF:57
LH:1
BRDA:76,0,0,0
BRDA:76,0,1,0
BRDA:76,1,0,0
BRDA:76,1,1,0
BRDA:87,2,0,0
BRDA:87,2,1,0
BRF:6
BRH:0
end_of_record
TN:
SF:src\utils\constants.js
FNF:0
FNH:0
DA:1,0
DA:7,0
DA:19,0
DA:24,0
DA:26,0
LF:5
LH:0
BRDA:2,0,0,0
BRDA:2,0,1,0
BRF:2
BRH:0
end_of_record
TN:
SF:src\utils\helpers.js
FN:2,(anonymous_0)
FN:7,(anonymous_1)
FN:14,(anonymous_2)
FN:20,(anonymous_3)
FN:22,executedFunction
FN:23,(anonymous_5)
FN:33,(anonymous_6)
FN:38,(anonymous_7)
FN:43,(anonymous_8)
FN:49,(anonymous_9)
FNF:10
FNH:9
FNDA:5,(anonymous_0)
FNDA:0,(anonymous_1)
FNDA:9,(anonymous_2)
FNDA:2,(anonymous_3)
FNDA:4,executedFunction
FNDA:2,(anonymous_5)
FNDA:3,(anonymous_6)
FNDA:4,(anonymous_7)
FNDA:4,(anonymous_8)
FNDA:10,(anonymous_9)
DA:2,3
DA:3,5
DA:7,3
DA:8,0
DA:9,0
DA:10,0
DA:14,3
DA:15,9
DA:16,9
DA:20,3
DA:22,2
DA:23,4
DA:24,2
DA:25,2
DA:27,4
DA:28,4
DA:33,3
DA:34,3
DA:38,3
DA:39,4
DA:43,3
DA:44,4
DA:45,1
DA:49,3
DA:50,10
DA:86,10
LF:26
LH:23
BRDA:8,0,0,0
BRDA:8,0,1,0
BRDA:44,1,0,3
BRDA:44,1,1,1
BRDA:86,2,0,10
BRDA:86,2,1,1
BRF:6
BRH:4
end_of_record
