TN:
SF:src\index.js
FNF:0
FNH:0
DA:8,0
DA:9,0
LF:2
LH:0
BRF:0
BRH:0
end_of_record
TN:
SF:src\index.jsx
FNF:0
FNH:0
DA:8,0
LF:1
LH:0
BRF:0
BRH:0
end_of_record
TN:
SF:src\components\Auth\LoginForm.jsx
FN:6,(anonymous_0)
FN:20,(anonymous_1)
FN:39,(anonymous_2)
FN:41,(anonymous_3)
FN:48,(anonymous_4)
FN:55,(anonymous_5)
FN:80,(anonymous_6)
FN:102,(anonymous_7)
FN:105,(anonymous_8)
FNF:9
FNH:8
FNDA:16,(anonymous_0)
FNDA:4,(anonymous_1)
FNDA:5,(anonymous_2)
FNDA:5,(anonymous_3)
FNDA:3,(anonymous_4)
FNDA:4,(anonymous_5)
FNDA:0,(anonymous_6)
FNDA:6,(anonymous_7)
FNDA:1,(anonymous_8)
DA:6,1
DA:7,16
DA:8,16
DA:10,16
DA:16,16
DA:17,16
DA:18,16
DA:20,16
DA:21,4
DA:23,4
DA:24,4
DA:25,0
DA:26,0
DA:29,4
DA:30,3
DA:31,1
DA:32,1
DA:35,4
DA:36,4
DA:39,16
DA:40,5
DA:41,5
DA:47,5
DA:48,3
DA:55,16
DA:56,4
DA:58,4
DA:59,4
DA:62,0
DA:63,0
DA:65,0
DA:66,0
DA:68,0
DA:69,0
DA:72,0
DA:73,0
DA:75,0
DA:79,0
DA:80,0
DA:81,0
DA:82,0
DA:83,0
DA:84,0
DA:87,0
DA:88,0
DA:92,0
DA:95,0
DA:97,0
DA:102,16
DA:103,6
DA:104,6
DA:105,1
DA:113,16
LF:53
LH:31
BRDA:23,0,0,4
BRDA:23,0,1,0
BRDA:25,1,0,0
BRDA:25,1,1,0
BRDA:29,2,0,3
BRDA:29,2,1,1
BRDA:31,3,0,1
BRDA:31,3,1,0
BRDA:43,4,0,2
BRDA:43,4,1,3
BRDA:47,5,0,3
BRDA:47,5,1,2
BRDA:58,6,0,4
BRDA:58,6,1,0
BRDA:68,7,0,0
BRDA:68,7,1,0
BRDA:72,8,0,0
BRDA:72,8,1,0
BRDA:81,9,0,0
BRDA:81,9,1,0
BRDA:83,10,0,0
BRDA:83,10,1,0
BRDA:87,11,0,0
BRDA:87,11,1,0
BRDA:92,12,0,0
BRDA:92,12,1,0
BRDA:104,13,0,1
BRDA:104,13,1,5
BRDA:123,14,0,16
BRDA:123,14,1,0
BRDA:140,15,0,5
BRDA:140,15,1,11
BRDA:147,16,0,16
BRDA:147,16,1,5
BRDA:162,17,0,6
BRDA:162,17,1,10
BRDA:169,18,0,16
BRDA:169,18,1,6
BRDA:195,19,0,0
BRDA:195,19,1,16
BRDA:198,20,0,0
BRDA:198,20,1,16
BRF:42
BRH:22
end_of_record
TN:
SF:src\components\Auth\LogoutButton.jsx
FN:6,(anonymous_0)
FN:12,(anonymous_1)
FN:20,(anonymous_2)
FN:24,(anonymous_3)
FN:30,(anonymous_4)
FN:35,(anonymous_5)
FN:63,(anonymous_6)
FNF:7
FNH:6
FNDA:16,(anonymous_0)
FNDA:6,(anonymous_1)
FNDA:2,(anonymous_2)
FNDA:0,(anonymous_3)
FNDA:1,(anonymous_4)
FNDA:2,(anonymous_5)
FNDA:3,(anonymous_6)
DA:6,1
DA:7,16
DA:8,16
DA:9,16
DA:10,16
DA:12,16
DA:13,6
DA:14,5
DA:16,1
DA:20,16
DA:21,2
DA:24,2
DA:25,0
DA:26,0
DA:30,16
DA:31,1
DA:32,1
DA:35,16
DA:36,2
DA:39,16
DA:63,3
LF:21
LH:19
BRDA:6,0,0,1
BRDA:13,1,0,5
BRDA:13,1,1,1
BRDA:43,2,0,2
BRDA:43,2,1,14
BRDA:47,3,0,2
BRDA:47,3,1,14
BRDA:61,4,0,16
BRDA:61,4,1,5
BRF:9
BRH:9
end_of_record
TN:
SF:src\components\Auth\ProtectedRoute.jsx
FN:6,(anonymous_0)
FNF:1
FNH:1
FNDA:5,(anonymous_0)
DA:6,1
DA:7,5
DA:9,5
DA:10,1
DA:13,4
DA:14,1
DA:17,3
DA:19,2
DA:20,1
DA:21,1
DA:22,1
DA:24,0
DA:27,1
LF:13
LH:12
BRDA:6,0,0,2
BRDA:9,1,0,1
BRDA:9,1,1,4
BRDA:13,2,0,1
BRDA:13,2,1,3
BRDA:17,3,0,2
BRDA:17,3,1,1
BRDA:17,4,0,3
BRDA:17,4,1,3
BRDA:19,5,0,1
BRDA:19,5,1,1
BRDA:21,6,0,1
BRDA:21,6,1,0
BRF:13
BRH:12
end_of_record
TN:
SF:src\components\Common\Button.jsx
FN:4,(anonymous_0)
FNF:1
FNH:1
FNDA:11,(anonymous_0)
DA:4,3
DA:14,11
LF:2
LH:2
BRDA:7,0,0,9
BRDA:8,1,0,9
BRDA:9,2,0,10
BRDA:10,3,0,9
BRDA:11,4,0,10
BRDA:16,5,0,2
BRDA:16,5,1,9
BRDA:18,6,0,11
BRDA:18,6,1,10
BRDA:21,7,0,11
BRDA:21,7,1,2
BRF:11
BRH:11
end_of_record
TN:
SF:src\components\Common\Input.jsx
FN:4,(anonymous_0)
FNF:1
FNH:1
FNDA:12,(anonymous_0)
DA:4,1
DA:17,12
DA:19,12
LF:3
LH:3
BRDA:5,0,0,10
BRDA:11,1,0,11
BRDA:12,2,0,11
BRDA:13,3,0,11
BRDA:21,4,0,12
BRDA:21,4,1,5
BRDA:23,5,0,5
BRDA:23,5,1,1
BRDA:26,6,0,1
BRDA:26,6,1,11
BRDA:33,7,0,0
BRDA:33,7,1,1
BRDA:36,8,0,1
BRDA:36,8,1,10
BRDA:42,9,0,0
BRDA:42,9,1,1
BRDA:55,10,0,2
BRDA:55,10,1,8
BRDA:59,11,0,12
BRDA:59,11,1,2
BRF:20
BRH:18
end_of_record
TN:
SF:src\components\Common\LoadingSpinner.jsx
FN:4,(anonymous_0)
FNF:1
FNH:1
FNDA:5,(anonymous_0)
DA:4,2
DA:5,5
LF:2
LH:2
BRDA:4,0,0,3
BRF:1
BRH:1
end_of_record
TN:
SF:src\components\Common\Modal.jsx
FN:5,(anonymous_0)
FN:20,(anonymous_1)
FN:37,(anonymous_2)
FN:54,(anonymous_3)
FN:65,(anonymous_4)
FN:82,(anonymous_5)
FN:98,(anonymous_6)
FNF:7
FNH:7
FNDA:13,(anonymous_0)
FNDA:12,(anonymous_1)
FNDA:12,(anonymous_2)
FNDA:2,(anonymous_3)
FNDA:12,(anonymous_4)
FNDA:12,(anonymous_5)
FNDA:4,(anonymous_6)
DA:5,1
DA:17,13
DA:20,12
DA:21,12
DA:23,11
DA:25,1
DA:27,1
DA:29,2
DA:32,7
DA:37,12
DA:38,12
DA:40,11
DA:42,1
DA:44,1
DA:46,2
DA:49,7
DA:54,12
DA:55,2
DA:56,1
DA:57,1
DA:65,12
DA:66,12
DA:68,11
DA:70,1
DA:72,1
DA:74,2
DA:77,7
DA:82,12
DA:83,12
DA:85,1
DA:87,1
DA:89,2
DA:92,8
DA:96,12
DA:98,4
LF:35
LH:35
BRDA:11,0,0,13
BRDA:13,1,0,12
BRDA:14,2,0,9
BRDA:17,3,0,1
BRDA:17,3,1,12
BRDA:21,4,0,1
BRDA:21,4,1,11
BRDA:23,5,0,1
BRDA:23,5,1,1
BRDA:23,5,2,2
BRDA:23,5,3,7
BRDA:23,5,4,7
BRDA:38,6,0,1
BRDA:38,6,1,11
BRDA:40,7,0,1
BRDA:40,7,1,1
BRDA:40,7,2,2
BRDA:40,7,3,7
BRDA:40,7,4,7
BRDA:55,8,0,1
BRDA:55,8,1,1
BRDA:66,9,0,1
BRDA:66,9,1,11
BRDA:68,10,0,1
BRDA:68,10,1,1
BRDA:68,10,2,2
BRDA:68,10,3,7
BRDA:68,10,4,7
BRDA:83,11,0,1
BRDA:83,11,1,1
BRDA:83,11,2,2
BRDA:83,11,3,8
BRDA:83,11,4,8
BRF:33
BRH:33
end_of_record
TN:
SF:src\components\Common\NavigationBar.jsx
FN:8,NavigationBar
FN:18,(anonymous_1)
FN:46,(anonymous_2)
FN:56,(anonymous_3)
FNF:4
FNH:4
FNDA:10,NavigationBar
FNDA:10,(anonymous_1)
FNDA:3,(anonymous_2)
FNDA:1,(anonymous_3)
DA:9,10
DA:10,10
DA:11,10
DA:14,10
DA:15,10
DA:18,10
DA:19,10
DA:22,10
DA:23,0
DA:24,10
DA:25,0
DA:26,10
DA:27,0
DA:28,10
DA:29,0
DA:30,10
DA:31,2
DA:35,8
DA:36,2
DA:37,6
DA:38,0
DA:39,6
DA:40,0
DA:43,6
DA:46,10
DA:47,3
DA:48,1
DA:49,2
DA:50,1
DA:52,1
DA:56,10
DA:57,1
DA:58,1
DA:59,1
DA:62,10
LF:35
LH:29
BRDA:22,0,0,0
BRDA:22,0,1,10
BRDA:22,1,0,10
BRDA:22,1,1,0
BRDA:24,2,0,0
BRDA:24,2,1,10
BRDA:24,3,0,10
BRDA:24,3,1,0
BRDA:26,4,0,0
BRDA:26,4,1,10
BRDA:26,5,0,10
BRDA:26,5,1,0
BRDA:28,6,0,0
BRDA:28,6,1,10
BRDA:30,7,0,2
BRDA:30,7,1,8
BRDA:35,8,0,2
BRDA:35,8,1,6
BRDA:37,9,0,0
BRDA:37,9,1,6
BRDA:37,10,0,6
BRDA:37,10,1,0
BRDA:39,11,0,0
BRDA:39,11,1,6
BRDA:43,12,0,4
BRDA:43,12,1,2
BRDA:47,13,0,1
BRDA:47,13,1,2
BRDA:49,14,0,1
BRDA:49,14,1,1
BRDA:78,15,0,10
BRDA:78,15,1,7
BRF:32
BRH:22
end_of_record
TN:
SF:src\components\Common\ProtectedRoute.jsx
FN:5,(anonymous_0)
FNF:1
FNH:0
FNDA:0,(anonymous_0)
DA:5,0
DA:6,0
DA:7,0
DA:10,0
DA:11,0
DA:24,0
DA:25,0
DA:29,0
DA:31,0
DA:35,0
LF:10
LH:0
BRDA:5,0,0,0
BRDA:10,1,0,0
BRDA:10,1,1,0
BRDA:24,2,0,0
BRDA:24,2,1,0
BRDA:29,3,0,0
BRDA:29,3,1,0
BRDA:29,4,0,0
BRDA:29,4,1,0
BRF:9
BRH:0
end_of_record
TN:
SF:src\components\FormBuilder\FieldsSidebar.jsx
FN:10,(anonymous_0)
FN:34,(anonymous_1)
FN:48,(anonymous_2)
FN:54,(anonymous_3)
FN:62,(anonymous_4)
FN:67,(anonymous_5)
FN:67,(anonymous_6)
FNF:7
FNH:7
FNDA:15,(anonymous_0)
FNDA:7,(anonymous_1)
FNDA:1,(anonymous_2)
FNDA:3,(anonymous_3)
FNDA:84,(anonymous_4)
FNDA:1,(anonymous_5)
FNDA:7,(anonymous_6)
DA:10,1
DA:11,15
DA:14,15
DA:24,15
DA:32,15
DA:34,15
DA:35,7
DA:36,7
DA:37,7
DA:38,6
DA:42,15
DA:48,1
DA:54,3
DA:63,84
DA:67,7
LF:15
LH:15
BRDA:10,0,0,13
BRDA:32,1,0,12
BRDA:32,1,1,3
BRDA:37,2,0,6
BRDA:37,2,1,1
BRDA:43,3,0,2
BRDA:43,3,1,13
BRDA:47,4,0,12
BRDA:47,4,1,3
BRDA:53,5,0,3
BRDA:53,5,1,12
BRDA:67,6,0,12
BRDA:67,6,1,72
BRF:13
BRH:13
end_of_record
TN:
SF:src\components\FormBuilder\FormBuilderCanvas.jsx
FN:8,(anonymous_0)
FN:34,(anonymous_1)
FN:35,(anonymous_2)
FN:63,(anonymous_3)
FN:67,(anonymous_4)
FN:68,(anonymous_5)
FN:75,(anonymous_6)
FN:83,(anonymous_7)
FN:89,(anonymous_8)
FN:102,(anonymous_9)
FN:111,(anonymous_10)
FN:124,(anonymous_11)
FN:172,(anonymous_12)
FN:178,(anonymous_13)
FN:180,(anonymous_14)
FN:181,(anonymous_15)
FN:190,(anonymous_16)
FN:198,(anonymous_17)
FN:216,(anonymous_18)
FN:232,(anonymous_19)
FN:236,(anonymous_20)
FN:248,(anonymous_21)
FN:274,(anonymous_22)
FN:291,(anonymous_23)
FN:297,(anonymous_24)
FN:302,(anonymous_25)
FN:319,(anonymous_26)
FN:339,(anonymous_27)
FN:351,(anonymous_28)
FN:390,(anonymous_29)
FN:393,(anonymous_30)
FN:396,(anonymous_31)
FN:403,(anonymous_32)
FN:404,(anonymous_33)
FN:405,(anonymous_34)
FNF:35
FNH:35
FNDA:80,(anonymous_0)
FNDA:68,(anonymous_1)
FNDA:3,(anonymous_2)
FNDA:68,(anonymous_3)
FNDA:44,(anonymous_4)
FNDA:8,(anonymous_5)
FNDA:3,(anonymous_6)
FNDA:44,(anonymous_7)
FNDA:5,(anonymous_8)
FNDA:1,(anonymous_9)
FNDA:2,(anonymous_10)
FNDA:5,(anonymous_11)
FNDA:1,(anonymous_12)
FNDA:1,(anonymous_13)
FNDA:2,(anonymous_14)
FNDA:1,(anonymous_15)
FNDA:4,(anonymous_16)
FNDA:4,(anonymous_17)
FNDA:1,(anonymous_18)
FNDA:5,(anonymous_19)
FNDA:1,(anonymous_20)
FNDA:4,(anonymous_21)
FNDA:4,(anonymous_22)
FNDA:2,(anonymous_23)
FNDA:1,(anonymous_24)
FNDA:11,(anonymous_25)
FNDA:6,(anonymous_26)
FNDA:2,(anonymous_27)
FNDA:1,(anonymous_28)
FNDA:57,(anonymous_29)
FNDA:114,(anonymous_30)
FNDA:11,(anonymous_31)
FNDA:1,(anonymous_32)
FNDA:1,(anonymous_33)
FNDA:4,(anonymous_34)
DA:8,1
DA:17,80
DA:18,80
DA:19,80
DA:20,80
DA:21,80
DA:24,80
DA:25,80
DA:27,80
DA:29,80
DA:31,80
DA:34,80
DA:35,68
DA:37,3
DA:39,2
DA:41,2
DA:43,1
DA:55,3
DA:56,1
DA:57,1
DA:62,68
DA:63,68
DA:67,80
DA:68,44
DA:70,8
DA:71,3
DA:75,44
DA:76,3
DA:77,3
DA:80,44
DA:81,44
DA:83,44
DA:84,44
DA:85,44
DA:89,80
DA:90,5
DA:91,5
DA:94,5
DA:95,0
DA:96,0
DA:97,0
DA:102,80
DA:103,1
DA:104,1
DA:106,1
DA:107,0
DA:111,80
DA:112,2
DA:115,2
DA:116,2
DA:117,2
DA:119,2
DA:120,1
DA:124,80
DA:125,5
DA:126,5
DA:127,5
DA:128,5
DA:130,5
DA:131,5
DA:132,5
DA:134,4
DA:135,3
DA:156,3
DA:157,3
DA:160,3
DA:162,3
DA:167,1
DA:168,1
DA:172,80
DA:173,1
DA:174,1
DA:175,1
DA:178,80
DA:179,1
DA:180,2
DA:181,1
DA:185,1
DA:186,1
DA:187,1
DA:190,80
DA:191,4
DA:192,4
DA:194,4
DA:195,2
DA:198,2
DA:199,4
DA:202,2
DA:204,2
DA:210,2
DA:216,80
DA:217,1
DA:223,1
DA:224,1
DA:226,1
DA:232,80
DA:233,5
DA:236,80
DA:237,1
DA:238,1
DA:239,1
DA:242,1
DA:243,1
DA:244,1
DA:248,80
DA:249,4
DA:250,4
DA:253,4
DA:254,4
DA:255,4
DA:258,4
DA:259,2
DA:260,2
DA:261,2
DA:264,2
DA:265,2
DA:268,2
DA:271,2
DA:274,2
DA:275,4
DA:279,2
DA:282,2
DA:283,2
DA:285,2
DA:291,80
DA:293,2
DA:294,2
DA:297,2
DA:298,1
DA:302,80
DA:303,11
DA:304,10
DA:307,80
DA:319,6
DA:339,2
DA:351,1
DA:391,57
DA:394,114
DA:396,11
DA:403,1
DA:404,1
DA:405,4
LF:142
LH:138
BRDA:14,0,0,77
BRDA:29,1,0,80
BRDA:29,1,1,1
BRDA:31,2,0,80
BRDA:31,2,1,1
BRDA:37,3,0,2
BRDA:37,3,1,1
BRDA:37,4,0,3
BRDA:37,4,1,2
BRDA:37,4,2,2
BRDA:41,5,0,1
BRDA:41,5,1,1
BRDA:55,6,0,1
BRDA:55,6,1,2
BRDA:55,7,0,3
BRDA:55,7,1,1
BRDA:56,8,0,1
BRDA:56,8,1,0
BRDA:70,9,0,3
BRDA:70,9,1,0
BRDA:94,10,0,0
BRDA:94,10,1,5
BRDA:96,11,0,0
BRDA:96,11,1,0
BRDA:106,12,0,0
BRDA:106,12,1,1
BRDA:119,13,0,1
BRDA:119,13,1,1
BRDA:119,14,0,2
BRDA:119,14,1,2
BRDA:119,14,2,1
BRDA:119,14,3,1
BRDA:132,15,0,1
BRDA:132,15,1,4
BRDA:141,16,0,1
BRDA:141,16,1,2
BRDA:143,17,0,1
BRDA:143,17,1,2
BRDA:149,18,0,1
BRDA:149,18,1,2
BRDA:192,19,0,2
BRDA:192,19,1,2
BRDA:194,20,0,2
BRDA:194,20,1,2
BRDA:194,21,0,4
BRDA:194,21,1,3
BRDA:205,22,0,1
BRDA:205,22,1,1
BRDA:238,23,0,0
BRDA:238,23,1,1
BRDA:243,24,0,1
BRDA:243,24,1,0
BRDA:254,25,0,4
BRDA:254,25,1,0
BRDA:258,26,0,2
BRDA:258,26,1,2
BRDA:258,27,0,4
BRDA:258,27,1,3
BRDA:303,28,0,1
BRDA:303,28,1,10
BRDA:304,29,0,1
BRDA:304,29,1,9
BRDA:308,30,0,3
BRDA:308,30,1,77
BRDA:319,31,0,6
BRDA:319,31,1,5
BRDA:321,32,0,3
BRDA:321,32,1,77
BRDA:327,33,0,8
BRDA:327,33,1,72
BRDA:363,34,0,72
BRDA:363,34,1,1
BRDA:365,35,0,72
BRDA:365,35,1,1
BRDA:381,36,0,0
BRDA:381,36,1,80
BRDA:388,37,0,80
BRDA:388,37,1,41
BRDA:394,38,0,57
BRDA:394,38,1,57
BRDA:417,39,0,41
BRDA:417,39,1,1
BRDA:417,39,2,0
BRDA:426,40,0,80
BRDA:426,40,1,39
BRDA:428,41,0,0
BRDA:428,41,1,39
BRDA:428,42,0,39
BRDA:428,42,1,2
BRF:89
BRH:77
end_of_record
TN:
SF:src\components\FormBuilder\FormConfig.jsx
FN:4,(anonymous_0)
FN:17,(anonymous_1)
FN:26,(anonymous_2)
FN:35,(anonymous_3)
FN:46,(anonymous_4)
FN:69,(anonymous_5)
FN:85,(anonymous_6)
FN:104,(anonymous_7)
FNF:8
FNH:8
FNDA:18,(anonymous_0)
FNDA:2,(anonymous_1)
FNDA:1,(anonymous_2)
FNDA:3,(anonymous_3)
FNDA:2,(anonymous_4)
FNDA:2,(anonymous_5)
FNDA:1,(anonymous_6)
FNDA:2,(anonymous_7)
DA:4,1
DA:15,18
DA:17,18
DA:18,2
DA:19,2
DA:20,1
DA:22,1
DA:26,18
DA:27,1
DA:28,0
DA:29,0
DA:31,1
DA:32,1
DA:35,18
DA:36,3
DA:39,3
DA:40,0
DA:41,3
DA:42,2
DA:46,18
DA:47,2
DA:48,2
DA:53,18
DA:69,2
DA:85,1
DA:104,2
LF:26
LH:23
BRDA:13,0,0,17
BRDA:15,1,0,18
BRDA:15,1,1,6
BRDA:27,2,0,0
BRDA:27,2,1,1
BRDA:39,3,0,0
BRDA:39,3,1,3
BRDA:39,4,0,3
BRDA:39,4,1,2
BRDA:41,5,0,2
BRDA:41,5,1,1
BRDA:41,6,0,3
BRDA:41,6,1,2
BRDA:48,7,0,1
BRDA:48,7,1,1
BRDA:49,8,0,1
BRDA:49,8,1,1
BRDA:67,9,0,1
BRDA:67,9,1,17
BRDA:74,10,0,18
BRDA:74,10,1,1
BRDA:83,11,0,1
BRDA:83,11,1,17
BRDA:91,12,0,18
BRDA:91,12,1,1
BRDA:103,13,0,18
BRDA:103,13,1,17
BRDA:123,14,0,18
BRDA:123,14,1,17
BRDA:125,15,0,1
BRDA:125,15,1,17
BRDA:130,16,0,18
BRDA:130,16,1,17
BRF:33
BRH:31
end_of_record
TN:
SF:src\components\FormBuilder\FormConfigActions.jsx
FN:5,(anonymous_0)
FNF:1
FNH:1
FNDA:7,(anonymous_0)
DA:5,1
DA:11,7
LF:2
LH:2
BRDA:16,0,0,7
BRDA:16,0,1,6
BRDA:23,1,0,7
BRDA:23,1,1,6
BRF:4
BRH:4
end_of_record
TN:
SF:src\components\FormBuilder\FormEditor.jsx
FN:23,(anonymous_0)
FN:38,(anonymous_1)
FN:42,(anonymous_2)
FN:48,(anonymous_3)
FN:52,(anonymous_4)
FN:58,(anonymous_5)
FN:78,(anonymous_6)
FN:83,(anonymous_7)
FN:115,(anonymous_8)
FN:139,(anonymous_9)
FN:169,(anonymous_10)
FN:195,(anonymous_11)
FN:205,(anonymous_12)
FN:209,(anonymous_13)
FN:235,(anonymous_14)
FN:250,(anonymous_15)
FN:254,(anonymous_16)
FN:281,(anonymous_17)
FN:297,(anonymous_18)
FN:303,(anonymous_19)
FNF:20
FNH:17
FNDA:66,(anonymous_0)
FNDA:138,(anonymous_1)
FNDA:33,(anonymous_2)
FNDA:33,(anonymous_3)
FNDA:33,(anonymous_4)
FNDA:2,(anonymous_5)
FNDA:1,(anonymous_6)
FNDA:5,(anonymous_7)
FNDA:1,(anonymous_8)
FNDA:4,(anonymous_9)
FNDA:5,(anonymous_10)
FNDA:2,(anonymous_11)
FNDA:3,(anonymous_12)
FNDA:1,(anonymous_13)
FNDA:6,(anonymous_14)
FNDA:3,(anonymous_15)
FNDA:0,(anonymous_16)
FNDA:1,(anonymous_17)
FNDA:0,(anonymous_18)
FNDA:0,(anonymous_19)
DA:23,1
DA:24,66
DA:25,66
DA:26,66
DA:38,138
DA:40,66
DA:42,66
DA:43,33
DA:44,2
DA:48,66
DA:49,33
DA:50,2
DA:52,33
DA:53,33
DA:58,66
DA:59,2
DA:60,2
DA:61,2
DA:62,1
DA:63,1
DA:67,1
DA:68,1
DA:71,1
DA:72,1
DA:74,2
DA:78,66
DA:79,1
DA:83,66
DA:84,5
DA:85,1
DA:86,1
DA:89,4
DA:90,4
DA:91,4
DA:93,4
DA:95,2
DA:96,1
DA:97,1
DA:100,2
DA:104,3
DA:105,3
DA:115,3
DA:116,3
DA:117,1
DA:119,2
DA:122,3
DA:125,3
DA:126,3
DA:129,3
DA:131,1
DA:132,1
DA:134,4
DA:139,66
DA:140,4
DA:142,4
DA:143,1
DA:144,1
DA:147,3
DA:148,3
DA:150,3
DA:152,2
DA:153,1
DA:156,1
DA:159,2
DA:161,1
DA:162,1
DA:164,3
DA:169,66
DA:170,5
DA:171,1
DA:172,1
DA:175,4
DA:176,1
DA:177,1
DA:180,3
DA:181,3
DA:184,3
DA:185,3
DA:195,3
DA:196,3
DA:197,2
DA:199,1
DA:202,3
DA:205,3
DA:209,1
DA:221,3
DA:224,3
DA:225,2
DA:227,1
DA:228,1
DA:230,3
DA:235,66
DA:236,6
DA:237,1
DA:238,1
DA:241,5
DA:242,2
DA:243,2
DA:246,3
DA:247,3
DA:250,3
DA:254,0
DA:266,3
DA:269,3
DA:270,1
DA:272,1
DA:274,2
DA:275,2
DA:277,3
DA:281,66
DA:282,1
DA:283,1
DA:286,66
DA:287,3
DA:290,63
DA:297,0
DA:303,0
LF:117
LH:114
BRDA:40,0,0,66
BRDA:40,0,1,7
BRDA:43,1,0,2
BRDA:43,1,1,31
BRDA:43,2,0,33
BRDA:43,2,1,32
BRDA:49,3,0,2
BRDA:49,3,1,31
BRDA:62,4,0,1
BRDA:62,4,1,0
BRDA:64,5,0,1
BRDA:64,5,1,0
BRDA:65,6,0,1
BRDA:65,6,1,0
BRDA:67,7,0,1
BRDA:67,7,1,0
BRDA:84,8,0,1
BRDA:84,8,1,4
BRDA:84,9,0,5
BRDA:84,9,1,4
BRDA:93,10,0,2
BRDA:93,10,1,2
BRDA:104,11,0,3
BRDA:104,11,1,0
BRDA:116,12,0,1
BRDA:116,12,1,2
BRDA:125,13,0,3
BRDA:125,13,1,0
BRDA:125,14,0,3
BRDA:125,14,1,3
BRDA:142,15,0,1
BRDA:142,15,1,3
BRDA:142,16,0,4
BRDA:142,16,1,3
BRDA:150,17,0,2
BRDA:150,17,1,1
BRDA:170,18,0,1
BRDA:170,18,1,4
BRDA:175,19,0,1
BRDA:175,19,1,3
BRDA:184,20,0,3
BRDA:184,20,1,0
BRDA:196,21,0,2
BRDA:196,21,1,1
BRDA:206,22,0,3
BRDA:206,22,1,2
BRDA:206,22,2,1
BRDA:207,23,0,3
BRDA:207,23,1,2
BRDA:207,23,2,1
BRDA:209,24,0,3
BRDA:209,24,1,2
BRDA:209,25,0,1
BRDA:209,25,1,0
BRDA:210,26,0,3
BRDA:210,26,1,2
BRDA:211,27,0,3
BRDA:211,27,1,2
BRDA:212,28,0,3
BRDA:212,28,1,2
BRDA:214,29,0,3
BRDA:214,29,1,2
BRDA:214,29,2,2
BRDA:215,30,0,3
BRDA:215,30,1,2
BRDA:216,31,0,3
BRDA:216,31,1,3
BRDA:217,32,0,3
BRDA:217,32,1,2
BRDA:218,33,0,3
BRDA:218,33,1,3
BRDA:236,34,0,1
BRDA:236,34,1,5
BRDA:241,35,0,2
BRDA:241,35,1,3
BRDA:241,36,0,5
BRDA:241,36,1,4
BRDA:251,37,0,3
BRDA:251,37,1,0
BRDA:251,37,2,0
BRDA:252,38,0,3
BRDA:252,38,1,2
BRDA:252,38,2,2
BRDA:254,39,0,3
BRDA:254,39,1,3
BRDA:254,40,0,0
BRDA:254,40,1,0
BRDA:255,41,0,3
BRDA:255,41,1,3
BRDA:256,42,0,3
BRDA:256,42,1,3
BRDA:257,43,0,3
BRDA:257,43,1,3
BRDA:259,44,0,3
BRDA:259,44,1,3
BRDA:259,44,2,3
BRDA:260,45,0,3
BRDA:260,45,1,3
BRDA:261,46,0,3
BRDA:261,46,1,3
BRDA:262,47,0,3
BRDA:262,47,1,3
BRDA:263,48,0,3
BRDA:263,48,1,3
BRDA:275,49,0,2
BRDA:275,49,1,1
BRDA:286,50,0,3
BRDA:286,50,1,63
BRDA:296,51,0,35
BRDA:296,51,1,28
BRDA:302,52,0,28
BRDA:302,52,1,35
BRDA:302,53,0,3
BRDA:302,53,1,60
BRDA:302,54,0,63
BRDA:302,54,1,28
BRDA:303,55,0,0
BRDA:303,55,1,0
BRDA:303,56,0,0
BRDA:303,56,1,0
BRDA:304,57,0,63
BRDA:304,57,1,28
BRDA:311,58,0,35
BRDA:311,58,1,28
BRF:124
BRH:108
end_of_record
TN:
SF:src\components\FormBuilder\FormLayout.jsx
FN:9,(anonymous_0)
FN:18,(anonymous_1)
FN:21,(anonymous_2)
FN:26,(anonymous_3)
FN:31,(anonymous_4)
FN:94,(anonymous_5)
FNF:6
FNH:6
FNDA:50,(anonymous_0)
FNDA:98,(anonymous_1)
FNDA:4,(anonymous_2)
FNDA:3,(anonymous_3)
FNDA:1,(anonymous_4)
FNDA:1,(anonymous_5)
DA:9,1
DA:17,50
DA:18,98
DA:21,50
DA:22,4
DA:26,50
DA:27,3
DA:31,50
DA:32,1
DA:33,1
DA:36,50
DA:94,1
LF:12
LH:12
BRDA:39,0,0,10
BRDA:39,0,1,40
BRDA:63,1,0,50
BRDA:63,1,1,40
BRDA:76,2,0,40
BRDA:76,2,1,37
BRDA:78,3,0,3
BRDA:78,3,1,37
BRDA:83,4,0,40
BRDA:83,4,1,37
BRDA:85,5,0,3
BRDA:85,5,1,37
BRF:12
BRH:12
end_of_record
TN:
SF:src\components\FormBuilder\FormList.jsx
FN:13,(anonymous_0)
FN:34,(anonymous_1)
FN:41,(anonymous_2)
FN:47,(anonymous_3)
FN:55,(anonymous_4)
FN:61,(anonymous_5)
FN:117,(anonymous_6)
FN:146,(anonymous_7)
FN:153,(anonymous_8)
FN:160,(anonymous_9)
FN:166,(anonymous_10)
FN:201,(anonymous_11)
FN:202,(anonymous_12)
FN:230,(anonymous_13)
FN:255,(anonymous_14)
FN:269,(anonymous_15)
FN:274,(anonymous_16)
FN:279,(anonymous_17)
FN:284,(anonymous_18)
FN:290,(anonymous_19)
FN:291,(anonymous_20)
FN:292,(anonymous_21)
FN:300,(anonymous_22)
FN:306,(anonymous_23)
FN:311,(anonymous_24)
FN:312,(anonymous_25)
FN:318,(anonymous_26)
FN:329,(anonymous_27)
FN:357,(anonymous_28)
FN:384,(anonymous_29)
FN:395,(anonymous_30)
FN:403,(anonymous_31)
FN:406,(anonymous_32)
FN:409,(anonymous_33)
FN:415,(anonymous_34)
FN:418,(anonymous_35)
FN:432,(anonymous_36)
FN:488,(anonymous_37)
FN:497,(anonymous_38)
FN:520,(anonymous_39)
FNF:40
FNH:34
FNDA:146,(anonymous_0)
FNDA:48,(anonymous_1)
FNDA:48,(anonymous_2)
FNDA:4,(anonymous_3)
FNDA:4,(anonymous_4)
FNDA:57,(anonymous_5)
FNDA:96,(anonymous_6)
FNDA:0,(anonymous_7)
FNDA:0,(anonymous_8)
FNDA:1,(anonymous_9)
FNDA:0,(anonymous_10)
FNDA:9,(anonymous_11)
FNDA:11,(anonymous_12)
FNDA:5,(anonymous_13)
FNDA:3,(anonymous_14)
FNDA:15,(anonymous_15)
FNDA:1,(anonymous_16)
FNDA:0,(anonymous_17)
FNDA:1,(anonymous_18)
FNDA:1,(anonymous_19)
FNDA:1,(anonymous_20)
FNDA:2,(anonymous_21)
FNDA:2,(anonymous_22)
FNDA:1,(anonymous_23)
FNDA:48,(anonymous_24)
FNDA:24,(anonymous_25)
FNDA:48,(anonymous_26)
FNDA:1,(anonymous_27)
FNDA:1,(anonymous_28)
FNDA:0,(anonymous_29)
FNDA:160,(anonymous_30)
FNDA:1,(anonymous_31)
FNDA:1,(anonymous_32)
FNDA:7,(anonymous_33)
FNDA:1,(anonymous_34)
FNDA:2,(anonymous_35)
FNDA:15,(anonymous_36)
FNDA:1,(anonymous_37)
FNDA:0,(anonymous_38)
FNDA:1,(anonymous_39)
DA:13,1
DA:14,146
DA:15,145
DA:16,145
DA:17,145
DA:18,145
DA:19,145
DA:20,145
DA:23,145
DA:26,145
DA:27,145
DA:28,145
DA:29,145
DA:31,145
DA:32,145
DA:34,145
DA:35,48
DA:36,2
DA:41,145
DA:42,48
DA:46,145
DA:48,4
DA:49,4
DA:55,145
DA:56,4
DA:57,4
DA:58,4
DA:61,145
DA:62,57
DA:63,57
DA:64,57
DA:68,57
DA:71,54
DA:73,54
DA:78,53
DA:79,53
DA:84,53
DA:86,51
DA:87,51
DA:90,51
DA:91,49
DA:93,2
DA:96,51
DA:97,2
DA:99,1
DA:100,1
DA:101,1
DA:103,1
DA:104,1
DA:105,1
DA:106,1
DA:109,53
DA:110,53
DA:114,53
DA:117,53
DA:119,96
DA:120,96
DA:121,95
DA:124,53
DA:127,1
DA:128,1
DA:129,1
DA:130,1
DA:131,1
DA:135,3
DA:136,3
DA:137,3
DA:138,3
DA:139,3
DA:140,3
DA:142,57
DA:146,145
DA:147,0
DA:148,0
DA:149,0
DA:153,145
DA:154,0
DA:155,0
DA:156,0
DA:160,145
DA:161,1
DA:162,1
DA:163,1
DA:166,145
DA:167,0
DA:168,0
DA:170,0
DA:171,0
DA:172,0
DA:175,0
DA:176,0
DA:177,0
DA:179,0
DA:180,0
DA:181,0
DA:182,0
DA:183,0
DA:184,0
DA:185,0
DA:188,0
DA:189,0
DA:190,0
DA:191,0
DA:193,0
DA:194,0
DA:198,0
DA:201,145
DA:202,11
DA:204,9
DA:205,9
DA:207,9
DA:208,2
DA:210,2
DA:211,1
DA:212,1
DA:213,1
DA:215,1
DA:219,9
DA:227,9
DA:230,145
DA:231,5
DA:233,5
DA:235,5
DA:236,5
DA:237,5
DA:239,5
DA:241,5
DA:242,4
DA:244,4
DA:246,4
DA:247,4
DA:249,4
DA:250,4
DA:252,4
DA:253,0
DA:255,4
DA:256,3
DA:261,1
DA:262,1
DA:263,1
DA:265,5
DA:269,145
DA:270,15
DA:271,15
DA:274,145
DA:275,1
DA:276,1
DA:279,145
DA:280,0
DA:281,0
DA:284,145
DA:286,1
DA:287,1
DA:290,145
DA:291,1
DA:292,1
DA:293,2
DA:298,1
DA:300,2
DA:301,1
DA:303,1
DA:306,145
DA:308,1
DA:311,145
DA:312,48
DA:313,24
DA:314,12
DA:317,48
DA:318,48
DA:321,145
DA:323,95
DA:324,3
DA:329,1
DA:337,92
DA:357,1
DA:384,0
DA:396,160
DA:403,1
DA:406,1
DA:409,7
DA:415,1
DA:418,2
DA:432,15
DA:488,1
DA:498,0
DA:499,0
DA:520,1
LF:187
LH:153
BRDA:35,0,0,2
BRDA:35,0,1,46
BRDA:35,1,0,48
BRDA:35,1,1,47
BRDA:61,2,0,52
BRDA:61,3,0,52
BRDA:61,4,0,52
BRDA:73,5,0,53
BRDA:73,5,1,1
BRDA:84,6,0,51
BRDA:84,6,1,2
BRDA:84,7,0,53
BRDA:84,7,1,51
BRDA:87,8,0,51
BRDA:87,8,1,4
BRDA:90,9,0,49
BRDA:90,9,1,2
BRDA:97,10,0,1
BRDA:97,10,1,1
BRDA:120,11,0,95
BRDA:120,11,1,1
BRDA:121,12,0,95
BRDA:121,12,1,51
BRDA:136,13,0,3
BRDA:136,13,1,2
BRDA:136,13,2,0
BRDA:147,14,0,0
BRDA:147,14,1,0
BRDA:147,15,0,0
BRDA:147,15,1,0
BRDA:170,16,0,0
BRDA:170,16,1,0
BRDA:175,17,0,0
BRDA:175,17,1,0
BRDA:181,18,0,0
BRDA:181,18,1,0
BRDA:207,19,0,2
BRDA:207,19,1,7
BRDA:211,20,0,1
BRDA:211,20,1,0
BRDA:213,21,0,1
BRDA:213,21,1,0
BRDA:213,21,2,0
BRDA:222,22,0,9
BRDA:222,22,1,0
BRDA:231,23,0,0
BRDA:231,23,1,5
BRDA:246,24,0,4
BRDA:246,24,1,0
BRDA:247,25,0,4
BRDA:247,25,1,0
BRDA:252,26,0,0
BRDA:252,26,1,4
BRDA:252,27,0,4
BRDA:252,27,1,0
BRDA:262,28,0,1
BRDA:262,28,1,0
BRDA:271,29,0,0
BRDA:271,29,1,15
BRDA:293,30,0,1
BRDA:293,30,1,1
BRDA:303,31,0,0
BRDA:303,31,1,1
BRDA:313,32,0,12
BRDA:313,32,1,12
BRDA:321,33,0,50
BRDA:321,33,1,95
BRDA:321,34,0,145
BRDA:321,34,1,54
BRDA:323,35,0,3
BRDA:323,35,1,92
BRDA:364,36,0,4
BRDA:364,36,1,88
BRDA:364,37,0,92
BRDA:364,37,1,4
BRDA:369,38,0,5
BRDA:369,38,1,83
BRDA:373,39,0,2
BRDA:373,39,1,3
BRDA:374,40,0,2
BRDA:374,40,1,3
BRDA:399,41,0,160
BRDA:399,41,1,15
BRDA:401,42,0,12
BRDA:401,42,1,3
BRDA:429,43,0,160
BRDA:429,43,1,2
BRDA:443,44,0,81
BRDA:443,44,1,79
BRDA:447,45,0,81
BRDA:447,45,1,0
BRDA:452,46,0,81
BRDA:452,46,1,0
BRDA:462,47,0,79
BRDA:462,47,1,3
BRDA:467,48,0,76
BRDA:467,48,1,3
BRDA:477,49,0,81
BRDA:477,49,1,79
BRDA:478,50,0,81
BRDA:478,50,1,79
BRDA:481,51,0,160
BRDA:481,51,1,78
BRDA:487,52,0,78
BRDA:487,52,1,4
BRDA:496,53,0,81
BRDA:496,53,1,79
BRDA:498,54,0,0
BRDA:498,54,1,0
BRDA:503,55,0,81
BRDA:503,55,1,79
BRDA:522,56,0,92
BRDA:522,56,1,83
BRDA:524,57,0,1
BRDA:524,57,1,91
BRDA:526,58,0,1
BRDA:526,58,1,90
BRF:117
BRH:90
end_of_record
TN:
SF:src\components\FormBuilder\QuestionEditor.jsx
FN:10,(anonymous_0)
FN:28,(anonymous_1)
FN:34,(anonymous_2)
FN:40,(anonymous_3)
FN:46,(anonymous_4)
FN:54,(anonymous_5)
FN:56,(anonymous_6)
FN:61,(anonymous_7)
FN:68,(anonymous_8)
FN:76,(anonymous_9)
FN:81,(anonymous_10)
FN:93,(anonymous_11)
FN:105,(anonymous_12)
FN:117,(anonymous_13)
FN:125,(anonymous_14)
FN:133,(anonymous_15)
FN:150,(anonymous_16)
FN:172,(anonymous_17)
FN:192,(anonymous_18)
FN:194,(anonymous_19)
FN:210,(anonymous_20)
FN:219,(anonymous_21)
FN:267,(anonymous_22)
FN:277,(anonymous_23)
FN:296,(anonymous_24)
FN:315,(anonymous_25)
FN:347,(anonymous_26)
FN:352,(anonymous_27)
FN:357,(anonymous_28)
FN:397,(anonymous_29)
FN:408,(anonymous_30)
FNF:31
FNH:28
FNDA:70,(anonymous_0)
FNDA:47,(anonymous_1)
FNDA:9,(anonymous_2)
FNDA:1,(anonymous_3)
FNDA:2,(anonymous_4)
FNDA:1,(anonymous_5)
FNDA:3,(anonymous_6)
FNDA:2,(anonymous_7)
FNDA:2,(anonymous_8)
FNDA:1,(anonymous_9)
FNDA:53,(anonymous_10)
FNDA:60,(anonymous_11)
FNDA:0,(anonymous_12)
FNDA:1,(anonymous_13)
FNDA:1,(anonymous_14)
FNDA:0,(anonymous_15)
FNDA:18,(anonymous_16)
FNDA:2,(anonymous_17)
FNDA:52,(anonymous_18)
FNDA:10,(anonymous_19)
FNDA:1,(anonymous_20)
FNDA:1,(anonymous_21)
FNDA:0,(anonymous_22)
FNDA:1,(anonymous_23)
FNDA:1,(anonymous_24)
FNDA:1,(anonymous_25)
FNDA:29,(anonymous_26)
FNDA:1,(anonymous_27)
FNDA:1,(anonymous_28)
FNDA:1,(anonymous_29)
FNDA:1,(anonymous_30)
DA:10,1
DA:25,70
DA:28,70
DA:29,47
DA:32,70
DA:34,70
DA:35,9
DA:36,9
DA:37,9
DA:40,70
DA:41,1
DA:42,1
DA:43,1
DA:46,70
DA:47,2
DA:51,2
DA:54,70
DA:55,1
DA:56,3
DA:57,1
DA:61,70
DA:62,2
DA:64,2
DA:68,2
DA:73,2
DA:76,70
DA:77,1
DA:78,1
DA:81,70
DA:82,53
DA:90,53
DA:93,70
DA:94,60
DA:102,60
DA:105,70
DA:106,0
DA:107,0
DA:108,0
DA:110,0
DA:111,0
DA:114,0
DA:117,70
DA:118,1
DA:119,1
DA:120,1
DA:121,1
DA:125,70
DA:126,1
DA:127,1
DA:128,1
DA:129,1
DA:133,70
DA:134,0
DA:137,0
DA:139,0
DA:140,0
DA:144,70
DA:145,70
DA:146,70
DA:147,70
DA:150,70
DA:151,18
DA:173,2
DA:192,70
DA:193,52
DA:194,10
DA:210,1
DA:219,1
DA:267,0
DA:277,1
DA:297,1
DA:302,1
DA:303,1
DA:316,1
DA:321,1
DA:322,1
DA:348,29
DA:352,1
DA:357,1
DA:397,1
DA:408,1
DA:418,70
LF:82
LH:71
BRDA:47,0,0,2
BRDA:47,0,1,1
BRDA:49,1,0,2
BRDA:49,1,1,2
BRDA:55,2,0,1
BRDA:55,2,1,0
BRDA:90,3,0,53
BRDA:90,3,1,0
BRDA:102,4,0,60
BRDA:102,4,1,1
BRDA:107,5,0,0
BRDA:107,5,1,0
BRDA:120,6,0,1
BRDA:120,6,1,0
BRDA:128,7,0,1
BRDA:128,7,1,0
BRDA:139,8,0,0
BRDA:139,8,1,0
BRDA:154,9,0,18
BRDA:154,9,1,1
BRDA:157,10,0,18
BRDA:157,10,1,1
BRDA:157,10,2,1
BRDA:163,11,0,1
BRDA:163,11,1,17
BRDA:164,12,0,3
BRDA:164,12,1,15
BRDA:165,13,0,3
BRDA:165,13,1,2
BRDA:166,14,0,1
BRDA:166,14,1,14
BRDA:172,15,0,18
BRDA:172,15,1,1
BRDA:178,16,0,1
BRDA:178,16,1,17
BRDA:209,17,0,52
BRDA:209,17,1,0
BRDA:214,18,0,52
BRDA:214,18,1,6
BRDA:218,19,0,6
BRDA:218,19,1,1
BRDA:231,20,0,5
BRDA:231,20,1,47
BRDA:233,21,0,1
BRDA:233,21,1,46
BRDA:256,22,0,52
BRDA:256,22,1,5
BRDA:266,23,0,5
BRDA:266,23,1,2
BRDA:286,24,0,52
BRDA:286,24,1,26
BRDA:333,25,0,52
BRDA:333,25,1,1
BRDA:338,26,0,52
BRDA:338,26,1,26
BRDA:347,27,0,26
BRDA:347,27,1,2
BRDA:348,28,0,29
BRDA:348,28,1,4
BRDA:396,29,0,52
BRDA:396,29,1,46
BRDA:407,30,0,52
BRDA:407,30,1,50
BRDA:420,31,0,52
BRDA:420,31,1,18
BRDA:420,32,0,1
BRDA:420,32,1,69
BRDA:428,33,0,52
BRDA:428,33,1,18
BRF:69
BRH:60
end_of_record
TN:
SF:src\components\FormBuilder\QuestionPreview.jsx
FN:6,(anonymous_0)
FN:13,(anonymous_1)
FN:18,(anonymous_2)
FN:24,(anonymous_3)
FN:25,(anonymous_4)
FN:32,(anonymous_5)
FN:37,(anonymous_6)
FN:41,(anonymous_7)
FN:53,(anonymous_8)
FN:63,(anonymous_9)
FN:74,(anonymous_10)
FN:84,(anonymous_11)
FN:93,(anonymous_12)
FN:96,(anonymous_13)
FN:111,(anonymous_14)
FN:118,(anonymous_15)
FN:125,(anonymous_16)
FN:170,(anonymous_17)
FNF:18
FNH:16
FNDA:34,(anonymous_0)
FNDA:23,(anonymous_1)
FNDA:23,(anonymous_2)
FNDA:9,(anonymous_3)
FNDA:9,(anonymous_4)
FNDA:3,(anonymous_5)
FNDA:1,(anonymous_6)
FNDA:34,(anonymous_7)
FNDA:4,(anonymous_8)
FNDA:0,(anonymous_9)
FNDA:1,(anonymous_10)
FNDA:0,(anonymous_11)
FNDA:1,(anonymous_12)
FNDA:9,(anonymous_13)
FNDA:2,(anonymous_14)
FNDA:1,(anonymous_15)
FNDA:1,(anonymous_16)
FNDA:34,(anonymous_17)
DA:6,1
DA:10,34
DA:13,34
DA:15,23
DA:18,23
DA:19,23
DA:24,34
DA:25,9
DA:32,34
DA:33,3
DA:34,2
DA:36,2
DA:37,2
DA:41,34
DA:42,34
DA:43,34
DA:45,34
DA:47,15
DA:53,4
DA:58,1
DA:63,0
DA:68,5
DA:74,1
DA:79,0
DA:84,0
DA:89,4
DA:93,1
DA:97,9
DA:105,9
DA:112,2
DA:113,2
DA:118,1
DA:126,1
DA:127,1
DA:128,1
DA:145,0
DA:149,34
DA:171,34
LF:38
LH:34
BRDA:33,0,0,2
BRDA:33,0,1,1
BRDA:42,1,0,34
BRDA:42,1,1,2
BRDA:43,2,0,34
BRDA:43,2,1,25
BRDA:45,3,0,15
BRDA:45,3,1,1
BRDA:45,3,2,5
BRDA:45,3,3,0
BRDA:45,3,4,4
BRDA:45,3,5,9
BRDA:45,3,6,0
BRDA:96,4,0,4
BRDA:96,4,1,0
BRDA:97,5,0,9
BRDA:97,5,1,2
BRDA:97,6,0,2
BRDA:97,6,1,7
BRDA:98,7,0,2
BRDA:98,7,1,7
BRDA:112,8,0,2
BRDA:112,8,1,0
BRDA:120,9,0,2
BRDA:120,9,1,7
BRDA:156,10,0,34
BRDA:156,10,1,1
BRDA:157,11,0,34
BRDA:157,11,1,34
BRDA:164,12,0,6
BRDA:164,12,1,28
BRDA:171,13,0,34
BRDA:171,13,1,2
BRDA:173,14,0,34
BRDA:173,14,1,1
BRDA:174,15,0,34
BRDA:174,15,1,1
BRDA:176,16,0,34
BRDA:176,16,1,1
BRDA:176,16,2,1
BRF:40
BRH:36
end_of_record
TN:
SF:src\components\FormBuilder\SectionEditor.jsx
FN:6,(anonymous_0)
FNF:1
FNH:1
FNDA:27,(anonymous_0)
DA:6,1
DA:7,27
DA:10,27
DA:12,27
DA:18,27
LF:5
LH:5
BRDA:10,0,0,2
BRF:1
BRH:1
end_of_record
TN:
SF:src\components\Learner\FormSubmission.jsx
FN:12,(anonymous_0)
FN:25,(anonymous_1)
FN:33,(anonymous_2)
FN:43,(anonymous_3)
FN:66,(anonymous_4)
FN:67,(anonymous_5)
FN:70,(anonymous_6)
FN:75,(anonymous_7)
FN:79,(anonymous_8)
FN:81,(anonymous_9)
FN:86,(anonymous_10)
FN:92,(anonymous_11)
FN:115,(anonymous_12)
FN:123,(anonymous_13)
FN:127,(anonymous_14)
FN:129,(anonymous_15)
FN:144,(anonymous_16)
FN:156,(anonymous_17)
FN:204,(anonymous_18)
FN:253,(anonymous_19)
FN:257,(anonymous_20)
FN:271,(anonymous_21)
FN:285,(anonymous_22)
FN:299,(anonymous_23)
FN:310,(anonymous_24)
FN:317,(anonymous_25)
FN:332,(anonymous_26)
FN:337,(anonymous_27)
FN:353,(anonymous_28)
FN:369,(anonymous_29)
FN:383,(anonymous_30)
FN:392,(anonymous_31)
FN:394,(anonymous_32)
FN:422,(anonymous_33)
FN:428,(anonymous_34)
FN:434,(anonymous_35)
FN:447,(anonymous_36)
FN:454,(anonymous_37)
FN:468,(anonymous_38)
FN:531,(anonymous_39)
FN:554,(anonymous_40)
FN:607,(anonymous_41)
FNF:42
FNH:35
FNDA:86,(anonymous_0)
FNDA:26,(anonymous_1)
FNDA:24,(anonymous_2)
FNDA:118,(anonymous_3)
FNDA:2,(anonymous_4)
FNDA:2,(anonymous_5)
FNDA:0,(anonymous_6)
FNDA:0,(anonymous_7)
FNDA:11,(anonymous_8)
FNDA:50,(anonymous_9)
FNDA:11,(anonymous_10)
FNDA:6,(anonymous_11)
FNDA:4,(anonymous_12)
FNDA:2,(anonymous_13)
FNDA:1,(anonymous_14)
FNDA:10,(anonymous_15)
FNDA:12,(anonymous_16)
FNDA:18,(anonymous_17)
FNDA:4,(anonymous_18)
FNDA:1,(anonymous_19)
FNDA:292,(anonymous_20)
FNDA:2,(anonymous_21)
FNDA:1,(anonymous_22)
FNDA:54,(anonymous_23)
FNDA:2,(anonymous_24)
FNDA:0,(anonymous_25)
FNDA:1,(anonymous_26)
FNDA:54,(anonymous_27)
FNDA:1,(anonymous_28)
FNDA:1,(anonymous_29)
FNDA:6,(anonymous_30)
FNDA:1,(anonymous_31)
FNDA:1,(anonymous_32)
FNDA:55,(anonymous_33)
FNDA:2,(anonymous_34)
FNDA:0,(anonymous_35)
FNDA:54,(anonymous_36)
FNDA:1,(anonymous_37)
FNDA:0,(anonymous_38)
FNDA:0,(anonymous_39)
FNDA:292,(anonymous_40)
FNDA:0,(anonymous_41)
DA:12,1
DA:13,86
DA:14,86
DA:15,86
DA:16,86
DA:17,86
DA:18,86
DA:19,86
DA:20,86
DA:21,86
DA:22,86
DA:23,86
DA:25,86
DA:26,26
DA:27,2
DA:29,24
DA:33,86
DA:34,24
DA:35,24
DA:36,24
DA:37,23
DA:38,23
DA:41,23
DA:42,23
DA:43,22
DA:45,118
DA:46,12
DA:47,106
DA:51,92
DA:55,22
DA:57,2
DA:58,2
DA:59,2
DA:61,24
DA:66,86
DA:67,2
DA:68,2
DA:69,2
DA:70,0
DA:72,0
DA:73,0
DA:75,0
DA:79,86
DA:81,50
DA:82,11
DA:83,0
DA:86,11
DA:92,86
DA:93,6
DA:94,6
DA:95,6
DA:105,6
DA:106,1
DA:107,1
DA:110,5
DA:111,1
DA:112,1
DA:115,4
DA:123,86
DA:124,2
DA:127,86
DA:128,1
DA:129,1
DA:130,10
DA:132,9
DA:133,1
DA:135,8
DA:138,1
DA:139,1
DA:140,1
DA:141,1
DA:144,86
DA:145,12
DA:148,12
DA:149,0
DA:152,12
DA:153,12
DA:156,18
DA:157,12
DA:159,3
DA:160,1
DA:161,1
DA:162,1
DA:164,2
DA:165,1
DA:166,1
DA:167,1
DA:170,1
DA:171,1
DA:172,1
DA:177,9
DA:178,9
DA:181,9
DA:182,9
DA:183,2
DA:184,2
DA:185,2
DA:186,0
DA:194,2
DA:195,2
DA:196,2
DA:197,2
DA:203,7
DA:204,7
DA:206,4
DA:207,0
DA:211,4
DA:212,4
DA:213,4
DA:221,7
DA:227,7
DA:228,7
DA:229,7
DA:231,7
DA:233,5
DA:235,4
DA:236,4
DA:241,4
DA:243,1
DA:246,2
DA:247,2
DA:249,9
DA:253,86
DA:254,1
DA:257,86
DA:258,292
DA:259,292
DA:261,292
DA:265,39
DA:271,2
DA:280,27
DA:285,1
DA:295,54
DA:297,27
DA:301,54
DA:311,2
DA:312,2
DA:315,2
DA:317,0
DA:318,2
DA:328,27
DA:332,1
DA:338,54
DA:348,27
DA:353,1
DA:361,27
DA:369,1
DA:377,36
DA:383,6
DA:393,1
DA:394,1
DA:395,1
DA:396,1
DA:397,1
DA:420,28
DA:423,55
DA:429,2
DA:432,2
DA:434,0
DA:435,2
DA:445,27
DA:448,54
DA:454,1
DA:463,27
DA:468,0
DA:477,86
DA:479,60
DA:480,3
DA:521,57
DA:522,2
DA:531,0
DA:541,55
DA:555,292
DA:607,0
LF:174
LH:161
BRDA:26,0,0,2
BRDA:26,0,1,24
BRDA:26,1,0,26
BRDA:26,1,1,25
BRDA:42,2,0,22
BRDA:42,2,1,0
BRDA:42,3,0,23
BRDA:42,3,1,22
BRDA:45,4,0,12
BRDA:45,4,1,106
BRDA:45,5,0,118
BRDA:45,5,1,117
BRDA:47,6,0,14
BRDA:47,6,1,92
BRDA:47,7,0,106
BRDA:47,7,1,93
BRDA:82,8,0,0
BRDA:82,8,1,11
BRDA:82,9,0,11
BRDA:82,9,1,11
BRDA:93,10,0,6
BRDA:93,10,1,0
BRDA:105,11,0,1
BRDA:105,11,1,5
BRDA:110,12,0,1
BRDA:110,12,1,4
BRDA:130,13,0,1
BRDA:130,13,1,9
BRDA:130,14,0,10
BRDA:130,14,1,9
BRDA:132,15,0,1
BRDA:132,15,1,8
BRDA:132,16,0,9
BRDA:132,16,1,9
BRDA:148,17,0,0
BRDA:148,17,1,12
BRDA:156,18,0,12
BRDA:156,18,1,0
BRDA:159,19,0,1
BRDA:159,19,1,2
BRDA:159,20,0,3
BRDA:159,20,1,2
BRDA:160,21,0,1
BRDA:160,21,1,0
BRDA:164,22,0,1
BRDA:164,22,1,1
BRDA:164,23,0,2
BRDA:164,23,1,1
BRDA:165,24,0,1
BRDA:165,24,1,0
BRDA:165,25,0,1
BRDA:165,25,1,1
BRDA:170,26,0,1
BRDA:170,26,1,0
BRDA:170,27,0,1
BRDA:170,27,1,0
BRDA:183,28,0,2
BRDA:183,28,1,0
BRDA:206,29,0,0
BRDA:206,29,1,4
BRDA:206,30,0,4
BRDA:206,30,1,4
BRDA:212,31,0,4
BRDA:212,31,1,0
BRDA:215,32,0,0
BRDA:215,32,1,4
BRDA:215,33,0,4
BRDA:215,33,1,3
BRDA:233,34,0,4
BRDA:233,34,1,1
BRDA:243,35,0,1
BRDA:243,35,1,0
BRDA:247,36,0,2
BRDA:247,36,1,1
BRDA:259,37,0,292
BRDA:259,37,1,0
BRDA:261,38,0,39
BRDA:261,38,1,39
BRDA:261,38,2,39
BRDA:261,38,3,27
BRDA:261,38,4,27
BRDA:261,38,5,27
BRDA:261,38,6,54
BRDA:261,38,7,54
BRDA:261,38,8,27
BRDA:261,38,9,27
BRDA:261,38,10,27
BRDA:261,38,11,27
BRDA:261,38,12,4
BRDA:261,38,13,36
BRDA:261,38,14,28
BRDA:261,38,15,27
BRDA:261,38,16,27
BRDA:269,39,0,39
BRDA:269,39,1,12
BRDA:270,40,0,39
BRDA:270,40,1,36
BRDA:283,41,0,27
BRDA:283,41,1,27
BRDA:284,42,0,27
BRDA:284,42,1,18
BRDA:295,43,0,27
BRDA:295,43,1,27
BRDA:307,44,0,0
BRDA:307,44,1,54
BRDA:308,45,0,10
BRDA:308,45,1,44
BRDA:309,46,0,0
BRDA:309,46,1,10
BRDA:311,47,0,0
BRDA:311,47,1,2
BRDA:312,48,0,1
BRDA:312,48,1,1
BRDA:315,49,0,2
BRDA:315,49,1,0
BRDA:321,50,0,0
BRDA:321,50,1,54
BRDA:331,51,0,27
BRDA:331,51,1,21
BRDA:338,52,0,54
BRDA:338,52,1,0
BRDA:339,53,0,54
BRDA:339,53,1,0
BRDA:352,54,0,27
BRDA:352,54,1,19
BRDA:365,55,0,27
BRDA:365,55,1,0
BRDA:366,56,0,27
BRDA:366,56,1,0
BRDA:367,57,0,27
BRDA:367,57,1,27
BRDA:368,58,0,27
BRDA:368,58,1,20
BRDA:387,59,0,8
BRDA:387,59,1,28
BRDA:427,60,0,55
BRDA:427,60,1,50
BRDA:429,61,0,2
BRDA:429,61,1,0
BRDA:432,62,0,2
BRDA:432,62,1,0
BRDA:467,63,0,27
BRDA:467,63,1,27
BRDA:477,64,0,26
BRDA:477,64,1,60
BRDA:479,65,0,3
BRDA:479,65,1,57
BRDA:498,66,0,3
BRDA:498,66,1,3
BRDA:521,67,0,2
BRDA:521,67,1,55
BRDA:546,68,0,55
BRDA:546,68,1,0
BRDA:548,69,0,55
BRDA:548,69,1,26
BRDA:558,70,0,292
BRDA:558,70,1,83
BRDA:560,71,0,292
BRDA:560,71,1,27
BRDA:560,71,2,27
BRDA:598,72,0,9
BRDA:598,72,1,46
BRF:162
BRH:135
end_of_record
TN:
SF:src\components\Learner\PublishedFormList.jsx
FN:14,(anonymous_0)
FN:44,(anonymous_1)
FN:50,(anonymous_2)
FN:56,(anonymous_3)
FN:66,(anonymous_4)
FN:75,(anonymous_5)
FN:82,(anonymous_6)
FN:88,(anonymous_7)
FN:94,(anonymous_8)
FN:126,(anonymous_9)
FN:158,(anonymous_10)
FN:164,(anonymous_11)
FN:184,(anonymous_12)
FN:191,(anonymous_13)
FN:197,(anonymous_14)
FN:215,(anonymous_15)
FN:229,(anonymous_16)
FN:235,(anonymous_17)
FN:252,(anonymous_18)
FN:259,(anonymous_19)
FN:275,(anonymous_20)
FN:312,(anonymous_21)
FN:338,(anonymous_22)
FN:360,(anonymous_23)
FN:396,(anonymous_24)
FN:417,(anonymous_25)
FN:432,(anonymous_26)
FN:451,(anonymous_27)
FN:469,(anonymous_28)
FN:469,(anonymous_29)
FN:476,(anonymous_30)
FN:476,(anonymous_31)
FN:493,(anonymous_32)
FNF:33
FNH:31
FNDA:97,(anonymous_0)
FNDA:33,(anonymous_1)
FNDA:33,(anonymous_2)
FNDA:39,(anonymous_3)
FNDA:2,(anonymous_4)
FNDA:2,(anonymous_5)
FNDA:2,(anonymous_6)
FNDA:2,(anonymous_7)
FNDA:22,(anonymous_8)
FNDA:22,(anonymous_9)
FNDA:6,(anonymous_10)
FNDA:3,(anonymous_11)
FNDA:1,(anonymous_12)
FNDA:1,(anonymous_13)
FNDA:35,(anonymous_14)
FNDA:24,(anonymous_15)
FNDA:24,(anonymous_16)
FNDA:24,(anonymous_17)
FNDA:0,(anonymous_18)
FNDA:1,(anonymous_19)
FNDA:1,(anonymous_20)
FNDA:35,(anonymous_21)
FNDA:6,(anonymous_22)
FNDA:1,(anonymous_23)
FNDA:1,(anonymous_24)
FNDA:24,(anonymous_25)
FNDA:1,(anonymous_26)
FNDA:1,(anonymous_27)
FNDA:1,(anonymous_28)
FNDA:1,(anonymous_29)
FNDA:2,(anonymous_30)
FNDA:2,(anonymous_31)
FNDA:0,(anonymous_32)
DA:14,1
DA:15,97
DA:16,97
DA:17,96
DA:18,96
DA:19,96
DA:20,96
DA:21,96
DA:22,96
DA:25,96
DA:26,96
DA:27,96
DA:28,96
DA:31,96
DA:32,96
DA:33,96
DA:34,96
DA:36,96
DA:37,96
DA:38,96
DA:39,96
DA:41,96
DA:42,96
DA:44,96
DA:45,33
DA:46,2
DA:50,96
DA:51,33
DA:52,15
DA:56,96
DA:57,39
DA:58,19
DA:60,20
DA:65,96
DA:67,2
DA:68,2
DA:74,96
DA:76,2
DA:77,2
DA:82,96
DA:83,2
DA:84,2
DA:85,2
DA:88,96
DA:89,2
DA:90,2
DA:91,2
DA:94,96
DA:95,22
DA:96,22
DA:97,22
DA:99,22
DA:100,20
DA:102,20
DA:103,16
DA:104,16
DA:105,16
DA:106,4
DA:108,1
DA:109,1
DA:110,1
DA:112,3
DA:113,3
DA:114,3
DA:117,2
DA:118,2
DA:119,2
DA:120,2
DA:122,22
DA:126,96
DA:127,22
DA:128,22
DA:129,22
DA:131,22
DA:132,21
DA:134,21
DA:135,20
DA:136,20
DA:137,20
DA:138,1
DA:140,1
DA:141,1
DA:142,1
DA:144,0
DA:145,0
DA:146,0
DA:149,1
DA:150,1
DA:151,1
DA:152,1
DA:154,22
DA:158,96
DA:159,6
DA:160,6
DA:161,5
DA:163,5
DA:164,3
DA:170,5
DA:171,3
DA:172,3
DA:173,3
DA:175,2
DA:176,2
DA:179,1
DA:180,1
DA:184,96
DA:185,1
DA:186,1
DA:187,1
DA:191,96
DA:192,1
DA:197,96
DA:198,35
DA:199,30
DA:200,30
DA:201,30
DA:202,30
DA:204,30
DA:205,14
DA:206,16
DA:207,1
DA:208,15
DA:209,14
DA:211,1
DA:215,96
DA:216,24
DA:217,22
DA:218,22
DA:229,96
DA:230,24
DA:231,23
DA:232,22
DA:235,96
DA:236,24
DA:237,23
DA:238,22
DA:241,96
DA:243,52
DA:252,0
DA:259,1
DA:275,1
DA:313,35
DA:338,6
DA:360,1
DA:396,1
DA:418,24
DA:432,1
DA:452,1
DA:453,1
DA:469,1
DA:476,2
DA:494,0
DA:495,0
DA:496,0
LF:154
LH:147
BRDA:16,0,0,97
BRDA:16,0,1,48
BRDA:45,1,0,2
BRDA:45,1,1,31
BRDA:45,2,0,33
BRDA:45,2,1,32
BRDA:51,3,0,15
BRDA:51,3,1,18
BRDA:57,4,0,19
BRDA:57,4,1,20
BRDA:94,5,0,20
BRDA:94,6,0,20
BRDA:94,7,0,20
BRDA:102,8,0,16
BRDA:102,8,1,4
BRDA:102,9,0,20
BRDA:102,9,1,18
BRDA:104,10,0,16
BRDA:104,10,1,6
BRDA:105,11,0,16
BRDA:105,11,1,6
BRDA:106,12,0,1
BRDA:106,12,1,3
BRDA:118,13,0,2
BRDA:118,13,1,0
BRDA:126,14,0,20
BRDA:126,15,0,20
BRDA:126,16,0,20
BRDA:134,17,0,20
BRDA:134,17,1,1
BRDA:134,18,0,21
BRDA:134,18,1,21
BRDA:136,19,0,20
BRDA:136,19,1,6
BRDA:137,20,0,20
BRDA:137,20,1,6
BRDA:138,21,0,1
BRDA:138,21,1,0
BRDA:161,22,0,5
BRDA:161,22,1,0
BRDA:161,22,2,0
BRDA:164,23,0,3
BRDA:164,23,1,0
BRDA:164,23,2,0
BRDA:164,23,3,0
BRDA:170,24,0,3
BRDA:170,24,1,2
BRDA:172,25,0,3
BRDA:172,25,1,1
BRDA:186,26,0,1
BRDA:186,26,1,0
BRDA:198,27,0,5
BRDA:198,27,1,30
BRDA:204,28,0,14
BRDA:204,28,1,16
BRDA:206,29,0,1
BRDA:206,29,1,15
BRDA:208,30,0,14
BRDA:208,30,1,1
BRDA:216,31,0,2
BRDA:216,31,1,22
BRDA:230,32,0,1
BRDA:230,32,1,23
BRDA:231,33,0,1
BRDA:231,33,1,22
BRDA:236,34,0,1
BRDA:236,34,1,23
BRDA:237,35,0,1
BRDA:237,35,1,22
BRDA:241,36,0,44
BRDA:241,36,1,52
BRDA:251,37,0,25
BRDA:251,37,1,27
BRDA:255,38,0,52
BRDA:255,38,1,25
BRDA:258,39,0,27
BRDA:258,39,1,25
BRDA:262,40,0,52
BRDA:262,40,1,27
BRDA:269,41,0,25
BRDA:269,41,1,27
BRDA:271,42,0,2
BRDA:271,42,1,23
BRDA:303,43,0,5
BRDA:303,43,1,18
BRDA:307,44,0,1
BRDA:307,44,1,4
BRDA:313,45,0,35
BRDA:313,45,1,14
BRDA:316,46,0,35
BRDA:316,46,1,0
BRDA:318,47,0,35
BRDA:318,47,1,9
BRDA:322,48,0,35
BRDA:322,48,1,13
BRDA:338,49,0,6
BRDA:338,49,1,1
BRDA:384,50,0,6
BRDA:384,50,1,21
BRDA:389,51,0,1
BRDA:389,51,1,5
BRDA:393,52,0,6
BRDA:393,52,1,5
BRDA:419,53,0,24
BRDA:419,53,1,0
BRDA:445,54,0,21
BRDA:445,54,1,11
BRF:107
BRH:97
end_of_record
TN:
SF:src\components\Learner\SubmissionView.jsx
FN:10,(anonymous_0)
FN:21,(anonymous_1)
FN:46,(anonymous_2)
FN:54,(anonymous_3)
FN:83,(anonymous_4)
FN:102,(anonymous_5)
FN:115,(anonymous_6)
FN:125,(anonymous_7)
FN:163,(anonymous_8)
FN:173,(anonymous_9)
FN:204,(anonymous_10)
FN:223,(anonymous_11)
FN:237,(anonymous_12)
FN:283,(anonymous_13)
FN:299,(anonymous_14)
FN:304,(anonymous_15)
FN:347,(anonymous_16)
FN:350,(anonymous_17)
FN:398,(anonymous_18)
FNF:19
FNH:17
FNDA:120,(anonymous_0)
FNDA:40,(anonymous_1)
FNDA:5,(anonymous_2)
FNDA:2,(anonymous_3)
FNDA:10,(anonymous_4)
FNDA:35,(anonymous_5)
FNDA:73,(anonymous_6)
FNDA:6,(anonymous_7)
FNDA:393,(anonymous_8)
FNDA:775,(anonymous_9)
FNDA:16,(anonymous_10)
FNDA:52,(anonymous_11)
FNDA:158,(anonymous_12)
FNDA:6,(anonymous_13)
FNDA:0,(anonymous_14)
FNDA:0,(anonymous_15)
FNDA:52,(anonymous_16)
FNDA:52,(anonymous_17)
FNDA:235,(anonymous_18)
DA:10,1
DA:11,120
DA:12,120
DA:13,120
DA:14,120
DA:15,120
DA:16,119
DA:17,119
DA:18,119
DA:19,119
DA:21,119
DA:22,40
DA:23,2
DA:26,38
DA:27,33
DA:28,33
DA:30,33
DA:31,33
DA:34,33
DA:35,9
DA:36,9
DA:41,5
DA:46,119
DA:47,5
DA:48,5
DA:50,5
DA:51,5
DA:54,5
DA:55,2
DA:59,4
DA:61,4
DA:62,2
DA:65,2
DA:66,2
DA:70,2
DA:71,1
DA:74,2
DA:77,3
DA:78,3
DA:79,3
DA:83,119
DA:84,10
DA:85,10
DA:86,10
DA:87,9
DA:88,9
DA:91,1
DA:92,0
DA:94,1
DA:102,119
DA:103,35
DA:104,35
DA:105,34
DA:106,34
DA:107,34
DA:109,1
DA:111,35
DA:115,119
DA:116,73
DA:117,71
DA:118,71
DA:125,119
DA:126,6
DA:127,6
DA:130,6
DA:133,6
DA:136,5
DA:141,5
DA:144,5
DA:145,5
DA:146,5
DA:147,5
DA:148,5
DA:151,5
DA:152,5
DA:154,5
DA:156,1
DA:157,1
DA:159,6
DA:163,119
DA:164,393
DA:165,393
DA:166,393
DA:169,393
DA:170,383
DA:173,383
DA:174,775
DA:177,383
DA:178,223
DA:181,223
DA:183,219
DA:184,219
DA:185,54
DA:186,54
DA:195,169
DA:200,170
DA:202,82
DA:203,18
DA:204,16
DA:205,16
DA:208,16
DA:209,14
DA:210,14
DA:222,68
DA:223,52
DA:224,52
DA:227,52
DA:228,14
DA:233,142
DA:234,142
DA:237,119
DA:238,158
DA:241,158
DA:242,34
DA:243,34
DA:245,34
DA:283,6
DA:300,0
DA:301,0
DA:305,0
DA:306,0
DA:333,0
DA:338,124
DA:339,40
DA:340,27
DA:345,97
DA:346,38
DA:347,52
DA:348,26
DA:351,52
DA:366,71
DA:369,119
DA:371,46
DA:372,0
DA:385,46
DA:399,235
DA:400,235
DA:402,235
LF:138
LH:131
BRDA:22,0,0,2
BRDA:22,0,1,38
BRDA:22,1,0,40
BRDA:22,1,1,39
BRDA:26,2,0,33
BRDA:26,2,1,5
BRDA:34,3,0,9
BRDA:34,3,1,24
BRDA:34,4,0,33
BRDA:34,4,1,33
BRDA:35,5,0,9
BRDA:35,5,1,0
BRDA:35,6,0,9
BRDA:35,6,1,0
BRDA:36,7,0,9
BRDA:36,7,1,0
BRDA:55,8,0,2
BRDA:55,8,1,1
BRDA:61,9,0,2
BRDA:61,9,1,2
BRDA:65,10,0,2
BRDA:65,10,1,0
BRDA:70,11,0,1
BRDA:70,11,1,1
BRDA:70,12,0,2
BRDA:70,12,1,1
BRDA:71,13,0,1
BRDA:71,13,1,0
BRDA:91,14,0,0
BRDA:91,14,1,1
BRDA:116,15,0,2
BRDA:116,15,1,71
BRDA:130,16,0,6
BRDA:130,16,1,0
BRDA:130,16,2,0
BRDA:137,17,0,5
BRDA:137,17,1,4
BRDA:146,18,0,5
BRDA:146,18,1,0
BRDA:169,19,0,383
BRDA:169,19,1,10
BRDA:169,20,0,393
BRDA:169,20,1,383
BRDA:177,21,0,223
BRDA:177,21,1,160
BRDA:181,22,0,219
BRDA:181,22,1,4
BRDA:181,23,0,223
BRDA:181,23,1,219
BRDA:184,24,0,54
BRDA:184,24,1,165
BRDA:195,25,0,169
BRDA:195,25,1,4
BRDA:200,26,0,82
BRDA:200,26,1,88
BRDA:202,27,0,18
BRDA:202,27,1,64
BRDA:202,28,0,82
BRDA:202,28,1,64
BRDA:203,29,0,16
BRDA:203,29,1,2
BRDA:203,30,0,18
BRDA:203,30,1,16
BRDA:208,31,0,14
BRDA:208,31,1,2
BRDA:222,32,0,52
BRDA:222,32,1,16
BRDA:222,33,0,68
BRDA:222,33,1,52
BRDA:227,34,0,14
BRDA:227,34,1,38
BRDA:228,35,0,14
BRDA:228,35,1,2
BRDA:228,35,2,0
BRDA:241,36,0,34
BRDA:241,36,1,124
BRDA:241,37,0,158
BRDA:241,37,1,123
BRDA:241,37,2,34
BRDA:242,38,0,34
BRDA:242,38,1,0
BRDA:271,39,0,34
BRDA:271,39,1,5
BRDA:286,40,0,6
BRDA:286,40,1,28
BRDA:287,41,0,6
BRDA:287,41,1,28
BRDA:293,42,0,6
BRDA:293,42,1,28
BRDA:300,43,0,0
BRDA:300,43,1,0
BRDA:305,44,0,0
BRDA:305,44,1,0
BRDA:310,45,0,6
BRDA:310,45,1,28
BRDA:338,46,0,40
BRDA:338,46,1,84
BRDA:338,47,0,124
BRDA:338,47,1,85
BRDA:339,48,0,27
BRDA:339,48,1,13
BRDA:339,49,0,40
BRDA:339,49,1,27
BRDA:339,49,2,27
BRDA:345,50,0,38
BRDA:345,50,1,59
BRDA:345,51,0,97
BRDA:345,51,1,59
BRDA:346,52,0,26
BRDA:346,52,1,12
BRDA:346,53,0,38
BRDA:346,53,1,27
BRDA:346,53,2,27
BRDA:366,54,0,71
BRDA:366,54,1,35
BRDA:369,55,0,73
BRDA:369,55,1,46
BRDA:371,56,0,0
BRDA:371,56,1,46
BRDA:391,57,0,46
BRDA:391,57,1,1
BRDA:391,57,2,0
BRDA:397,58,0,45
BRDA:397,58,1,1
BRDA:400,59,0,235
BRDA:400,59,1,124
BRDA:400,59,2,34
BRDA:403,60,0,235
BRDA:403,60,1,1
BRDA:403,60,2,0
BRDA:406,61,0,235
BRDA:406,61,1,1
BRDA:407,62,0,235
BRDA:407,62,1,38
BRDA:410,63,0,235
BRDA:410,63,1,38
BRDA:415,64,0,77
BRDA:415,64,1,158
BRDA:415,65,0,235
BRDA:415,65,1,197
BRDA:415,65,2,196
BRDA:418,66,0,77
BRDA:418,66,1,0
BRDA:422,67,0,34
BRDA:422,67,1,124
BRDA:430,68,0,124
BRDA:430,68,1,0
BRF:147
BRH:127
end_of_record
TN:
SF:src\contexts\AuthContext.jsx
FN:5,(anonymous_0)
FN:13,(anonymous_1)
FN:18,(anonymous_2)
FN:20,(anonymous_3)
FN:50,(anonymous_4)
FN:57,(anonymous_5)
FNF:6
FNH:5
FNDA:64,(anonymous_0)
FNDA:48,(anonymous_1)
FNDA:23,(anonymous_2)
FNDA:23,(anonymous_3)
FNDA:2,(anonymous_4)
FNDA:0,(anonymous_5)
DA:3,12
DA:5,12
DA:6,64
DA:7,64
DA:8,0
DA:10,64
DA:13,12
DA:14,48
DA:15,48
DA:16,48
DA:18,48
DA:20,23
DA:21,23
DA:22,23
DA:25,23
DA:26,3
DA:27,3
DA:29,3
DA:30,3
DA:32,0
DA:34,0
DA:35,0
DA:36,0
DA:37,0
DA:41,20
DA:42,20
DA:44,23
DA:47,23
DA:50,48
DA:51,2
DA:52,2
DA:53,2
DA:54,2
DA:57,48
DA:58,0
DA:59,0
DA:60,0
DA:61,0
DA:64,48
DA:73,48
DA:74,23
DA:87,25
LF:42
LH:32
BRDA:7,0,0,0
BRDA:7,0,1,64
BRDA:25,1,0,3
BRDA:25,1,1,20
BRDA:25,2,0,23
BRDA:25,2,1,3
BRDA:73,3,0,23
BRDA:73,3,1,25
BRF:8
BRH:7
end_of_record
TN:
SF:src\pages\AdminDashboard.jsx
FN:7,(anonymous_0)
FNF:1
FNH:1
FNDA:3,(anonymous_0)
DA:7,1
DA:8,3
LF:2
LH:2
BRF:0
BRH:0
end_of_record
TN:
SF:src\pages\AdminPage.jsx
FN:2,(anonymous_0)
FNF:1
FNH:0
FNDA:0,(anonymous_0)
DA:2,1
DA:4,0
LF:2
LH:1
BRF:0
BRH:0
end_of_record
TN:
SF:src\pages\FormEditorPage.jsx
FN:7,(anonymous_0)
FNF:1
FNH:1
FNDA:3,(anonymous_0)
DA:7,1
DA:8,3
DA:10,3
LF:3
LH:3
BRF:0
BRH:0
end_of_record
TN:
SF:src\pages\FormFillPage.jsx
FN:6,(anonymous_0)
FNF:1
FNH:1
FNDA:3,(anonymous_0)
DA:6,2
DA:7,3
DA:9,3
LF:3
LH:3
BRF:0
BRH:0
end_of_record
TN:
SF:src\pages\FormPreviewPage.jsx
FN:4,(anonymous_0)
FNF:1
FNH:0
FNDA:0,(anonymous_0)
DA:4,2
DA:5,0
LF:2
LH:1
BRF:0
BRH:0
end_of_record
TN:
SF:src\pages\FormResponsesPage.jsx
FN:4,(anonymous_0)
FNF:1
FNH:0
FNDA:0,(anonymous_0)
DA:4,2
DA:5,0
LF:2
LH:1
BRF:0
BRH:0
end_of_record
TN:
SF:src\pages\FormSubmissionPage.jsx
FN:8,(anonymous_0)
FN:19,(anonymous_1)
FN:27,(anonymous_2)
FN:31,(anonymous_3)
FN:37,(anonymous_4)
FN:53,(anonymous_5)
FN:68,(anonymous_6)
FN:69,(anonymous_7)
FN:75,(anonymous_8)
FN:78,(anonymous_9)
FN:79,(anonymous_10)
FN:95,(anonymous_11)
FN:99,(anonymous_12)
FN:113,(anonymous_13)
FN:114,(anonymous_14)
FN:135,(anonymous_15)
FN:143,(anonymous_16)
FN:153,(anonymous_17)
FN:162,(anonymous_18)
FN:169,(anonymous_19)
FN:181,(anonymous_20)
FN:187,(anonymous_21)
FN:209,(anonymous_22)
FN:233,(anonymous_23)
FN:239,(anonymous_24)
FN:258,(anonymous_25)
FN:276,(anonymous_26)
FN:301,(anonymous_27)
FN:314,(anonymous_28)
FN:326,(anonymous_29)
FNF:30
FNH:30
FNDA:105,(anonymous_0)
FNDA:35,(anonymous_1)
FNDA:26,(anonymous_2)
FNDA:23,(anonymous_3)
FNDA:138,(anonymous_4)
FNDA:12,(anonymous_5)
FNDA:15,(anonymous_6)
FNDA:15,(anonymous_7)
FNDA:1,(anonymous_8)
FNDA:1,(anonymous_9)
FNDA:4,(anonymous_10)
FNDA:4,(anonymous_11)
FNDA:24,(anonymous_12)
FNDA:24,(anonymous_13)
FNDA:8,(anonymous_14)
FNDA:270,(anonymous_15)
FNDA:5,(anonymous_16)
FNDA:1,(anonymous_17)
FNDA:135,(anonymous_18)
FNDA:5,(anonymous_19)
FNDA:135,(anonymous_20)
FNDA:4,(anonymous_21)
FNDA:1,(anonymous_22)
FNDA:1,(anonymous_23)
FNDA:6,(anonymous_24)
FNDA:270,(anonymous_25)
FNDA:1,(anonymous_26)
FNDA:16,(anonymous_27)
FNDA:1,(anonymous_28)
FNDA:1,(anonymous_29)
DA:8,1
DA:9,105
DA:10,105
DA:11,105
DA:12,104
DA:13,104
DA:14,104
DA:15,100
DA:16,100
DA:17,100
DA:19,100
DA:20,35
DA:21,26
DA:23,9
DA:27,100
DA:28,26
DA:29,26
DA:30,26
DA:31,25
DA:33,25
DA:34,23
DA:36,23
DA:37,23
DA:38,138
DA:40,23
DA:42,2
DA:43,2
DA:46,1
DA:47,1
DA:49,26
DA:53,100
DA:54,12
DA:55,12
DA:58,12
DA:59,11
DA:61,1
DA:62,1
DA:64,12
DA:68,100
DA:69,15
DA:75,100
DA:76,1
DA:77,1
DA:78,1
DA:79,4
DA:89,1
DA:91,1
DA:95,100
DA:96,4
DA:99,24
DA:100,4
DA:101,8
DA:102,0
DA:103,0
DA:107,4
DA:108,4
DA:110,4
DA:113,24
DA:114,8
DA:121,4
DA:122,3
DA:125,3
DA:126,3
DA:128,1
DA:129,1
DA:131,4
DA:135,100
DA:136,270
DA:138,45
DA:143,5
DA:149,45
DA:153,1
DA:160,45
DA:163,135
DA:169,5
DA:179,45
DA:182,135
DA:188,4
DA:189,4
DA:190,3
DA:192,1
DA:193,1
DA:195,4
DA:205,45
DA:209,1
DA:221,45
DA:225,100
DA:233,1
DA:239,6
DA:259,270
DA:276,1
DA:302,16
DA:314,1
DA:326,1
LF:94
LH:92
BRDA:20,0,0,26
BRDA:20,0,1,9
BRDA:33,1,0,23
BRDA:33,1,1,2
BRDA:76,2,0,1
BRDA:76,2,1,0
BRDA:101,3,0,0
BRDA:101,3,1,8
BRDA:101,4,0,8
BRDA:101,4,1,0
BRDA:136,5,0,45
BRDA:136,5,1,45
BRDA:136,5,2,45
BRDA:136,5,3,45
BRDA:136,5,4,45
BRDA:136,5,5,45
BRDA:142,6,0,45
BRDA:142,6,1,31
BRDA:152,7,0,45
BRDA:152,7,1,44
BRDA:188,8,0,2
BRDA:188,8,1,2
BRDA:189,9,0,3
BRDA:189,9,1,1
BRDA:193,10,0,1
BRDA:193,10,1,0
BRDA:212,11,0,45
BRDA:212,11,1,0
BRDA:232,12,0,74
BRDA:232,12,1,26
BRDA:238,13,0,26
BRDA:238,13,1,74
BRDA:246,14,0,74
BRDA:246,14,1,26
BRDA:248,15,0,26
BRDA:248,15,1,48
BRDA:250,16,0,45
BRDA:250,16,1,3
BRDA:262,17,0,270
BRDA:262,17,1,90
BRDA:265,18,0,270
BRDA:265,18,1,45
BRDA:265,18,2,45
BRDA:286,19,0,4
BRDA:286,19,1,41
BRDA:297,20,0,9
BRDA:297,20,1,17
BRDA:299,21,0,8
BRDA:299,21,1,9
BRF:49
BRH:44
end_of_record
TN:
SF:src\pages\LearnerDashboard.jsx
FN:4,(anonymous_0)
FNF:1
FNH:1
FNDA:1,(anonymous_0)
DA:4,1
DA:5,1
LF:2
LH:2
BRF:0
BRH:0
end_of_record
TN:
SF:src\pages\LoginPage.jsx
FN:8,(anonymous_0)
FN:21,(anonymous_1)
FN:31,(anonymous_2)
FN:33,(anonymous_3)
FN:43,(anonymous_4)
FNF:5
FNH:5
FNDA:18,(anonymous_0)
FNDA:8,(anonymous_1)
FNDA:6,(anonymous_2)
FNDA:6,(anonymous_3)
FNDA:3,(anonymous_4)
DA:8,1
DA:9,18
DA:10,18
DA:13,18
DA:17,18
DA:18,18
DA:21,18
DA:22,8
DA:23,5
DA:24,2
DA:25,3
DA:26,3
DA:31,18
DA:32,6
DA:33,6
DA:38,6
DA:39,0
DA:43,18
DA:44,3
DA:47,3
DA:48,0
DA:49,0
DA:50,0
DA:53,3
DA:54,3
DA:56,3
DA:57,3
DA:59,2
DA:61,2
DA:69,2
DA:72,2
DA:73,1
DA:74,1
DA:75,1
DA:78,0
DA:82,1
DA:84,1
DA:85,1
DA:86,1
DA:87,1
DA:88,0
DA:89,0
DA:90,0
DA:91,0
DA:92,0
DA:93,0
DA:94,0
DA:96,0
DA:97,0
DA:98,0
DA:101,3
DA:105,18
LF:52
LH:37
BRDA:22,0,0,5
BRDA:22,0,1,3
BRDA:22,1,0,8
BRDA:22,1,1,5
BRDA:23,2,0,2
BRDA:23,2,1,3
BRDA:25,3,0,3
BRDA:25,3,1,0
BRDA:38,4,0,0
BRDA:38,4,1,6
BRDA:47,5,0,0
BRDA:47,5,1,3
BRDA:47,6,0,3
BRDA:47,6,1,3
BRDA:59,7,0,2
BRDA:59,7,1,0
BRDA:59,8,0,2
BRDA:59,8,1,2
BRDA:69,9,0,2
BRDA:69,9,1,0
BRDA:72,10,0,1
BRDA:72,10,1,1
BRDA:74,11,0,1
BRDA:74,11,1,0
BRDA:84,12,0,1
BRDA:84,12,1,0
BRDA:88,13,0,0
BRDA:88,13,1,0
BRDA:91,14,0,0
BRDA:91,14,1,0
BRDA:131,15,0,18
BRDA:131,15,1,1
BRDA:170,16,0,3
BRDA:170,16,1,15
BRF:34
BRH:23
end_of_record
TN:
SF:src\pages\PublicFormPage.jsx
FN:8,(anonymous_0)
FN:20,(anonymous_1)
FN:35,(anonymous_2)
FN:40,(anonymous_3)
FN:55,(anonymous_4)
FN:60,(anonymous_5)
FN:77,(anonymous_6)
FN:93,(anonymous_7)
FN:94,(anonymous_8)
FN:101,(anonymous_9)
FN:108,(anonymous_10)
FN:119,(anonymous_11)
FN:132,(anonymous_12)
FN:147,(anonymous_13)
FN:161,(anonymous_14)
FN:173,(anonymous_15)
FN:177,(anonymous_16)
FN:201,(anonymous_17)
FN:211,(anonymous_18)
FN:223,(anonymous_19)
FN:239,(anonymous_20)
FNF:21
FNH:12
FNDA:14,(anonymous_0)
FNDA:6,(anonymous_1)
FNDA:4,(anonymous_2)
FNDA:4,(anonymous_3)
FNDA:2,(anonymous_4)
FNDA:4,(anonymous_5)
FNDA:1,(anonymous_6)
FNDA:1,(anonymous_7)
FNDA:1,(anonymous_8)
FNDA:0,(anonymous_9)
FNDA:12,(anonymous_10)
FNDA:1,(anonymous_11)
FNDA:0,(anonymous_12)
FNDA:0,(anonymous_13)
FNDA:0,(anonymous_14)
FNDA:0,(anonymous_15)
FNDA:0,(anonymous_16)
FNDA:0,(anonymous_17)
FNDA:0,(anonymous_18)
FNDA:12,(anonymous_19)
FNDA:0,(anonymous_20)
DA:8,1
DA:9,14
DA:10,14
DA:11,14
DA:13,14
DA:14,13
DA:15,13
DA:16,13
DA:17,13
DA:18,13
DA:20,13
DA:21,6
DA:22,1
DA:23,1
DA:26,5
DA:27,1
DA:28,1
DA:29,1
DA:32,4
DA:35,13
DA:36,4
DA:37,4
DA:38,4
DA:39,4
DA:40,4
DA:42,4
DA:43,4
DA:45,0
DA:48,0
DA:49,0
DA:51,4
DA:55,13
DA:56,2
DA:59,2
DA:60,2
DA:61,4
DA:62,1
DA:66,2
DA:67,1
DA:68,1
DA:71,1
DA:72,1
DA:75,1
DA:77,1
DA:83,1
DA:84,1
DA:86,0
DA:87,0
DA:89,1
DA:93,13
DA:94,1
DA:100,1
DA:101,0
DA:108,13
DA:109,12
DA:110,12
DA:112,12
DA:114,6
DA:119,1
DA:128,0
DA:132,0
DA:142,6
DA:147,0
DA:156,0
DA:161,0
DA:169,0
DA:173,0
DA:178,0
DA:188,0
DA:192,13
DA:193,6
DA:196,7
DA:197,0
DA:201,0
DA:206,7
DA:207,1
DA:211,0
DA:216,6
DA:224,12
DA:239,0
LF:80
LH:61
BRDA:21,0,0,1
BRDA:21,0,1,5
BRDA:26,1,0,1
BRDA:26,1,1,4
BRDA:42,2,0,4
BRDA:42,2,1,0
BRDA:61,3,0,1
BRDA:61,3,1,3
BRDA:61,4,0,4
BRDA:61,4,1,2
BRDA:66,5,0,1
BRDA:66,5,1,1
BRDA:79,6,0,0
BRDA:79,6,1,1
BRDA:100,7,0,0
BRDA:100,7,1,1
BRDA:109,8,0,12
BRDA:109,8,1,10
BRDA:112,9,0,6
BRDA:112,9,1,0
BRDA:112,9,2,6
BRDA:112,9,3,0
BRDA:112,9,4,0
BRDA:112,9,5,0
BRDA:120,10,0,1
BRDA:120,10,1,5
BRDA:123,11,0,6
BRDA:123,11,1,1
BRDA:133,12,0,0
BRDA:133,12,1,0
BRDA:137,13,0,0
BRDA:137,13,1,0
BRDA:148,14,0,0
BRDA:148,14,1,6
BRDA:151,15,0,6
BRDA:151,15,1,0
BRDA:162,16,0,0
BRDA:162,16,1,0
BRDA:164,17,0,0
BRDA:164,17,1,0
BRDA:174,18,0,0
BRDA:174,18,1,0
BRDA:183,19,0,0
BRDA:183,19,1,0
BRDA:192,20,0,6
BRDA:192,20,1,7
BRDA:196,21,0,0
BRDA:196,21,1,7
BRDA:206,22,0,1
BRDA:206,22,1,6
BRDA:227,23,0,12
BRDA:227,23,1,6
BRDA:229,24,0,12
BRDA:229,24,1,0
BRDA:249,25,0,1
BRDA:249,25,1,5
BRF:56
BRH:33
end_of_record
TN:
SF:src\pages\RegisterPage.jsx
FN:7,(anonymous_0)
FN:23,(anonymous_1)
FN:29,(anonymous_2)
FN:67,(anonymous_3)
FN:69,(anonymous_4)
FN:76,(anonymous_5)
FN:83,(anonymous_6)
FN:106,(anonymous_7)
FNF:8
FNH:6
FNDA:14,(anonymous_0)
FNDA:4,(anonymous_1)
FNDA:3,(anonymous_2)
FNDA:6,(anonymous_3)
FNDA:6,(anonymous_4)
FNDA:0,(anonymous_5)
FNDA:3,(anonymous_6)
FNDA:0,(anonymous_7)
DA:7,1
DA:8,14
DA:9,14
DA:11,14
DA:18,14
DA:19,14
DA:20,14
DA:23,14
DA:24,4
DA:25,0
DA:29,14
DA:30,3
DA:33,3
DA:34,2
DA:35,1
DA:36,0
DA:40,3
DA:41,3
DA:42,2
DA:43,1
DA:44,0
DA:48,3
DA:49,1
DA:50,2
DA:51,0
DA:52,2
DA:53,0
DA:57,3
DA:58,1
DA:59,2
DA:60,1
DA:63,3
DA:64,3
DA:67,14
DA:68,6
DA:69,6
DA:75,6
DA:76,0
DA:83,14
DA:84,3
DA:86,3
DA:87,2
DA:90,1
DA:91,1
DA:93,1
DA:95,1
DA:102,1
DA:103,1
DA:106,1
DA:107,0
DA:115,0
DA:119,0
DA:122,0
DA:123,0
DA:124,0
DA:126,0
DA:129,0
DA:132,1
DA:136,14
LF:59
LH:45
BRDA:24,0,0,0
BRDA:24,0,1,4
BRDA:33,1,0,2
BRDA:33,1,1,1
BRDA:35,2,0,0
BRDA:35,2,1,1
BRDA:41,3,0,2
BRDA:41,3,1,1
BRDA:43,4,0,0
BRDA:43,4,1,1
BRDA:48,5,0,1
BRDA:48,5,1,2
BRDA:50,6,0,0
BRDA:50,6,1,2
BRDA:52,7,0,0
BRDA:52,7,1,2
BRDA:57,8,0,1
BRDA:57,8,1,2
BRDA:59,9,0,1
BRDA:59,9,1,1
BRDA:75,10,0,0
BRDA:75,10,1,6
BRDA:86,11,0,2
BRDA:86,11,1,1
BRDA:102,12,0,1
BRDA:102,12,1,0
BRDA:102,13,0,1
BRDA:102,13,1,1
BRDA:122,14,0,0
BRDA:122,14,1,0
BRDA:123,15,0,0
BRDA:123,15,1,0
BRDA:142,16,0,14
BRDA:142,16,1,0
BRDA:146,17,0,14
BRDA:146,17,1,1
BRDA:162,18,0,2
BRDA:162,18,1,12
BRDA:165,19,0,14
BRDA:165,19,1,2
BRDA:177,20,0,2
BRDA:177,20,1,12
BRDA:180,21,0,14
BRDA:180,21,1,2
BRDA:192,22,0,1
BRDA:192,22,1,13
BRDA:195,23,0,14
BRDA:195,23,1,1
BRDA:210,24,0,2
BRDA:210,24,1,12
BRDA:213,25,0,14
BRDA:213,25,1,2
BRDA:219,26,0,14
BRDA:219,26,1,13
BRDA:221,27,0,1
BRDA:221,27,1,13
BRF:56
BRH:44
end_of_record
TN:
SF:src\pages\ResponsesPage.jsx
FN:6,(anonymous_0)
FNF:1
FNH:0
FNDA:0,(anonymous_0)
DA:6,0
DA:7,0
DA:9,0
LF:3
LH:0
BRF:0
BRH:0
end_of_record
TN:
SF:src\pages\ViewFormPage.jsx
FN:25,(anonymous_0)
FN:38,(anonymous_1)
FN:44,(anonymous_2)
FN:69,(anonymous_3)
FN:79,(anonymous_4)
FN:87,(anonymous_5)
FN:94,(anonymous_6)
FN:106,(anonymous_7)
FN:111,(anonymous_8)
FN:140,(anonymous_9)
FN:154,(anonymous_10)
FN:165,(anonymous_11)
FN:191,(anonymous_12)
FN:192,(anonymous_13)
FN:195,(anonymous_14)
FN:202,(anonymous_15)
FN:207,(anonymous_16)
FN:209,(anonymous_17)
FN:212,(anonymous_18)
FN:213,(anonymous_19)
FN:226,(anonymous_20)
FN:233,(anonymous_21)
FN:278,(anonymous_22)
FN:280,(anonymous_23)
FN:293,(anonymous_24)
FN:297,(anonymous_25)
FN:298,(anonymous_26)
FN:303,(anonymous_27)
FN:312,(anonymous_28)
FN:322,(anonymous_29)
FN:327,(anonymous_30)
FN:335,(anonymous_31)
FN:355,(anonymous_32)
FN:388,(anonymous_33)
FN:394,(anonymous_34)
FN:400,(anonymous_35)
FN:413,(anonymous_36)
FN:467,(anonymous_37)
FN:473,(anonymous_38)
FN:504,(anonymous_39)
FN:505,(anonymous_40)
FN:526,(anonymous_41)
FN:529,(anonymous_42)
FN:533,(anonymous_43)
FN:541,(anonymous_44)
FN:551,(anonymous_45)
FN:567,(anonymous_46)
FN:586,(anonymous_47)
FN:588,(anonymous_48)
FN:595,(anonymous_49)
FN:595,(anonymous_50)
FN:602,(anonymous_51)
FN:602,(anonymous_52)
FN:618,(anonymous_53)
FN:635,(anonymous_54)
FN:684,(anonymous_55)
FN:688,(anonymous_56)
FN:742,(anonymous_57)
FNF:58
FNH:45
FNDA:108,(anonymous_0)
FNDA:152,(anonymous_1)
FNDA:152,(anonymous_2)
FNDA:45,(anonymous_3)
FNDA:45,(anonymous_4)
FNDA:79,(anonymous_5)
FNDA:82,(anonymous_6)
FNDA:37,(anonymous_7)
FNDA:81,(anonymous_8)
FNDA:0,(anonymous_9)
FNDA:12,(anonymous_10)
FNDA:6,(anonymous_11)
FNDA:0,(anonymous_12)
FNDA:0,(anonymous_13)
FNDA:0,(anonymous_14)
FNDA:48,(anonymous_15)
FNDA:1,(anonymous_16)
FNDA:1,(anonymous_17)
FNDA:2,(anonymous_18)
FNDA:9,(anonymous_19)
FNDA:4,(anonymous_20)
FNDA:12,(anonymous_21)
FNDA:33,(anonymous_22)
FNDA:33,(anonymous_23)
FNDA:1,(anonymous_24)
FNDA:10,(anonymous_25)
FNDA:10,(anonymous_26)
FNDA:2,(anonymous_27)
FNDA:4,(anonymous_28)
FNDA:0,(anonymous_29)
FNDA:0,(anonymous_30)
FNDA:0,(anonymous_31)
FNDA:124,(anonymous_32)
FNDA:0,(anonymous_33)
FNDA:5,(anonymous_34)
FNDA:28,(anonymous_35)
FNDA:1,(anonymous_36)
FNDA:0,(anonymous_37)
FNDA:4,(anonymous_38)
FNDA:2,(anonymous_39)
FNDA:1,(anonymous_40)
FNDA:2,(anonymous_41)
FNDA:1,(anonymous_42)
FNDA:1,(anonymous_43)
FNDA:48,(anonymous_44)
FNDA:10,(anonymous_45)
FNDA:1,(anonymous_46)
FNDA:1,(anonymous_47)
FNDA:35,(anonymous_48)
FNDA:0,(anonymous_49)
FNDA:0,(anonymous_50)
FNDA:0,(anonymous_51)
FNDA:0,(anonymous_52)
FNDA:1,(anonymous_53)
FNDA:31,(anonymous_54)
FNDA:2,(anonymous_55)
FNDA:1,(anonymous_56)
FNDA:1,(anonymous_57)
DA:25,1
DA:26,108
DA:27,108
DA:28,108
DA:29,108
DA:38,152
DA:44,152
DA:47,107
DA:52,107
DA:55,107
DA:56,107
DA:57,107
DA:58,107
DA:59,107
DA:60,107
DA:61,107
DA:62,107
DA:63,107
DA:65,107
DA:66,107
DA:69,107
DA:70,45
DA:79,107
DA:80,45
DA:81,45
DA:82,45
DA:87,107
DA:88,79
DA:89,79
DA:90,79
DA:94,107
DA:95,82
DA:96,31
DA:106,107
DA:107,37
DA:110,37
DA:111,34
DA:112,81
DA:117,34
DA:119,34
DA:120,8
DA:121,8
DA:125,26
DA:126,4
DA:127,4
DA:128,4
DA:130,0
DA:134,22
DA:139,3
DA:140,0
DA:141,0
DA:145,0
DA:146,0
DA:150,3
DA:154,107
DA:155,12
DA:156,6
DA:157,6
DA:165,107
DA:166,6
DA:169,6
DA:170,6
DA:171,4
DA:177,2
DA:181,0
DA:182,0
DA:183,0
DA:188,0
DA:190,0
DA:191,0
DA:192,0
DA:193,0
DA:195,0
DA:199,0
DA:202,107
DA:203,48
DA:204,38
DA:207,107
DA:208,1
DA:209,1
DA:212,107
DA:213,2
DA:214,9
DA:215,3
DA:220,6
DA:223,2
DA:226,107
DA:227,4
DA:228,4
DA:229,1
DA:230,1
DA:233,3
DA:234,12
DA:236,12
DA:256,3
DA:264,3
DA:266,2
DA:267,1
DA:268,1
DA:270,1
DA:273,1
DA:274,1
DA:278,107
DA:280,33
DA:281,33
DA:282,33
DA:283,3
DA:293,107
DA:294,1
DA:297,107
DA:298,10
DA:299,10
DA:300,10
DA:303,107
DA:304,2
DA:305,2
DA:306,1
DA:308,1
DA:312,107
DA:313,4
DA:314,1
DA:316,3
DA:317,3
DA:322,107
DA:323,0
DA:326,0
DA:327,0
DA:328,0
DA:335,0
DA:336,0
DA:337,0
DA:339,0
DA:340,0
DA:341,0
DA:344,0
DA:345,0
DA:347,0
DA:351,0
DA:355,124
DA:367,107
DA:368,1
DA:379,106
DA:388,0
DA:394,5
DA:400,28
DA:413,1
DA:467,0
DA:473,4
DA:504,2
DA:506,1
DA:507,1
DA:508,1
DA:526,2
DA:529,1
DA:533,1
DA:542,48
DA:551,10
DA:568,1
DA:569,1
DA:586,1
DA:589,35
DA:595,0
DA:602,0
DA:619,1
DA:620,1
DA:636,31
DA:638,31
DA:685,2
DA:688,1
DA:742,1
LF:170
LH:137
BRDA:47,0,0,2
BRDA:47,0,1,105
BRDA:47,1,0,107
BRDA:47,1,1,3
BRDA:80,2,0,45
BRDA:80,2,1,0
BRDA:95,3,0,31
BRDA:95,3,1,51
BRDA:95,4,0,82
BRDA:95,4,1,31
BRDA:107,5,0,0
BRDA:107,5,1,37
BRDA:110,6,0,34
BRDA:110,6,1,3
BRDA:110,7,0,37
BRDA:110,7,1,34
BRDA:112,8,0,81
BRDA:112,8,1,49
BRDA:112,8,2,48
BRDA:117,9,0,34
BRDA:117,9,1,0
BRDA:119,10,0,8
BRDA:119,10,1,26
BRDA:119,11,0,34
BRDA:119,11,1,28
BRDA:125,12,0,4
BRDA:125,12,1,22
BRDA:125,13,0,26
BRDA:125,13,1,20
BRDA:125,13,2,5
BRDA:134,14,0,22
BRDA:134,14,1,6
BRDA:139,15,0,0
BRDA:139,15,1,3
BRDA:139,16,0,3
BRDA:139,16,1,0
BRDA:141,17,0,0
BRDA:141,17,1,0
BRDA:145,18,0,0
BRDA:145,18,1,0
BRDA:146,19,0,0
BRDA:146,19,1,0
BRDA:146,19,2,0
BRDA:155,20,0,6
BRDA:155,20,1,6
BRDA:169,21,0,6
BRDA:169,21,1,0
BRDA:169,22,0,6
BRDA:169,22,1,2
BRDA:170,23,0,4
BRDA:170,23,1,2
BRDA:170,24,0,6
BRDA:170,24,1,4
BRDA:181,25,0,0
BRDA:181,25,1,0
BRDA:181,26,0,0
BRDA:181,26,1,0
BRDA:182,27,0,0
BRDA:182,27,1,0
BRDA:182,28,0,0
BRDA:182,28,1,0
BRDA:188,29,0,0
BRDA:188,29,1,0
BRDA:188,30,0,0
BRDA:188,30,1,0
BRDA:188,30,2,0
BRDA:188,30,3,0
BRDA:188,30,4,0
BRDA:190,31,0,0
BRDA:190,31,1,0
BRDA:190,32,0,0
BRDA:190,32,1,0
BRDA:193,33,0,0
BRDA:193,33,1,0
BRDA:193,33,2,0
BRDA:195,34,0,0
BRDA:195,34,1,0
BRDA:195,35,0,0
BRDA:195,35,1,0
BRDA:199,36,0,0
BRDA:199,36,1,0
BRDA:203,37,0,10
BRDA:203,37,1,38
BRDA:214,38,0,3
BRDA:214,38,1,6
BRDA:214,39,0,9
BRDA:214,39,1,5
BRDA:214,39,2,4
BRDA:214,39,3,3
BRDA:217,40,0,3
BRDA:217,40,1,2
BRDA:217,40,2,1
BRDA:228,41,0,1
BRDA:228,41,1,3
BRDA:234,42,0,12
BRDA:234,42,1,0
BRDA:234,42,2,0
BRDA:234,42,3,0
BRDA:237,43,0,12
BRDA:237,43,1,0
BRDA:238,44,0,12
BRDA:238,44,1,0
BRDA:239,45,0,12
BRDA:239,45,1,0
BRDA:243,46,0,12
BRDA:243,46,1,9
BRDA:244,47,0,12
BRDA:244,47,1,9
BRDA:247,48,0,12
BRDA:247,48,1,9
BRDA:250,49,0,12
BRDA:250,49,1,12
BRDA:251,50,0,12
BRDA:251,50,1,12
BRDA:252,51,0,12
BRDA:252,51,1,6
BRDA:260,52,0,3
BRDA:260,52,1,3
BRDA:266,53,0,1
BRDA:266,53,1,1
BRDA:274,54,0,1
BRDA:274,54,1,0
BRDA:282,55,0,3
BRDA:282,55,1,30
BRDA:282,56,0,33
BRDA:282,56,1,28
BRDA:313,57,0,1
BRDA:313,57,1,3
BRDA:314,58,0,1
BRDA:314,58,1,0
BRDA:326,59,0,0
BRDA:326,59,1,0
BRDA:328,60,0,0
BRDA:328,60,1,0
BRDA:328,60,2,0
BRDA:339,61,0,0
BRDA:339,61,1,0
BRDA:344,62,0,0
BRDA:344,62,1,0
BRDA:345,63,0,0
BRDA:345,63,1,0
BRDA:347,64,0,0
BRDA:347,64,1,0
BRDA:357,65,0,124
BRDA:357,65,1,62
BRDA:357,65,2,24
BRDA:358,66,0,124
BRDA:358,66,1,50
BRDA:361,67,0,124
BRDA:361,67,1,62
BRDA:361,67,2,58
BRDA:362,68,0,124
BRDA:362,68,1,40
BRDA:363,69,0,124
BRDA:363,69,1,40
BRDA:367,70,0,1
BRDA:367,70,1,106
BRDA:367,71,0,107
BRDA:367,71,1,1
BRDA:367,71,2,1
BRDA:387,72,0,45
BRDA:387,72,1,61
BRDA:393,73,0,8
BRDA:393,73,1,98
BRDA:399,74,0,53
BRDA:399,74,1,53
BRDA:408,75,0,106
BRDA:408,75,1,45
BRDA:410,76,0,45
BRDA:410,76,1,0
BRDA:422,77,0,106
BRDA:422,77,1,8
BRDA:422,77,2,8
BRDA:422,77,3,7
BRDA:427,78,0,7
BRDA:427,78,1,0
BRDA:429,79,0,7
BRDA:429,79,1,0
BRDA:430,80,0,7
BRDA:430,80,1,0
BRDA:446,81,0,0
BRDA:446,81,1,7
BRDA:453,82,0,106
BRDA:453,82,1,8
BRDA:453,82,2,8
BRDA:453,82,3,1
BRDA:461,83,0,106
BRDA:461,83,1,53
BRDA:466,84,0,38
BRDA:466,84,1,15
BRDA:472,85,0,15
BRDA:472,85,1,38
BRDA:479,86,0,38
BRDA:479,86,1,15
BRDA:480,87,0,3
BRDA:480,87,1,35
BRDA:506,88,0,1
BRDA:506,88,1,0
BRDA:527,89,0,35
BRDA:527,89,1,2
BRDA:527,90,0,1
BRDA:527,90,1,1
BRDA:530,91,0,35
BRDA:530,91,1,1
BRDA:530,92,0,1
BRDA:530,92,1,0
BRDA:534,93,0,35
BRDA:534,93,1,32
BRDA:534,94,0,1
BRDA:534,94,1,31
BRDA:543,95,0,48
BRDA:543,95,1,9
BRDA:544,96,0,48
BRDA:544,96,1,21
BRDA:545,97,0,48
BRDA:545,97,1,0
BRDA:547,98,0,48
BRDA:547,98,1,27
BRDA:577,99,0,35
BRDA:577,99,1,0
BRDA:588,100,0,35
BRDA:588,100,1,0
BRDA:592,101,0,35
BRDA:592,101,1,0
BRDA:613,102,0,12
BRDA:613,102,1,3
BRDA:628,103,0,12
BRDA:628,103,1,0
BRDA:634,104,0,11
BRDA:634,104,1,1
BRDA:634,105,0,12
BRDA:634,105,1,12
BRDA:639,106,0,31
BRDA:639,106,1,2
BRDA:642,107,0,31
BRDA:642,107,1,0
BRDA:643,108,0,31
BRDA:643,108,1,4
BRDA:646,109,0,31
BRDA:646,109,1,4
BRDA:650,110,0,3
BRDA:650,110,1,28
BRDA:650,111,0,31
BRDA:650,111,1,30
BRDA:650,111,2,29
BRDA:657,112,0,6
BRDA:657,112,1,22
BRDA:657,113,0,28
BRDA:657,113,1,24
BRDA:687,114,0,0
BRDA:687,114,1,2
BRDA:704,115,0,1
BRDA:704,115,1,2
BRDA:730,116,0,0
BRDA:730,116,1,53
BRDA:737,117,0,106
BRDA:737,117,1,1
BRF:257
BRH:180
end_of_record
TN:
SF:src\services\api.js
FN:14,(anonymous_0)
FN:21,(anonymous_1)
FN:28,(anonymous_2)
FN:29,(anonymous_3)
FNF:4
FNH:0
FNDA:0,(anonymous_0)
FNDA:0,(anonymous_1)
FNDA:0,(anonymous_2)
FNDA:0,(anonymous_3)
DA:3,18
DA:5,18
DA:13,18
DA:15,0
DA:16,0
DA:17,0
DA:19,0
DA:22,0
DA:27,17
DA:28,0
DA:31,0
DA:32,0
DA:33,0
DA:34,0
DA:36,0
LF:15
LH:4
BRDA:16,0,0,0
BRDA:16,0,1,0
BRDA:31,1,0,0
BRDA:31,1,1,0
BRDA:31,2,0,0
BRDA:31,2,1,0
BRF:6
BRH:0
end_of_record
TN:
SF:src\services\authService.js
FN:4,(anonymous_0)
FN:14,(anonymous_1)
FN:24,(anonymous_2)
FNF:3
FNH:3
FNDA:2,(anonymous_0)
FNDA:2,(anonymous_1)
FNDA:1,(anonymous_2)
DA:3,3
DA:5,2
DA:6,2
DA:7,1
DA:9,1
DA:10,1
DA:15,2
DA:16,2
DA:17,1
DA:19,1
DA:20,1
DA:25,1
DA:26,1
LF:13
LH:13
BRF:0
BRH:0
end_of_record
TN:
SF:src\services\formService.js
FN:6,(anonymous_0)
FN:26,(anonymous_1)
FN:37,(anonymous_2)
FN:48,(anonymous_3)
FN:59,(anonymous_4)
FN:70,(anonymous_5)
FN:99,(anonymous_6)
FN:110,(anonymous_7)
FN:121,(anonymous_8)
FNF:9
FNH:9
FNDA:2,(anonymous_0)
FNDA:2,(anonymous_1)
FNDA:2,(anonymous_2)
FNDA:2,(anonymous_3)
FNDA:1,(anonymous_4)
FNDA:6,(anonymous_5)
FNDA:2,(anonymous_6)
FNDA:2,(anonymous_7)
FNDA:2,(anonymous_8)
DA:4,6
DA:7,2
DA:8,2
DA:13,2
DA:14,0
DA:17,2
DA:18,1
DA:20,1
DA:21,1
DA:27,2
DA:28,2
DA:29,1
DA:31,1
DA:32,1
DA:38,2
DA:39,2
DA:40,1
DA:42,1
DA:43,1
DA:49,2
DA:50,2
DA:51,1
DA:53,1
DA:54,1
DA:60,1
DA:61,1
DA:63,1
DA:65,1
DA:66,1
DA:71,6
DA:72,6
DA:75,6
DA:77,3
DA:79,3
DA:80,2
DA:86,1
DA:88,4
DA:90,4
DA:91,2
DA:94,2
DA:100,2
DA:101,2
DA:102,1
DA:104,1
DA:105,1
DA:111,2
DA:112,2
DA:113,1
DA:115,1
DA:116,1
DA:122,2
DA:123,2
DA:125,1
DA:126,1
LF:54
LH:53
BRDA:6,0,0,1
BRDA:6,1,0,1
BRDA:6,2,0,2
BRDA:13,3,0,0
BRDA:13,3,1,2
BRDA:13,4,0,2
BRDA:13,4,1,0
BRDA:79,5,0,2
BRDA:79,5,1,1
BRDA:79,6,0,3
BRDA:79,6,1,2
BRDA:82,7,0,2
BRDA:82,7,1,1
BRDA:90,8,0,2
BRDA:90,8,1,2
BRDA:91,9,0,2
BRDA:91,9,1,1
BRDA:91,9,2,0
BRDA:121,10,0,2
BRDA:121,11,0,2
BRDA:121,12,0,2
BRF:21
BRH:18
end_of_record
TN:
SF:src\services\responseService.js
FN:5,(anonymous_0)
FN:25,(anonymous_1)
FN:46,(anonymous_2)
FN:57,(anonymous_3)
FN:68,(anonymous_4)
FN:89,(anonymous_5)
FN:100,(anonymous_6)
FN:113,(anonymous_7)
FN:124,(anonymous_8)
FN:124,(anonymous_9)
FN:144,(anonymous_10)
FNF:11
FNH:11
FNDA:6,(anonymous_0)
FNDA:5,(anonymous_1)
FNDA:2,(anonymous_2)
FNDA:2,(anonymous_3)
FNDA:4,(anonymous_4)
FNDA:2,(anonymous_5)
FNDA:6,(anonymous_6)
FNDA:4,(anonymous_7)
FNDA:4,(anonymous_8)
FNDA:24,(anonymous_9)
FNDA:3,(anonymous_10)
DA:3,13
DA:6,6
DA:7,6
DA:12,6
DA:13,2
DA:16,6
DA:17,5
DA:19,1
DA:20,1
DA:26,5
DA:27,5
DA:32,5
DA:33,2
DA:36,5
DA:37,4
DA:38,4
DA:40,1
DA:41,1
DA:47,2
DA:48,2
DA:49,1
DA:51,1
DA:52,1
DA:58,2
DA:59,2
DA:60,1
DA:62,1
DA:63,1
DA:69,4
DA:70,4
DA:75,4
DA:76,2
DA:79,4
DA:80,3
DA:81,3
DA:83,1
DA:84,1
DA:90,2
DA:91,2
DA:92,1
DA:94,1
DA:95,1
DA:101,6
DA:103,6
DA:104,5
DA:106,5
DA:107,2
DA:108,2
DA:112,3
DA:113,4
DA:122,3
DA:124,24
DA:128,3
DA:129,3
DA:130,3
DA:131,3
DA:132,3
DA:133,3
DA:134,3
DA:135,3
DA:136,3
DA:138,1
DA:139,1
DA:145,3
DA:146,3
DA:155,2
DA:157,1
DA:158,1
LF:68
LH:68
BRDA:5,0,0,2
BRDA:5,1,0,2
BRDA:5,2,0,3
BRDA:12,3,0,2
BRDA:12,3,1,4
BRDA:12,4,0,6
BRDA:12,4,1,3
BRDA:25,5,0,2
BRDA:25,6,0,2
BRDA:25,7,0,2
BRDA:32,8,0,2
BRDA:32,8,1,3
BRDA:32,9,0,5
BRDA:32,9,1,2
BRDA:68,10,0,2
BRDA:68,11,0,2
BRDA:68,12,0,2
BRDA:75,13,0,2
BRDA:75,13,1,2
BRDA:75,14,0,4
BRDA:75,14,1,2
BRDA:104,15,0,5
BRDA:104,15,1,1
BRDA:106,16,0,2
BRDA:106,16,1,3
BRDA:106,17,0,5
BRDA:106,17,1,5
BRDA:116,18,0,4
BRDA:116,18,1,2
BRDA:117,19,0,4
BRDA:117,19,1,3
BRDA:119,20,0,4
BRDA:119,20,1,3
BRF:33
BRH:33
end_of_record
TN:
SF:src\store\store.js
FN:12,(anonymous_0)
FNF:1
FNH:1
FNDA:1,(anonymous_0)
DA:6,1
DA:13,1
LF:2
LH:2
BRF:0
BRH:0
end_of_record
TN:
SF:src\store\slices\formBuilderSlice.js
FN:46,(anonymous_0)
FN:50,(anonymous_1)
FN:70,(anonymous_2)
FN:74,(anonymous_3)
FN:83,(anonymous_4)
FN:89,(anonymous_5)
FN:92,(anonymous_6)
FN:95,(anonymous_7)
FN:100,(anonymous_8)
FN:107,(anonymous_9)
FN:115,(anonymous_10)
FN:124,(anonymous_11)
FN:130,(anonymous_12)
FN:144,(anonymous_13)
FN:152,(anonymous_14)
FN:156,(anonymous_15)
FN:160,(anonymous_16)
FN:165,(anonymous_17)
FN:170,(anonymous_18)
FN:174,(anonymous_19)
FN:179,(anonymous_20)
FN:202,(anonymous_21)
FN:207,(anonymous_22)
FN:211,(anonymous_23)
FN:215,(anonymous_24)
FN:220,(anonymous_25)
FN:228,(anonymous_26)
FNF:27
FNH:27
FNDA:1,(anonymous_0)
FNDA:4,(anonymous_1)
FNDA:1,(anonymous_2)
FNDA:2,(anonymous_3)
FNDA:1,(anonymous_4)
FNDA:1,(anonymous_5)
FNDA:3,(anonymous_6)
FNDA:2,(anonymous_7)
FNDA:2,(anonymous_8)
FNDA:1,(anonymous_9)
FNDA:3,(anonymous_10)
FNDA:4,(anonymous_11)
FNDA:3,(anonymous_12)
FNDA:3,(anonymous_13)
FNDA:1,(anonymous_14)
FNDA:5,(anonymous_15)
FNDA:2,(anonymous_16)
FNDA:1,(anonymous_17)
FNDA:8,(anonymous_18)
FNDA:39,(anonymous_19)
FNDA:12,(anonymous_20)
FNDA:1,(anonymous_21)
FNDA:1,(anonymous_22)
FNDA:1,(anonymous_23)
FNDA:1,(anonymous_24)
FNDA:2,(anonymous_25)
FNDA:1,(anonymous_26)
DA:3,5
DA:41,5
DA:47,1
DA:51,4
DA:54,4
DA:55,1
DA:57,3
DA:58,1
DA:61,2
DA:64,2
DA:65,1
DA:71,1
DA:76,2
DA:80,2
DA:85,1
DA:86,1
DA:91,1
DA:92,3
DA:95,1
DA:96,2
DA:102,2
DA:107,1
DA:112,2
DA:117,3
DA:118,3
DA:120,3
DA:121,2
DA:124,2
DA:125,4
DA:132,3
DA:134,3
DA:135,2
DA:138,1
DA:139,1
DA:141,1
DA:142,1
DA:144,1
DA:145,3
DA:148,1
DA:153,1
DA:157,5
DA:162,2
DA:166,1
DA:171,8
DA:175,39
DA:180,12
DA:183,12
DA:184,3
DA:185,9
DA:186,1
DA:187,8
DA:188,1
DA:191,12
DA:192,6
DA:193,6
DA:194,1
DA:195,5
DA:196,1
DA:199,12
DA:203,1
DA:208,1
DA:212,1
DA:216,1
DA:221,2
DA:222,2
DA:223,2
DA:224,2
DA:228,1
DA:255,5
LF:69
LH:69
BRDA:54,0,0,1
BRDA:54,0,1,3
BRDA:54,1,0,4
BRDA:54,1,1,3
BRDA:57,2,0,1
BRDA:57,2,1,2
BRDA:57,3,0,3
BRDA:57,3,1,1
BRDA:64,4,0,1
BRDA:64,4,1,1
BRDA:118,5,0,2
BRDA:118,5,1,1
BRDA:120,6,0,2
BRDA:120,6,1,1
BRDA:120,7,0,3
BRDA:120,7,1,2
BRDA:134,8,0,2
BRDA:134,8,1,1
BRDA:134,9,0,3
BRDA:134,9,1,2
BRDA:183,10,0,3
BRDA:183,10,1,9
BRDA:185,11,0,1
BRDA:185,11,1,8
BRDA:187,12,0,1
BRDA:187,12,1,7
BRDA:191,13,0,6
BRDA:191,13,1,6
BRDA:193,14,0,1
BRDA:193,14,1,5
BRDA:195,15,0,1
BRDA:195,15,1,4
BRF:32
BRH:32
end_of_record
TN:
SF:src\store\slices\formSlice.js
FN:7,(anonymous_0)
FN:15,(anonymous_1)
FN:38,(anonymous_2)
FN:41,(anonymous_3)
FN:44,(anonymous_4)
FN:56,(anonymous_5)
FN:59,(anonymous_6)
FN:63,(anonymous_7)
FN:82,(anonymous_8)
FN:108,(anonymous_9)
FN:113,(anonymous_10)
FN:116,(anonymous_11)
FN:119,(anonymous_12)
FNF:13
FNH:11
FNDA:0,(anonymous_0)
FNDA:0,(anonymous_1)
FNDA:1,(anonymous_2)
FNDA:1,(anonymous_3)
FNDA:1,(anonymous_4)
FNDA:2,(anonymous_5)
FNDA:1,(anonymous_6)
FNDA:3,(anonymous_7)
FNDA:4,(anonymous_8)
FNDA:1,(anonymous_9)
FNDA:1,(anonymous_10)
FNDA:1,(anonymous_11)
FNDA:1,(anonymous_12)
DA:5,2
DA:8,0
DA:9,0
DA:13,2
DA:16,0
DA:17,0
DA:21,2
DA:39,1
DA:42,1
DA:45,1
DA:46,1
DA:52,1
DA:53,1
DA:57,2
DA:60,1
DA:61,1
DA:64,3
DA:66,3
DA:67,3
DA:70,3
DA:78,3
DA:79,3
DA:81,3
DA:82,2
DA:83,4
DA:98,4
DA:99,4
DA:102,1
DA:105,3
DA:106,3
DA:109,1
DA:110,1
DA:114,1
DA:117,1
DA:120,1
DA:125,2
LF:36
LH:32
BRDA:9,0,0,0
BRDA:9,0,1,0
BRDA:71,1,0,3
BRDA:71,1,1,2
BRDA:72,2,0,3
BRDA:72,2,1,2
BRDA:73,3,0,1
BRDA:73,3,1,2
BRDA:74,4,0,3
BRDA:74,4,1,2
BRDA:78,5,0,3
BRDA:78,5,1,1
BRDA:81,6,0,2
BRDA:81,6,1,1
BRDA:81,7,0,3
BRDA:81,7,1,3
BRDA:84,8,0,4
BRDA:84,8,1,3
BRDA:84,8,2,2
BRDA:84,8,3,1
BRDA:85,9,0,4
BRDA:85,9,1,3
BRDA:86,10,0,4
BRDA:86,10,1,2
BRDA:86,10,2,1
BRDA:86,10,3,0
BRDA:87,11,0,4
BRDA:87,11,1,3
BRDA:88,12,0,4
BRDA:88,12,1,3
BRDA:89,13,0,4
BRDA:89,13,1,3
BRDA:90,14,0,1
BRDA:90,14,1,3
BRDA:91,15,0,1
BRDA:91,15,1,3
BRDA:92,16,0,4
BRDA:92,16,1,3
BRDA:93,17,0,4
BRDA:93,17,1,3
BRDA:94,18,0,4
BRDA:94,18,1,3
BRDA:95,19,0,4
BRDA:95,19,1,3
BRDA:96,20,0,4
BRDA:96,20,1,4
BRF:46
BRH:43
end_of_record
TN:
SF:src\store\slices\responseSlice.js
FN:6,(anonymous_0)
FN:11,(anonymous_1)
FN:40,(anonymous_2)
FN:46,(anonymous_3)
FN:48,(anonymous_4)
FN:51,(anonymous_5)
FN:57,(anonymous_6)
FNF:7
FNH:5
FNDA:0,(anonymous_0)
FNDA:0,(anonymous_1)
FNDA:1,(anonymous_2)
FNDA:2,(anonymous_3)
FNDA:1,(anonymous_4)
FNDA:1,(anonymous_5)
FNDA:1,(anonymous_6)
DA:4,2
DA:7,0
DA:8,0
DA:11,0
DA:22,0
DA:30,2
DA:41,1
DA:42,1
DA:43,1
DA:47,2
DA:49,1
DA:52,1
DA:53,1
DA:54,1
DA:55,1
DA:58,1
DA:59,1
DA:60,1
DA:61,1
DA:66,2
LF:20
LH:16
BRDA:11,0,0,0
BRDA:11,0,1,0
BRDA:12,1,0,0
BRDA:12,1,1,0
BRDA:13,2,0,0
BRDA:13,2,1,0
BRDA:13,2,2,0
BRDA:13,2,3,0
BRDA:14,3,0,0
BRDA:14,3,1,0
BRDA:14,3,2,0
BRDA:15,4,0,0
BRDA:15,4,1,0
BRDA:15,4,2,0
BRDA:15,4,3,0
BRDA:16,5,0,0
BRDA:16,5,1,0
BRDA:17,6,0,0
BRDA:17,6,1,0
BRDA:17,6,2,0
BRDA:24,7,0,0
BRDA:24,7,1,0
BRF:22
BRH:0
end_of_record
TN:
SF:src\store\thunks\formBuilderThunks.js
FN:15,(anonymous_0)
FN:41,(anonymous_1)
FN:59,(anonymous_2)
FN:77,(anonymous_3)
FN:113,(anonymous_4)
FN:141,(anonymous_5)
FN:170,(anonymous_6)
FN:180,(anonymous_7)
FN:184,(anonymous_8)
FN:211,(anonymous_9)
FN:229,(anonymous_10)
FN:233,(anonymous_11)
FN:263,(anonymous_12)
FNF:13
FNH:11
FNDA:3,(anonymous_0)
FNDA:2,(anonymous_1)
FNDA:2,(anonymous_2)
FNDA:6,(anonymous_3)
FNDA:1,(anonymous_4)
FNDA:6,(anonymous_5)
FNDA:0,(anonymous_6)
FNDA:6,(anonymous_7)
FNDA:1,(anonymous_8)
FNDA:5,(anonymous_9)
FNDA:3,(anonymous_10)
FNDA:0,(anonymous_11)
FNDA:4,(anonymous_12)
DA:13,1
DA:16,3
DA:17,3
DA:18,3
DA:20,2
DA:21,1
DA:28,2
DA:30,1
DA:31,1
DA:33,3
DA:39,1
DA:42,2
DA:43,2
DA:44,2
DA:45,1
DA:46,1
DA:48,1
DA:49,1
DA:51,2
DA:57,1
DA:60,2
DA:61,2
DA:62,2
DA:63,1
DA:64,1
DA:66,1
DA:67,1
DA:69,2
DA:75,1
DA:78,6
DA:79,6
DA:82,6
DA:83,1
DA:84,1
DA:85,1
DA:88,5
DA:89,5
DA:90,5
DA:93,5
DA:94,3
DA:95,2
DA:96,2
DA:98,2
DA:102,4
DA:103,4
DA:113,4
DA:114,4
DA:115,1
DA:117,3
DA:120,4
DA:123,4
DA:124,2
DA:127,4
DA:128,4
DA:130,1
DA:131,1
DA:133,5
DA:139,1
DA:142,6
DA:143,6
DA:145,6
DA:146,1
DA:147,1
DA:150,5
DA:151,1
DA:152,1
DA:155,4
DA:156,4
DA:159,4
DA:160,4
DA:170,4
DA:171,4
DA:172,0
DA:174,4
DA:177,4
DA:180,6
DA:184,1
DA:196,4
DA:197,4
DA:198,3
DA:200,1
DA:201,1
DA:203,4
DA:209,1
DA:212,5
DA:213,5
DA:215,5
DA:216,1
DA:217,1
DA:220,4
DA:221,1
DA:222,1
DA:225,3
DA:226,3
DA:229,3
DA:233,0
DA:245,3
DA:247,3
DA:248,3
DA:250,1
DA:252,2
DA:253,2
DA:255,3
DA:261,1
DA:264,4
DA:265,4
DA:267,4
DA:268,4
DA:269,4
DA:271,3
DA:272,3
DA:274,3
DA:275,2
DA:276,1
DA:278,1
DA:281,2
DA:283,3
DA:284,3
DA:286,3
LF:119
LH:117
BRDA:20,0,0,1
BRDA:20,0,1,1
BRDA:22,1,0,1
BRDA:22,1,1,0
BRDA:23,2,0,1
BRDA:23,2,1,0
BRDA:24,3,0,1
BRDA:24,3,1,0
BRDA:82,4,0,1
BRDA:82,4,1,5
BRDA:85,5,0,1
BRDA:85,5,1,0
BRDA:93,6,0,3
BRDA:93,6,1,2
BRDA:102,7,0,4
BRDA:102,7,1,3
BRDA:114,8,0,1
BRDA:114,8,1,3
BRDA:123,9,0,2
BRDA:123,9,1,2
BRDA:123,10,0,4
BRDA:123,10,1,2
BRDA:145,11,0,1
BRDA:145,11,1,5
BRDA:150,12,0,1
BRDA:150,12,1,4
BRDA:159,13,0,4
BRDA:159,13,1,4
BRDA:171,14,0,0
BRDA:171,14,1,4
BRDA:181,15,0,6
BRDA:181,15,1,5
BRDA:181,15,2,4
BRDA:182,16,0,6
BRDA:182,16,1,1
BRDA:182,16,2,0
BRDA:184,17,0,6
BRDA:184,17,1,5
BRDA:184,18,0,1
BRDA:184,18,1,0
BRDA:185,19,0,6
BRDA:185,19,1,5
BRDA:186,20,0,6
BRDA:186,20,1,5
BRDA:187,21,0,6
BRDA:187,21,1,5
BRDA:189,22,0,6
BRDA:189,22,1,5
BRDA:189,22,2,5
BRDA:190,23,0,6
BRDA:190,23,1,5
BRDA:191,24,0,6
BRDA:191,24,1,6
BRDA:192,25,0,6
BRDA:192,25,1,5
BRDA:193,26,0,6
BRDA:193,26,1,6
BRDA:215,27,0,1
BRDA:215,27,1,4
BRDA:220,28,0,1
BRDA:220,28,1,3
BRDA:220,29,0,4
BRDA:220,29,1,4
BRDA:230,30,0,3
BRDA:230,30,1,2
BRDA:230,30,2,2
BRDA:231,31,0,3
BRDA:231,31,1,0
BRDA:231,31,2,0
BRDA:233,32,0,3
BRDA:233,32,1,3
BRDA:233,33,0,0
BRDA:233,33,1,0
BRDA:234,34,0,3
BRDA:234,34,1,2
BRDA:235,35,0,3
BRDA:235,35,1,3
BRDA:236,36,0,3
BRDA:236,36,1,3
BRDA:238,37,0,3
BRDA:238,37,1,3
BRDA:238,37,2,3
BRDA:239,38,0,3
BRDA:239,38,1,3
BRDA:240,39,0,3
BRDA:240,39,1,3
BRDA:241,40,0,3
BRDA:241,40,1,3
BRDA:242,41,0,3
BRDA:242,41,1,3
BRDA:252,42,0,2
BRDA:252,42,1,1
BRDA:269,43,0,1
BRDA:269,43,1,3
BRDA:274,44,0,2
BRDA:274,44,1,1
BRF:96
BRH:85
end_of_record
TN:
SF:src\utils\constants.js
FNF:0
FNH:0
DA:1,0
DA:7,0
DA:19,0
DA:24,0
DA:26,0
LF:5
LH:0
BRDA:2,0,0,0
BRDA:2,0,1,0
BRF:2
BRH:0
end_of_record
TN:
SF:src\utils\helpers.js
FN:2,(anonymous_0)
FN:7,(anonymous_1)
FN:14,(anonymous_2)
FN:20,(anonymous_3)
FN:22,executedFunction
FN:23,(anonymous_5)
FN:33,(anonymous_6)
FN:38,(anonymous_7)
FN:43,(anonymous_8)
FN:49,(anonymous_9)
FNF:10
FNH:9
FNDA:3,(anonymous_0)
FNDA:0,(anonymous_1)
FNDA:9,(anonymous_2)
FNDA:2,(anonymous_3)
FNDA:4,executedFunction
FNDA:2,(anonymous_5)
FNDA:3,(anonymous_6)
FNDA:4,(anonymous_7)
FNDA:4,(anonymous_8)
FNDA:10,(anonymous_9)
DA:2,1
DA:3,3
DA:7,1
DA:8,0
DA:9,0
DA:10,0
DA:14,1
DA:15,9
DA:16,9
DA:20,1
DA:22,2
DA:23,4
DA:24,2
DA:25,2
DA:27,4
DA:28,4
DA:33,1
DA:34,3
DA:38,1
DA:39,4
DA:43,1
DA:44,4
DA:45,1
DA:49,1
DA:50,10
DA:86,10
LF:26
LH:23
BRDA:8,0,0,0
BRDA:8,0,1,0
BRDA:44,1,0,3
BRDA:44,1,1,1
BRDA:86,2,0,10
BRDA:86,2,1,1
BRF:6
BRH:4
end_of_record
